Training nuLLM NANO on tiny...
Device: cpu
Text length: 182 chars
Vocab size: 26
Model params: 20,864 (0.02M)

Training...
Epoch 1/500 | Batch 0 | Loss: 3.3861
Epoch 1/500 | Batch 10 | Loss: 3.0877
Epoch 1/500 | Batch 20 | Loss: 2.8122
Epoch 1/500 | Batch 30 | Loss: 2.7040
Epoch 1 | Avg Loss: 2.9829
Epoch 2/500 | Batch 0 | Loss: 2.7218
Epoch 2/500 | Batch 10 | Loss: 2.6299
Epoch 2/500 | Batch 20 | Loss: 2.6048
Epoch 2/500 | Batch 30 | Loss: 2.5929
Epoch 2 | Avg Loss: 2.6186
Epoch 3/500 | Batch 0 | Loss: 2.5207
Epoch 3/500 | Batch 10 | Loss: 2.4586
Epoch 3/500 | Batch 20 | Loss: 2.3534
Epoch 3/500 | Batch 30 | Loss: 2.3942
Epoch 3 | Avg Loss: 2.4185
Epoch 4/500 | Batch 0 | Loss: 2.2634
Epoch 4/500 | Batch 10 | Loss: 2.2157
Epoch 4/500 | Batch 20 | Loss: 2.2005
Epoch 4/500 | Batch 30 | Loss: 2.1256
Epoch 4 | Avg Loss: 2.2159
Epoch 5/500 | Batch 0 | Loss: 2.0650
Epoch 5/500 | Batch 10 | Loss: 2.1453
Epoch 5/500 | Batch 20 | Loss: 2.0326
Epoch 5/500 | Batch 30 | Loss: 2.0247
Epoch 5 | Avg Loss: 2.0581
Epoch 6/500 | Batch 0 | Loss: 2.0424
Epoch 6/500 | Batch 10 | Loss: 1.8868
Epoch 6/500 | Batch 20 | Loss: 1.9141
Epoch 6/500 | Batch 30 | Loss: 1.9574
Epoch 6 | Avg Loss: 1.9267
Epoch 7/500 | Batch 0 | Loss: 1.9365
Epoch 7/500 | Batch 10 | Loss: 1.8614
Epoch 7/500 | Batch 20 | Loss: 1.6824
Epoch 7/500 | Batch 30 | Loss: 1.9117
Epoch 7 | Avg Loss: 1.8178
Epoch 8/500 | Batch 0 | Loss: 1.6962
Epoch 8/500 | Batch 10 | Loss: 1.7485
Epoch 8/500 | Batch 20 | Loss: 1.7664
Epoch 8/500 | Batch 30 | Loss: 1.8978
Epoch 8 | Avg Loss: 1.7132
Epoch 9/500 | Batch 0 | Loss: 1.7252
Epoch 9/500 | Batch 10 | Loss: 1.7242
Epoch 9/500 | Batch 20 | Loss: 1.6947
Epoch 9/500 | Batch 30 | Loss: 1.4972
Epoch 9 | Avg Loss: 1.6382
Epoch 10/500 | Batch 0 | Loss: 1.5201
Epoch 10/500 | Batch 10 | Loss: 1.5656
Epoch 10/500 | Batch 20 | Loss: 1.5783
Epoch 10/500 | Batch 30 | Loss: 1.6129
Epoch 10 | Avg Loss: 1.5637
Epoch 11/500 | Batch 0 | Loss: 1.6201
Epoch 11/500 | Batch 10 | Loss: 1.4496
Epoch 11/500 | Batch 20 | Loss: 1.6104
Epoch 11/500 | Batch 30 | Loss: 1.4805
Epoch 11 | Avg Loss: 1.4964
Epoch 12/500 | Batch 0 | Loss: 1.3949
Epoch 12/500 | Batch 10 | Loss: 1.3622
Epoch 12/500 | Batch 20 | Loss: 1.4166
Epoch 12/500 | Batch 30 | Loss: 1.5700
Epoch 12 | Avg Loss: 1.4573
Epoch 13/500 | Batch 0 | Loss: 1.3425
Epoch 13/500 | Batch 10 | Loss: 1.4892
Epoch 13/500 | Batch 20 | Loss: 1.3398
Epoch 13/500 | Batch 30 | Loss: 1.4447
Epoch 13 | Avg Loss: 1.4096
Epoch 14/500 | Batch 0 | Loss: 1.3603
Epoch 14/500 | Batch 10 | Loss: 1.3539
Epoch 14/500 | Batch 20 | Loss: 1.3886
Epoch 14/500 | Batch 30 | Loss: 1.3269
Epoch 14 | Avg Loss: 1.3737
Epoch 15/500 | Batch 0 | Loss: 1.3157
Epoch 15/500 | Batch 10 | Loss: 1.1973
Epoch 15/500 | Batch 20 | Loss: 1.3477
Epoch 15/500 | Batch 30 | Loss: 1.3358
Epoch 15 | Avg Loss: 1.3281
Epoch 16/500 | Batch 0 | Loss: 1.2957
Epoch 16/500 | Batch 10 | Loss: 1.3091
Epoch 16/500 | Batch 20 | Loss: 1.3148
Epoch 16/500 | Batch 30 | Loss: 1.3749
Epoch 16 | Avg Loss: 1.3070
Epoch 17/500 | Batch 0 | Loss: 1.1973
Epoch 17/500 | Batch 10 | Loss: 1.1941
Epoch 17/500 | Batch 20 | Loss: 1.1679
Epoch 17/500 | Batch 30 | Loss: 1.1808
Epoch 17 | Avg Loss: 1.2631
Epoch 18/500 | Batch 0 | Loss: 1.2659
Epoch 18/500 | Batch 10 | Loss: 1.3407
Epoch 18/500 | Batch 20 | Loss: 1.1995
Epoch 18/500 | Batch 30 | Loss: 1.1326
Epoch 18 | Avg Loss: 1.2289
Epoch 19/500 | Batch 0 | Loss: 1.2730
Epoch 19/500 | Batch 10 | Loss: 1.0728
Epoch 19/500 | Batch 20 | Loss: 1.1438
Epoch 19/500 | Batch 30 | Loss: 1.2287
Epoch 19 | Avg Loss: 1.2039
Epoch 20/500 | Batch 0 | Loss: 1.2757
Epoch 20/500 | Batch 10 | Loss: 1.1267
Epoch 20/500 | Batch 20 | Loss: 1.0547
Epoch 20/500 | Batch 30 | Loss: 1.3090
Epoch 20 | Avg Loss: 1.1913
Epoch 21/500 | Batch 0 | Loss: 1.2078
Epoch 21/500 | Batch 10 | Loss: 1.2840
Epoch 21/500 | Batch 20 | Loss: 1.0455
Epoch 21/500 | Batch 30 | Loss: 1.1179
Epoch 21 | Avg Loss: 1.1506
Epoch 22/500 | Batch 0 | Loss: 1.2166
Epoch 22/500 | Batch 10 | Loss: 0.9429
Epoch 22/500 | Batch 20 | Loss: 1.2704
Epoch 22/500 | Batch 30 | Loss: 1.0895
Epoch 22 | Avg Loss: 1.1206
Epoch 23/500 | Batch 0 | Loss: 1.0882
Epoch 23/500 | Batch 10 | Loss: 1.1003
Epoch 23/500 | Batch 20 | Loss: 1.1013
Epoch 23/500 | Batch 30 | Loss: 1.2126
Epoch 23 | Avg Loss: 1.0998
Epoch 24/500 | Batch 0 | Loss: 0.9959
Epoch 24/500 | Batch 10 | Loss: 1.1260
Epoch 24/500 | Batch 20 | Loss: 1.0333
Epoch 24/500 | Batch 30 | Loss: 1.0124
Epoch 24 | Avg Loss: 1.0510
Epoch 25/500 | Batch 0 | Loss: 1.0621
Epoch 25/500 | Batch 10 | Loss: 1.0194
Epoch 25/500 | Batch 20 | Loss: 0.9690
Epoch 25/500 | Batch 30 | Loss: 1.1054
Epoch 25 | Avg Loss: 1.0139
Epoch 26/500 | Batch 0 | Loss: 0.9701
Epoch 26/500 | Batch 10 | Loss: 0.9974
Epoch 26/500 | Batch 20 | Loss: 0.9075
Epoch 26/500 | Batch 30 | Loss: 0.9039
Epoch 26 | Avg Loss: 0.9902
Epoch 27/500 | Batch 0 | Loss: 0.8826
Epoch 27/500 | Batch 10 | Loss: 1.0953
Epoch 27/500 | Batch 20 | Loss: 0.9293
Epoch 27/500 | Batch 30 | Loss: 0.8699
Epoch 27 | Avg Loss: 0.9311
Epoch 28/500 | Batch 0 | Loss: 0.8555
Epoch 28/500 | Batch 10 | Loss: 0.9527
Epoch 28/500 | Batch 20 | Loss: 0.8996
Epoch 28/500 | Batch 30 | Loss: 0.8621
Epoch 28 | Avg Loss: 0.8720
Epoch 29/500 | Batch 0 | Loss: 0.8500
Epoch 29/500 | Batch 10 | Loss: 0.7831
Epoch 29/500 | Batch 20 | Loss: 0.7853
Epoch 29/500 | Batch 30 | Loss: 0.7241
Epoch 29 | Avg Loss: 0.8329
Epoch 30/500 | Batch 0 | Loss: 0.8781
Epoch 30/500 | Batch 10 | Loss: 0.7767
Epoch 30/500 | Batch 20 | Loss: 0.7340
Epoch 30/500 | Batch 30 | Loss: 0.6756
Epoch 30 | Avg Loss: 0.7748
Epoch 31/500 | Batch 0 | Loss: 0.7938
Epoch 31/500 | Batch 10 | Loss: 0.8148
Epoch 31/500 | Batch 20 | Loss: 0.7577
Epoch 31/500 | Batch 30 | Loss: 0.7981
Epoch 31 | Avg Loss: 0.7341
Epoch 32/500 | Batch 0 | Loss: 0.6187
Epoch 32/500 | Batch 10 | Loss: 0.7045
Epoch 32/500 | Batch 20 | Loss: 0.5544
Epoch 32/500 | Batch 30 | Loss: 0.6557
Epoch 32 | Avg Loss: 0.6689
Epoch 33/500 | Batch 0 | Loss: 0.6986
Epoch 33/500 | Batch 10 | Loss: 0.5248
Epoch 33/500 | Batch 20 | Loss: 0.6502
Epoch 33/500 | Batch 30 | Loss: 0.5549
Epoch 33 | Avg Loss: 0.6052
Epoch 34/500 | Batch 0 | Loss: 0.5435
Epoch 34/500 | Batch 10 | Loss: 0.5643
Epoch 34/500 | Batch 20 | Loss: 0.6035
Epoch 34/500 | Batch 30 | Loss: 0.5860
Epoch 34 | Avg Loss: 0.5703
Epoch 35/500 | Batch 0 | Loss: 0.4597
Epoch 35/500 | Batch 10 | Loss: 0.4732
Epoch 35/500 | Batch 20 | Loss: 0.5167
Epoch 35/500 | Batch 30 | Loss: 0.5101
Epoch 35 | Avg Loss: 0.5174
Epoch 36/500 | Batch 0 | Loss: 0.4561
Epoch 36/500 | Batch 10 | Loss: 0.4691
Epoch 36/500 | Batch 20 | Loss: 0.5272
Epoch 36/500 | Batch 30 | Loss: 0.5216
Epoch 36 | Avg Loss: 0.4730
Epoch 37/500 | Batch 0 | Loss: 0.4133
Epoch 37/500 | Batch 10 | Loss: 0.4171
Epoch 37/500 | Batch 20 | Loss: 0.4281
Epoch 37/500 | Batch 30 | Loss: 0.4427
Epoch 37 | Avg Loss: 0.4330
Epoch 38/500 | Batch 0 | Loss: 0.3050
Epoch 38/500 | Batch 10 | Loss: 0.3626
Epoch 38/500 | Batch 20 | Loss: 0.3343
Epoch 38/500 | Batch 30 | Loss: 0.3604
Epoch 38 | Avg Loss: 0.3933
Epoch 39/500 | Batch 0 | Loss: 0.3125
Epoch 39/500 | Batch 10 | Loss: 0.3169
Epoch 39/500 | Batch 20 | Loss: 0.4290
Epoch 39/500 | Batch 30 | Loss: 0.3141
Epoch 39 | Avg Loss: 0.3486
Epoch 40/500 | Batch 0 | Loss: 0.2804
Epoch 40/500 | Batch 10 | Loss: 0.3034
Epoch 40/500 | Batch 20 | Loss: 0.3299
Epoch 40/500 | Batch 30 | Loss: 0.2979
Epoch 40 | Avg Loss: 0.3167
Epoch 41/500 | Batch 0 | Loss: 0.3031
Epoch 41/500 | Batch 10 | Loss: 0.3607
Epoch 41/500 | Batch 20 | Loss: 0.3548
Epoch 41/500 | Batch 30 | Loss: 0.1277
Epoch 41 | Avg Loss: 0.2955
Epoch 42/500 | Batch 0 | Loss: 0.3463
Epoch 42/500 | Batch 10 | Loss: 0.3243
Epoch 42/500 | Batch 20 | Loss: 0.2457
Epoch 42/500 | Batch 30 | Loss: 0.2750
Epoch 42 | Avg Loss: 0.2711
Epoch 43/500 | Batch 0 | Loss: 0.2895
Epoch 43/500 | Batch 10 | Loss: 0.2552
Epoch 43/500 | Batch 20 | Loss: 0.3016
Epoch 43/500 | Batch 30 | Loss: 0.2291
Epoch 43 | Avg Loss: 0.2471
Epoch 44/500 | Batch 0 | Loss: 0.2154
Epoch 44/500 | Batch 10 | Loss: 0.1191
Epoch 44/500 | Batch 20 | Loss: 0.1646
Epoch 44/500 | Batch 30 | Loss: 0.2453
Epoch 44 | Avg Loss: 0.2216
Epoch 45/500 | Batch 0 | Loss: 0.1423
Epoch 45/500 | Batch 10 | Loss: 0.2173
Epoch 45/500 | Batch 20 | Loss: 0.1845
Epoch 45/500 | Batch 30 | Loss: 0.2012
Epoch 45 | Avg Loss: 0.1964
Epoch 46/500 | Batch 0 | Loss: 0.1705
Epoch 46/500 | Batch 10 | Loss: 0.1970
Epoch 46/500 | Batch 20 | Loss: 0.3286
Epoch 46/500 | Batch 30 | Loss: 0.2965
Epoch 46 | Avg Loss: 0.2165
Epoch 47/500 | Batch 0 | Loss: 0.1572
Epoch 47/500 | Batch 10 | Loss: 0.2284
Epoch 47/500 | Batch 20 | Loss: 0.2469
Epoch 47/500 | Batch 30 | Loss: 0.2194
Epoch 47 | Avg Loss: 0.1955
Epoch 48/500 | Batch 0 | Loss: 0.1734
Epoch 48/500 | Batch 10 | Loss: 0.2593
Epoch 48/500 | Batch 20 | Loss: 0.1573
Epoch 48/500 | Batch 30 | Loss: 0.1211
Epoch 48 | Avg Loss: 0.1752
Epoch 49/500 | Batch 0 | Loss: 0.0984
Epoch 49/500 | Batch 10 | Loss: 0.1954
Epoch 49/500 | Batch 20 | Loss: 0.3175
Epoch 49/500 | Batch 30 | Loss: 0.1765
Epoch 49 | Avg Loss: 0.1657
Epoch 50/500 | Batch 0 | Loss: 0.0979
Epoch 50/500 | Batch 10 | Loss: 0.1342
Epoch 50/500 | Batch 20 | Loss: 0.2540
Epoch 50/500 | Batch 30 | Loss: 0.1987
Epoch 50 | Avg Loss: 0.1527
Epoch 51/500 | Batch 0 | Loss: 0.1388
Epoch 51/500 | Batch 10 | Loss: 0.0744
Epoch 51/500 | Batch 20 | Loss: 0.2443
Epoch 51/500 | Batch 30 | Loss: 0.1695
Epoch 51 | Avg Loss: 0.1471
Epoch 52/500 | Batch 0 | Loss: 0.1891
Epoch 52/500 | Batch 10 | Loss: 0.1841
Epoch 52/500 | Batch 20 | Loss: 0.1043
Epoch 52/500 | Batch 30 | Loss: 0.1957
Epoch 52 | Avg Loss: 0.1430
Epoch 53/500 | Batch 0 | Loss: 0.1035
Epoch 53/500 | Batch 10 | Loss: 0.1471
Epoch 53/500 | Batch 20 | Loss: 0.1654
Epoch 53/500 | Batch 30 | Loss: 0.0978
Epoch 53 | Avg Loss: 0.1380
Epoch 54/500 | Batch 0 | Loss: 0.1051
Epoch 54/500 | Batch 10 | Loss: 0.1195
Epoch 54/500 | Batch 20 | Loss: 0.0746
Epoch 54/500 | Batch 30 | Loss: 0.1538
Epoch 54 | Avg Loss: 0.1247
Epoch 55/500 | Batch 0 | Loss: 0.0786
Epoch 55/500 | Batch 10 | Loss: 0.0794
Epoch 55/500 | Batch 20 | Loss: 0.0831
Epoch 55/500 | Batch 30 | Loss: 0.2436
Epoch 55 | Avg Loss: 0.1332
Epoch 56/500 | Batch 0 | Loss: 0.1334
Epoch 56/500 | Batch 10 | Loss: 0.0997
Epoch 56/500 | Batch 20 | Loss: 0.1226
Epoch 56/500 | Batch 30 | Loss: 0.1187
Epoch 56 | Avg Loss: 0.1223
Epoch 57/500 | Batch 0 | Loss: 0.1358
Epoch 57/500 | Batch 10 | Loss: 0.0971
Epoch 57/500 | Batch 20 | Loss: 0.1563
Epoch 57/500 | Batch 30 | Loss: 0.0732
Epoch 57 | Avg Loss: 0.1147
Epoch 58/500 | Batch 0 | Loss: 0.0474
Epoch 58/500 | Batch 10 | Loss: 0.1117
Epoch 58/500 | Batch 20 | Loss: 0.0889
Epoch 58/500 | Batch 30 | Loss: 0.1261
Epoch 58 | Avg Loss: 0.1137
Epoch 59/500 | Batch 0 | Loss: 0.0937
Epoch 59/500 | Batch 10 | Loss: 0.2108
Epoch 59/500 | Batch 20 | Loss: 0.1203
Epoch 59/500 | Batch 30 | Loss: 0.1134
Epoch 59 | Avg Loss: 0.1286
Epoch 60/500 | Batch 0 | Loss: 0.0868
Epoch 60/500 | Batch 10 | Loss: 0.1190
Epoch 60/500 | Batch 20 | Loss: 0.1297
Epoch 60/500 | Batch 30 | Loss: 0.1065
Epoch 60 | Avg Loss: 0.1130
Epoch 61/500 | Batch 0 | Loss: 0.0711
Epoch 61/500 | Batch 10 | Loss: 0.0455
Epoch 61/500 | Batch 20 | Loss: 0.1213
Epoch 61/500 | Batch 30 | Loss: 0.0858
Epoch 61 | Avg Loss: 0.1090
Epoch 62/500 | Batch 0 | Loss: 0.1599
Epoch 62/500 | Batch 10 | Loss: 0.1135
Epoch 62/500 | Batch 20 | Loss: 0.0457
Epoch 62/500 | Batch 30 | Loss: 0.1594
Epoch 62 | Avg Loss: 0.1129
Epoch 63/500 | Batch 0 | Loss: 0.0715
Epoch 63/500 | Batch 10 | Loss: 0.1043
Epoch 63/500 | Batch 20 | Loss: 0.1011
Epoch 63/500 | Batch 30 | Loss: 0.0862
Epoch 63 | Avg Loss: 0.1049
Epoch 64/500 | Batch 0 | Loss: 0.1048
Epoch 64/500 | Batch 10 | Loss: 0.0708
Epoch 64/500 | Batch 20 | Loss: 0.0530
Epoch 64/500 | Batch 30 | Loss: 0.1900
Epoch 64 | Avg Loss: 0.0935
Epoch 65/500 | Batch 0 | Loss: 0.1416
Epoch 65/500 | Batch 10 | Loss: 0.1189
Epoch 65/500 | Batch 20 | Loss: 0.1460
Epoch 65/500 | Batch 30 | Loss: 0.0915
Epoch 65 | Avg Loss: 0.1025
Epoch 66/500 | Batch 0 | Loss: 0.0575
Epoch 66/500 | Batch 10 | Loss: 0.1995
Epoch 66/500 | Batch 20 | Loss: 0.0593
Epoch 66/500 | Batch 30 | Loss: 0.1328
Epoch 66 | Avg Loss: 0.0929
Epoch 67/500 | Batch 0 | Loss: 0.1840
Epoch 67/500 | Batch 10 | Loss: 0.0826
Epoch 67/500 | Batch 20 | Loss: 0.0690
Epoch 67/500 | Batch 30 | Loss: 0.1444
Epoch 67 | Avg Loss: 0.0919
Epoch 68/500 | Batch 0 | Loss: 0.1111
Epoch 68/500 | Batch 10 | Loss: 0.0482
Epoch 68/500 | Batch 20 | Loss: 0.0291
Epoch 68/500 | Batch 30 | Loss: 0.1007
Epoch 68 | Avg Loss: 0.0830
Epoch 69/500 | Batch 0 | Loss: 0.0978
Epoch 69/500 | Batch 10 | Loss: 0.0761
Epoch 69/500 | Batch 20 | Loss: 0.1007
Epoch 69/500 | Batch 30 | Loss: 0.0926
Epoch 69 | Avg Loss: 0.0842
Epoch 70/500 | Batch 0 | Loss: 0.1174
Epoch 70/500 | Batch 10 | Loss: 0.0890
Epoch 70/500 | Batch 20 | Loss: 0.0884
Epoch 70/500 | Batch 30 | Loss: 0.0870
Epoch 70 | Avg Loss: 0.0902
Epoch 71/500 | Batch 0 | Loss: 0.0498
Epoch 71/500 | Batch 10 | Loss: 0.0546
Epoch 71/500 | Batch 20 | Loss: 0.0463
Epoch 71/500 | Batch 30 | Loss: 0.1313
Epoch 71 | Avg Loss: 0.0814
Epoch 72/500 | Batch 0 | Loss: 0.0596
Epoch 72/500 | Batch 10 | Loss: 0.0655
Epoch 72/500 | Batch 20 | Loss: 0.0611
Epoch 72/500 | Batch 30 | Loss: 0.1367
Epoch 72 | Avg Loss: 0.0860
Epoch 73/500 | Batch 0 | Loss: 0.1142
Epoch 73/500 | Batch 10 | Loss: 0.0820
Epoch 73/500 | Batch 20 | Loss: 0.0745
Epoch 73/500 | Batch 30 | Loss: 0.0990
Epoch 73 | Avg Loss: 0.0820
Epoch 74/500 | Batch 0 | Loss: 0.1311
Epoch 74/500 | Batch 10 | Loss: 0.0411
Epoch 74/500 | Batch 20 | Loss: 0.0569
Epoch 74/500 | Batch 30 | Loss: 0.0504
Epoch 74 | Avg Loss: 0.0775
Epoch 75/500 | Batch 0 | Loss: 0.0444
Epoch 75/500 | Batch 10 | Loss: 0.0596
Epoch 75/500 | Batch 20 | Loss: 0.1693
Epoch 75/500 | Batch 30 | Loss: 0.0437
Epoch 75 | Avg Loss: 0.0765
Epoch 76/500 | Batch 0 | Loss: 0.0317
Epoch 76/500 | Batch 10 | Loss: 0.0605
Epoch 76/500 | Batch 20 | Loss: 0.0327
Epoch 76/500 | Batch 30 | Loss: 0.1696
Epoch 76 | Avg Loss: 0.0761
Epoch 77/500 | Batch 0 | Loss: 0.0522
Epoch 77/500 | Batch 10 | Loss: 0.0504
Epoch 77/500 | Batch 20 | Loss: 0.0656
Epoch 77/500 | Batch 30 | Loss: 0.0538
Epoch 77 | Avg Loss: 0.0738
Epoch 78/500 | Batch 0 | Loss: 0.0545
Epoch 78/500 | Batch 10 | Loss: 0.0470
Epoch 78/500 | Batch 20 | Loss: 0.0188
Epoch 78/500 | Batch 30 | Loss: 0.0391
Epoch 78 | Avg Loss: 0.0667
Epoch 79/500 | Batch 0 | Loss: 0.1146
Epoch 79/500 | Batch 10 | Loss: 0.0426
Epoch 79/500 | Batch 20 | Loss: 0.0724
Epoch 79/500 | Batch 30 | Loss: 0.1017
Epoch 79 | Avg Loss: 0.0700
Epoch 80/500 | Batch 0 | Loss: 0.0579
Epoch 80/500 | Batch 10 | Loss: 0.0720
Epoch 80/500 | Batch 20 | Loss: 0.0415
Epoch 80/500 | Batch 30 | Loss: 0.0559
Epoch 80 | Avg Loss: 0.0734
Epoch 81/500 | Batch 0 | Loss: 0.0460
Epoch 81/500 | Batch 10 | Loss: 0.1031
Epoch 81/500 | Batch 20 | Loss: 0.0836
Epoch 81/500 | Batch 30 | Loss: 0.0880
Epoch 81 | Avg Loss: 0.0743
Epoch 82/500 | Batch 0 | Loss: 0.0408
Epoch 82/500 | Batch 10 | Loss: 0.0712
Epoch 82/500 | Batch 20 | Loss: 0.1221
Epoch 82/500 | Batch 30 | Loss: 0.1168
Epoch 82 | Avg Loss: 0.0716
Epoch 83/500 | Batch 0 | Loss: 0.1049
Epoch 83/500 | Batch 10 | Loss: 0.0651
Epoch 83/500 | Batch 20 | Loss: 0.0515
Epoch 83/500 | Batch 30 | Loss: 0.0739
Epoch 83 | Avg Loss: 0.0701
Epoch 84/500 | Batch 0 | Loss: 0.0323
Epoch 84/500 | Batch 10 | Loss: 0.0244
Epoch 84/500 | Batch 20 | Loss: 0.0763
Epoch 84/500 | Batch 30 | Loss: 0.0807
Epoch 84 | Avg Loss: 0.0628
Epoch 85/500 | Batch 0 | Loss: 0.0580
Epoch 85/500 | Batch 10 | Loss: 0.1425
Epoch 85/500 | Batch 20 | Loss: 0.0298
Epoch 85/500 | Batch 30 | Loss: 0.0777
Epoch 85 | Avg Loss: 0.0555
Epoch 86/500 | Batch 0 | Loss: 0.1005
Epoch 86/500 | Batch 10 | Loss: 0.0780
Epoch 86/500 | Batch 20 | Loss: 0.0526
Epoch 86/500 | Batch 30 | Loss: 0.0605
Epoch 86 | Avg Loss: 0.0623
Epoch 87/500 | Batch 0 | Loss: 0.0379
Epoch 87/500 | Batch 10 | Loss: 0.1049
Epoch 87/500 | Batch 20 | Loss: 0.0226
Epoch 87/500 | Batch 30 | Loss: 0.0253
Epoch 87 | Avg Loss: 0.0699
Epoch 88/500 | Batch 0 | Loss: 0.0524
Epoch 88/500 | Batch 10 | Loss: 0.1104
Epoch 88/500 | Batch 20 | Loss: 0.0607
Epoch 88/500 | Batch 30 | Loss: 0.0489
Epoch 88 | Avg Loss: 0.0578
Epoch 89/500 | Batch 0 | Loss: 0.0965
Epoch 89/500 | Batch 10 | Loss: 0.1315
Epoch 89/500 | Batch 20 | Loss: 0.0207
Epoch 89/500 | Batch 30 | Loss: 0.0540
Epoch 89 | Avg Loss: 0.0566
Epoch 90/500 | Batch 0 | Loss: 0.0501
Epoch 90/500 | Batch 10 | Loss: 0.0407
Epoch 90/500 | Batch 20 | Loss: 0.0370
Epoch 90/500 | Batch 30 | Loss: 0.0557
Epoch 90 | Avg Loss: 0.0645
Epoch 91/500 | Batch 0 | Loss: 0.0467
Epoch 91/500 | Batch 10 | Loss: 0.0414
Epoch 91/500 | Batch 20 | Loss: 0.0304
Epoch 91/500 | Batch 30 | Loss: 0.0506
Epoch 91 | Avg Loss: 0.0467
Epoch 92/500 | Batch 0 | Loss: 0.0571
Epoch 92/500 | Batch 10 | Loss: 0.0370
Epoch 92/500 | Batch 20 | Loss: 0.0251
Epoch 92/500 | Batch 30 | Loss: 0.0493
Epoch 92 | Avg Loss: 0.0528
Epoch 93/500 | Batch 0 | Loss: 0.0864
Epoch 93/500 | Batch 10 | Loss: 0.0272
Epoch 93/500 | Batch 20 | Loss: 0.0281
Epoch 93/500 | Batch 30 | Loss: 0.0784
Epoch 93 | Avg Loss: 0.0505
Epoch 94/500 | Batch 0 | Loss: 0.0539
Epoch 94/500 | Batch 10 | Loss: 0.0912
Epoch 94/500 | Batch 20 | Loss: 0.0738
Epoch 94/500 | Batch 30 | Loss: 0.2166
Epoch 94 | Avg Loss: 0.0715
Epoch 95/500 | Batch 0 | Loss: 0.0404
Epoch 95/500 | Batch 10 | Loss: 0.0578
Epoch 95/500 | Batch 20 | Loss: 0.0482
Epoch 95/500 | Batch 30 | Loss: 0.0457
Epoch 95 | Avg Loss: 0.0525
Epoch 96/500 | Batch 0 | Loss: 0.0593
Epoch 96/500 | Batch 10 | Loss: 0.0338
Epoch 96/500 | Batch 20 | Loss: 0.0527
Epoch 96/500 | Batch 30 | Loss: 0.0886
Epoch 96 | Avg Loss: 0.0670
Epoch 97/500 | Batch 0 | Loss: 0.0707
Epoch 97/500 | Batch 10 | Loss: 0.0231
Epoch 97/500 | Batch 20 | Loss: 0.0481
Epoch 97/500 | Batch 30 | Loss: 0.0567
Epoch 97 | Avg Loss: 0.0450
Epoch 98/500 | Batch 0 | Loss: 0.0649
Epoch 98/500 | Batch 10 | Loss: 0.0371
Epoch 98/500 | Batch 20 | Loss: 0.0258
Epoch 98/500 | Batch 30 | Loss: 0.0649
Epoch 98 | Avg Loss: 0.0540
Epoch 99/500 | Batch 0 | Loss: 0.0754
Epoch 99/500 | Batch 10 | Loss: 0.0258
Epoch 99/500 | Batch 20 | Loss: 0.0182
Epoch 99/500 | Batch 30 | Loss: 0.0715
Epoch 99 | Avg Loss: 0.0510
Epoch 100/500 | Batch 0 | Loss: 0.0532
Epoch 100/500 | Batch 10 | Loss: 0.1089
Epoch 100/500 | Batch 20 | Loss: 0.0844
Epoch 100/500 | Batch 30 | Loss: 0.1411
Epoch 100 | Avg Loss: 0.0544
Epoch 101/500 | Batch 0 | Loss: 0.0898
Epoch 101/500 | Batch 10 | Loss: 0.0293
Epoch 101/500 | Batch 20 | Loss: 0.0340
Epoch 101/500 | Batch 30 | Loss: 0.0561
Epoch 101 | Avg Loss: 0.0446
Epoch 102/500 | Batch 0 | Loss: 0.0303
Epoch 102/500 | Batch 10 | Loss: 0.0139
Epoch 102/500 | Batch 20 | Loss: 0.0347
Epoch 102/500 | Batch 30 | Loss: 0.0370
Epoch 102 | Avg Loss: 0.0560
Epoch 103/500 | Batch 0 | Loss: 0.0803
Epoch 103/500 | Batch 10 | Loss: 0.0283
Epoch 103/500 | Batch 20 | Loss: 0.0582
Epoch 103/500 | Batch 30 | Loss: 0.0340
Epoch 103 | Avg Loss: 0.0493
Epoch 104/500 | Batch 0 | Loss: 0.0717
Epoch 104/500 | Batch 10 | Loss: 0.0679
Epoch 104/500 | Batch 20 | Loss: 0.0440
Epoch 104/500 | Batch 30 | Loss: 0.0994
Epoch 104 | Avg Loss: 0.0458
Epoch 105/500 | Batch 0 | Loss: 0.0080
Epoch 105/500 | Batch 10 | Loss: 0.0862
Epoch 105/500 | Batch 20 | Loss: 0.0129
Epoch 105/500 | Batch 30 | Loss: 0.1039
Epoch 105 | Avg Loss: 0.0471
Epoch 106/500 | Batch 0 | Loss: 0.0236
Epoch 106/500 | Batch 10 | Loss: 0.0403
Epoch 106/500 | Batch 20 | Loss: 0.0168
Epoch 106/500 | Batch 30 | Loss: 0.0335
Epoch 106 | Avg Loss: 0.0435
Epoch 107/500 | Batch 0 | Loss: 0.0293
Epoch 107/500 | Batch 10 | Loss: 0.0474
Epoch 107/500 | Batch 20 | Loss: 0.0356
Epoch 107/500 | Batch 30 | Loss: 0.0451
Epoch 107 | Avg Loss: 0.0501
Epoch 108/500 | Batch 0 | Loss: 0.0220
Epoch 108/500 | Batch 10 | Loss: 0.0866
Epoch 108/500 | Batch 20 | Loss: 0.1008
Epoch 108/500 | Batch 30 | Loss: 0.0230
Epoch 108 | Avg Loss: 0.0427
Epoch 109/500 | Batch 0 | Loss: 0.0280
Epoch 109/500 | Batch 10 | Loss: 0.0478
Epoch 109/500 | Batch 20 | Loss: 0.0398
Epoch 109/500 | Batch 30 | Loss: 0.0271
Epoch 109 | Avg Loss: 0.0494
Epoch 110/500 | Batch 0 | Loss: 0.0283
Epoch 110/500 | Batch 10 | Loss: 0.0170
Epoch 110/500 | Batch 20 | Loss: 0.0453
Epoch 110/500 | Batch 30 | Loss: 0.0723
Epoch 110 | Avg Loss: 0.0413
Epoch 111/500 | Batch 0 | Loss: 0.0278
Epoch 111/500 | Batch 10 | Loss: 0.0385
Epoch 111/500 | Batch 20 | Loss: 0.0357
Epoch 111/500 | Batch 30 | Loss: 0.0188
Epoch 111 | Avg Loss: 0.0471
Epoch 112/500 | Batch 0 | Loss: 0.0376
Epoch 112/500 | Batch 10 | Loss: 0.0093
Epoch 112/500 | Batch 20 | Loss: 0.0209
Epoch 112/500 | Batch 30 | Loss: 0.0351
Epoch 112 | Avg Loss: 0.0501
Epoch 113/500 | Batch 0 | Loss: 0.0428
Epoch 113/500 | Batch 10 | Loss: 0.0240
Epoch 113/500 | Batch 20 | Loss: 0.0182
Epoch 113/500 | Batch 30 | Loss: 0.0260
Epoch 113 | Avg Loss: 0.0390
Epoch 114/500 | Batch 0 | Loss: 0.0353
Epoch 114/500 | Batch 10 | Loss: 0.0878
Epoch 114/500 | Batch 20 | Loss: 0.0423
Epoch 114/500 | Batch 30 | Loss: 0.0718
Epoch 114 | Avg Loss: 0.0450
Epoch 115/500 | Batch 0 | Loss: 0.0166
Epoch 115/500 | Batch 10 | Loss: 0.0495
Epoch 115/500 | Batch 20 | Loss: 0.0296
Epoch 115/500 | Batch 30 | Loss: 0.0470
Epoch 115 | Avg Loss: 0.0363
Epoch 116/500 | Batch 0 | Loss: 0.0084
Epoch 116/500 | Batch 10 | Loss: 0.0471
Epoch 116/500 | Batch 20 | Loss: 0.0272
Epoch 116/500 | Batch 30 | Loss: 0.0449
Epoch 116 | Avg Loss: 0.0395
Epoch 117/500 | Batch 0 | Loss: 0.0296
Epoch 117/500 | Batch 10 | Loss: 0.0303
Epoch 117/500 | Batch 20 | Loss: 0.1518
Epoch 117/500 | Batch 30 | Loss: 0.0692
Epoch 117 | Avg Loss: 0.0423
Epoch 118/500 | Batch 0 | Loss: 0.0247
Epoch 118/500 | Batch 10 | Loss: 0.0204
Epoch 118/500 | Batch 20 | Loss: 0.0509
Epoch 118/500 | Batch 30 | Loss: 0.1130
Epoch 118 | Avg Loss: 0.0456
Epoch 119/500 | Batch 0 | Loss: 0.0536
Epoch 119/500 | Batch 10 | Loss: 0.0646
Epoch 119/500 | Batch 20 | Loss: 0.0251
Epoch 119/500 | Batch 30 | Loss: 0.0832
Epoch 119 | Avg Loss: 0.0416
Epoch 120/500 | Batch 0 | Loss: 0.0068
Epoch 120/500 | Batch 10 | Loss: 0.0426
Epoch 120/500 | Batch 20 | Loss: 0.0636
Epoch 120/500 | Batch 30 | Loss: 0.0318
Epoch 120 | Avg Loss: 0.0384
Epoch 121/500 | Batch 0 | Loss: 0.0318
Epoch 121/500 | Batch 10 | Loss: 0.0460
Epoch 121/500 | Batch 20 | Loss: 0.0280
Epoch 121/500 | Batch 30 | Loss: 0.0135
Epoch 121 | Avg Loss: 0.0392
Epoch 122/500 | Batch 0 | Loss: 0.0190
Epoch 122/500 | Batch 10 | Loss: 0.0160
Epoch 122/500 | Batch 20 | Loss: 0.0425
Epoch 122/500 | Batch 30 | Loss: 0.0531
Epoch 122 | Avg Loss: 0.0390
Epoch 123/500 | Batch 0 | Loss: 0.0332
Epoch 123/500 | Batch 10 | Loss: 0.0244
Epoch 123/500 | Batch 20 | Loss: 0.1284
Epoch 123/500 | Batch 30 | Loss: 0.0412
Epoch 123 | Avg Loss: 0.0370
Epoch 124/500 | Batch 0 | Loss: 0.0303
Epoch 124/500 | Batch 10 | Loss: 0.0647
Epoch 124/500 | Batch 20 | Loss: 0.0708
Epoch 124/500 | Batch 30 | Loss: 0.0145
Epoch 124 | Avg Loss: 0.0405
Epoch 125/500 | Batch 0 | Loss: 0.0832
Epoch 125/500 | Batch 10 | Loss: 0.0513
Epoch 125/500 | Batch 20 | Loss: 0.0409
Epoch 125/500 | Batch 30 | Loss: 0.0271
Epoch 125 | Avg Loss: 0.0402
Epoch 126/500 | Batch 0 | Loss: 0.0694
Epoch 126/500 | Batch 10 | Loss: 0.0440
Epoch 126/500 | Batch 20 | Loss: 0.0230
Epoch 126/500 | Batch 30 | Loss: 0.0132
Epoch 126 | Avg Loss: 0.0467
Epoch 127/500 | Batch 0 | Loss: 0.0166
Epoch 127/500 | Batch 10 | Loss: 0.0557
Epoch 127/500 | Batch 20 | Loss: 0.0190
Epoch 127/500 | Batch 30 | Loss: 0.0228
Epoch 127 | Avg Loss: 0.0352
Epoch 128/500 | Batch 0 | Loss: 0.0194
Epoch 128/500 | Batch 10 | Loss: 0.1022
Epoch 128/500 | Batch 20 | Loss: 0.0194
Epoch 128/500 | Batch 30 | Loss: 0.0302
Epoch 128 | Avg Loss: 0.0380
Epoch 129/500 | Batch 0 | Loss: 0.0195
Epoch 129/500 | Batch 10 | Loss: 0.0197
Epoch 129/500 | Batch 20 | Loss: 0.0489
Epoch 129/500 | Batch 30 | Loss: 0.0323
Epoch 129 | Avg Loss: 0.0373
Epoch 130/500 | Batch 0 | Loss: 0.0337
Epoch 130/500 | Batch 10 | Loss: 0.0083
Epoch 130/500 | Batch 20 | Loss: 0.0901
Epoch 130/500 | Batch 30 | Loss: 0.0116
Epoch 130 | Avg Loss: 0.0323
Epoch 131/500 | Batch 0 | Loss: 0.0616
Epoch 131/500 | Batch 10 | Loss: 0.0427
Epoch 131/500 | Batch 20 | Loss: 0.0299
Epoch 131/500 | Batch 30 | Loss: 0.0060
Epoch 131 | Avg Loss: 0.0305
Epoch 132/500 | Batch 0 | Loss: 0.0360
Epoch 132/500 | Batch 10 | Loss: 0.0154
Epoch 132/500 | Batch 20 | Loss: 0.0120
Epoch 132/500 | Batch 30 | Loss: 0.0256
Epoch 132 | Avg Loss: 0.0283
Epoch 133/500 | Batch 0 | Loss: 0.0045
Epoch 133/500 | Batch 10 | Loss: 0.0300
Epoch 133/500 | Batch 20 | Loss: 0.0655
Epoch 133/500 | Batch 30 | Loss: 0.0061
Epoch 133 | Avg Loss: 0.0360
Epoch 134/500 | Batch 0 | Loss: 0.0171
Epoch 134/500 | Batch 10 | Loss: 0.0920
Epoch 134/500 | Batch 20 | Loss: 0.0729
Epoch 134/500 | Batch 30 | Loss: 0.0129
Epoch 134 | Avg Loss: 0.0358
Epoch 135/500 | Batch 0 | Loss: 0.0296
Epoch 135/500 | Batch 10 | Loss: 0.0464
Epoch 135/500 | Batch 20 | Loss: 0.0189
Epoch 135/500 | Batch 30 | Loss: 0.0201
Epoch 135 | Avg Loss: 0.0373
Epoch 136/500 | Batch 0 | Loss: 0.0219
Epoch 136/500 | Batch 10 | Loss: 0.0372
Epoch 136/500 | Batch 20 | Loss: 0.0220
Epoch 136/500 | Batch 30 | Loss: 0.0234
Epoch 136 | Avg Loss: 0.0398
Epoch 137/500 | Batch 0 | Loss: 0.0239
Epoch 137/500 | Batch 10 | Loss: 0.0308
Epoch 137/500 | Batch 20 | Loss: 0.0125
Epoch 137/500 | Batch 30 | Loss: 0.0648
Epoch 137 | Avg Loss: 0.0346
Epoch 138/500 | Batch 0 | Loss: 0.0273
Epoch 138/500 | Batch 10 | Loss: 0.0051
Epoch 138/500 | Batch 20 | Loss: 0.0840
Epoch 138/500 | Batch 30 | Loss: 0.0623
Epoch 138 | Avg Loss: 0.0382
Epoch 139/500 | Batch 0 | Loss: 0.0091
Epoch 139/500 | Batch 10 | Loss: 0.0090
Epoch 139/500 | Batch 20 | Loss: 0.0087
Epoch 139/500 | Batch 30 | Loss: 0.0320
Epoch 139 | Avg Loss: 0.0328
Epoch 140/500 | Batch 0 | Loss: 0.0050
Epoch 140/500 | Batch 10 | Loss: 0.0234
Epoch 140/500 | Batch 20 | Loss: 0.0174
Epoch 140/500 | Batch 30 | Loss: 0.0236
Epoch 140 | Avg Loss: 0.0331
Epoch 141/500 | Batch 0 | Loss: 0.0387
Epoch 141/500 | Batch 10 | Loss: 0.0248
Epoch 141/500 | Batch 20 | Loss: 0.0432
Epoch 141/500 | Batch 30 | Loss: 0.0844
Epoch 141 | Avg Loss: 0.0247
Epoch 142/500 | Batch 0 | Loss: 0.0857
Epoch 142/500 | Batch 10 | Loss: 0.1097
Epoch 142/500 | Batch 20 | Loss: 0.0044
Epoch 142/500 | Batch 30 | Loss: 0.0438
Epoch 142 | Avg Loss: 0.0405
Epoch 143/500 | Batch 0 | Loss: 0.0182
Epoch 143/500 | Batch 10 | Loss: 0.0170
Epoch 143/500 | Batch 20 | Loss: 0.0066
Epoch 143/500 | Batch 30 | Loss: 0.0586
Epoch 143 | Avg Loss: 0.0269
Epoch 144/500 | Batch 0 | Loss: 0.0188
Epoch 144/500 | Batch 10 | Loss: 0.0440
Epoch 144/500 | Batch 20 | Loss: 0.0518
Epoch 144/500 | Batch 30 | Loss: 0.0346
Epoch 144 | Avg Loss: 0.0354
Epoch 145/500 | Batch 0 | Loss: 0.0131
Epoch 145/500 | Batch 10 | Loss: 0.0381
Epoch 145/500 | Batch 20 | Loss: 0.0194
Epoch 145/500 | Batch 30 | Loss: 0.0088
Epoch 145 | Avg Loss: 0.0322
Epoch 146/500 | Batch 0 | Loss: 0.0078
Epoch 146/500 | Batch 10 | Loss: 0.0082
Epoch 146/500 | Batch 20 | Loss: 0.0278
Epoch 146/500 | Batch 30 | Loss: 0.0277
Epoch 146 | Avg Loss: 0.0323
Epoch 147/500 | Batch 0 | Loss: 0.0362
Epoch 147/500 | Batch 10 | Loss: 0.0307
Epoch 147/500 | Batch 20 | Loss: 0.0343
Epoch 147/500 | Batch 30 | Loss: 0.0116
Epoch 147 | Avg Loss: 0.0273
Epoch 148/500 | Batch 0 | Loss: 0.0120
Epoch 148/500 | Batch 10 | Loss: 0.0163
Epoch 148/500 | Batch 20 | Loss: 0.0156
Epoch 148/500 | Batch 30 | Loss: 0.1209
Epoch 148 | Avg Loss: 0.0333
Epoch 149/500 | Batch 0 | Loss: 0.0116
Epoch 149/500 | Batch 10 | Loss: 0.0312
Epoch 149/500 | Batch 20 | Loss: 0.0530
Epoch 149/500 | Batch 30 | Loss: 0.0097
Epoch 149 | Avg Loss: 0.0328
Epoch 150/500 | Batch 0 | Loss: 0.0995
Epoch 150/500 | Batch 10 | Loss: 0.0202
Epoch 150/500 | Batch 20 | Loss: 0.0404
Epoch 150/500 | Batch 30 | Loss: 0.0111
Epoch 150 | Avg Loss: 0.0295
Epoch 151/500 | Batch 0 | Loss: 0.0113
Epoch 151/500 | Batch 10 | Loss: 0.0379
Epoch 151/500 | Batch 20 | Loss: 0.0492
Epoch 151/500 | Batch 30 | Loss: 0.0080
Epoch 151 | Avg Loss: 0.0272
Epoch 152/500 | Batch 0 | Loss: 0.0066
Epoch 152/500 | Batch 10 | Loss: 0.0985
Epoch 152/500 | Batch 20 | Loss: 0.0845
Epoch 152/500 | Batch 30 | Loss: 0.0575
Epoch 152 | Avg Loss: 0.0326
Epoch 153/500 | Batch 0 | Loss: 0.1067
Epoch 153/500 | Batch 10 | Loss: 0.0354
Epoch 153/500 | Batch 20 | Loss: 0.0200
Epoch 153/500 | Batch 30 | Loss: 0.0586
Epoch 153 | Avg Loss: 0.0242
Epoch 154/500 | Batch 0 | Loss: 0.0565
Epoch 154/500 | Batch 10 | Loss: 0.0172
Epoch 154/500 | Batch 20 | Loss: 0.0353
Epoch 154/500 | Batch 30 | Loss: 0.0178
Epoch 154 | Avg Loss: 0.0270
Epoch 155/500 | Batch 0 | Loss: 0.0159
Epoch 155/500 | Batch 10 | Loss: 0.0101
Epoch 155/500 | Batch 20 | Loss: 0.0182
Epoch 155/500 | Batch 30 | Loss: 0.0034
Epoch 155 | Avg Loss: 0.0248
Epoch 156/500 | Batch 0 | Loss: 0.0139
Epoch 156/500 | Batch 10 | Loss: 0.0560
Epoch 156/500 | Batch 20 | Loss: 0.0308
Epoch 156/500 | Batch 30 | Loss: 0.0259
Epoch 156 | Avg Loss: 0.0348
Epoch 157/500 | Batch 0 | Loss: 0.0094
Epoch 157/500 | Batch 10 | Loss: 0.0043
Epoch 157/500 | Batch 20 | Loss: 0.0457
Epoch 157/500 | Batch 30 | Loss: 0.0110
Epoch 157 | Avg Loss: 0.0280
Epoch 158/500 | Batch 0 | Loss: 0.0066
Epoch 158/500 | Batch 10 | Loss: 0.0204
Epoch 158/500 | Batch 20 | Loss: 0.0453
Epoch 158/500 | Batch 30 | Loss: 0.0045
Epoch 158 | Avg Loss: 0.0208
Epoch 159/500 | Batch 0 | Loss: 0.0566
Epoch 159/500 | Batch 10 | Loss: 0.0221
Epoch 159/500 | Batch 20 | Loss: 0.0850
Epoch 159/500 | Batch 30 | Loss: 0.0468
Epoch 159 | Avg Loss: 0.0285
Epoch 160/500 | Batch 0 | Loss: 0.0494
Epoch 160/500 | Batch 10 | Loss: 0.0150
Epoch 160/500 | Batch 20 | Loss: 0.0119
Epoch 160/500 | Batch 30 | Loss: 0.0634
Epoch 160 | Avg Loss: 0.0281
Epoch 161/500 | Batch 0 | Loss: 0.0254
Epoch 161/500 | Batch 10 | Loss: 0.0377
Epoch 161/500 | Batch 20 | Loss: 0.0063
Epoch 161/500 | Batch 30 | Loss: 0.0088
Epoch 161 | Avg Loss: 0.0293
Epoch 162/500 | Batch 0 | Loss: 0.0081
Epoch 162/500 | Batch 10 | Loss: 0.0131
Epoch 162/500 | Batch 20 | Loss: 0.0934
Epoch 162/500 | Batch 30 | Loss: 0.0151
Epoch 162 | Avg Loss: 0.0242
Epoch 163/500 | Batch 0 | Loss: 0.0034
Epoch 163/500 | Batch 10 | Loss: 0.0132
Epoch 163/500 | Batch 20 | Loss: 0.0051
Epoch 163/500 | Batch 30 | Loss: 0.0163
Epoch 163 | Avg Loss: 0.0211
Epoch 164/500 | Batch 0 | Loss: 0.0071
Epoch 164/500 | Batch 10 | Loss: 0.0468
Epoch 164/500 | Batch 20 | Loss: 0.0050
Epoch 164/500 | Batch 30 | Loss: 0.0140
Epoch 164 | Avg Loss: 0.0302
Epoch 165/500 | Batch 0 | Loss: 0.0228
Epoch 165/500 | Batch 10 | Loss: 0.0141
Epoch 165/500 | Batch 20 | Loss: 0.0253
Epoch 165/500 | Batch 30 | Loss: 0.0234
Epoch 165 | Avg Loss: 0.0183
Epoch 166/500 | Batch 0 | Loss: 0.0157
Epoch 166/500 | Batch 10 | Loss: 0.0142
Epoch 166/500 | Batch 20 | Loss: 0.0372
Epoch 166/500 | Batch 30 | Loss: 0.0843
Epoch 166 | Avg Loss: 0.0191
Epoch 167/500 | Batch 0 | Loss: 0.0046
Epoch 167/500 | Batch 10 | Loss: 0.0139
Epoch 167/500 | Batch 20 | Loss: 0.0094
Epoch 167/500 | Batch 30 | Loss: 0.0086
Epoch 167 | Avg Loss: 0.0145
Epoch 168/500 | Batch 0 | Loss: 0.0062
Epoch 168/500 | Batch 10 | Loss: 0.0237
Epoch 168/500 | Batch 20 | Loss: 0.0074
Epoch 168/500 | Batch 30 | Loss: 0.0841
Epoch 168 | Avg Loss: 0.0218
Epoch 169/500 | Batch 0 | Loss: 0.0078
Epoch 169/500 | Batch 10 | Loss: 0.0179
Epoch 169/500 | Batch 20 | Loss: 0.0137
Epoch 169/500 | Batch 30 | Loss: 0.0417
Epoch 169 | Avg Loss: 0.0200
Epoch 170/500 | Batch 0 | Loss: 0.0063
Epoch 170/500 | Batch 10 | Loss: 0.0111
Epoch 170/500 | Batch 20 | Loss: 0.0045
Epoch 170/500 | Batch 30 | Loss: 0.0305
Epoch 170 | Avg Loss: 0.0177
Epoch 171/500 | Batch 0 | Loss: 0.0430
Epoch 171/500 | Batch 10 | Loss: 0.0477
Epoch 171/500 | Batch 20 | Loss: 0.0332
Epoch 171/500 | Batch 30 | Loss: 0.0345
Epoch 171 | Avg Loss: 0.0223
Epoch 172/500 | Batch 0 | Loss: 0.0108
Epoch 172/500 | Batch 10 | Loss: 0.0274
Epoch 172/500 | Batch 20 | Loss: 0.0247
Epoch 172/500 | Batch 30 | Loss: 0.0106
Epoch 172 | Avg Loss: 0.0189
Epoch 173/500 | Batch 0 | Loss: 0.0184
Epoch 173/500 | Batch 10 | Loss: 0.0044
Epoch 173/500 | Batch 20 | Loss: 0.0092
Epoch 173/500 | Batch 30 | Loss: 0.0168
Epoch 173 | Avg Loss: 0.0230
Epoch 174/500 | Batch 0 | Loss: 0.0113
Epoch 174/500 | Batch 10 | Loss: 0.1447
Epoch 174/500 | Batch 20 | Loss: 0.0225
Epoch 174/500 | Batch 30 | Loss: 0.0089
Epoch 174 | Avg Loss: 0.0266
Epoch 175/500 | Batch 0 | Loss: 0.0131
Epoch 175/500 | Batch 10 | Loss: 0.1218
Epoch 175/500 | Batch 20 | Loss: 0.0028
Epoch 175/500 | Batch 30 | Loss: 0.0035
Epoch 175 | Avg Loss: 0.0242
Epoch 176/500 | Batch 0 | Loss: 0.0227
Epoch 176/500 | Batch 10 | Loss: 0.0178
Epoch 176/500 | Batch 20 | Loss: 0.0087
Epoch 176/500 | Batch 30 | Loss: 0.0054
Epoch 176 | Avg Loss: 0.0158
Epoch 177/500 | Batch 0 | Loss: 0.0692
Epoch 177/500 | Batch 10 | Loss: 0.0100
Epoch 177/500 | Batch 20 | Loss: 0.0099
Epoch 177/500 | Batch 30 | Loss: 0.0223
Epoch 177 | Avg Loss: 0.0246
Epoch 178/500 | Batch 0 | Loss: 0.0633
Epoch 178/500 | Batch 10 | Loss: 0.0036
Epoch 178/500 | Batch 20 | Loss: 0.0386
Epoch 178/500 | Batch 30 | Loss: 0.0458
Epoch 178 | Avg Loss: 0.0211
Epoch 179/500 | Batch 0 | Loss: 0.0105
Epoch 179/500 | Batch 10 | Loss: 0.0065
Epoch 179/500 | Batch 20 | Loss: 0.0148
Epoch 179/500 | Batch 30 | Loss: 0.0084
Epoch 179 | Avg Loss: 0.0200
Epoch 180/500 | Batch 0 | Loss: 0.0653
Epoch 180/500 | Batch 10 | Loss: 0.0428
Epoch 180/500 | Batch 20 | Loss: 0.0036
Epoch 180/500 | Batch 30 | Loss: 0.0307
Epoch 180 | Avg Loss: 0.0194
Epoch 181/500 | Batch 0 | Loss: 0.0134
Epoch 181/500 | Batch 10 | Loss: 0.0230
Epoch 181/500 | Batch 20 | Loss: 0.0266
Epoch 181/500 | Batch 30 | Loss: 0.0103
Epoch 181 | Avg Loss: 0.0224
Epoch 182/500 | Batch 0 | Loss: 0.0229
Epoch 182/500 | Batch 10 | Loss: 0.0592
Epoch 182/500 | Batch 20 | Loss: 0.0026
Epoch 182/500 | Batch 30 | Loss: 0.0043
Epoch 182 | Avg Loss: 0.0191
Epoch 183/500 | Batch 0 | Loss: 0.0190
Epoch 183/500 | Batch 10 | Loss: 0.0556
Epoch 183/500 | Batch 20 | Loss: 0.0061
Epoch 183/500 | Batch 30 | Loss: 0.0705
Epoch 183 | Avg Loss: 0.0241
Epoch 184/500 | Batch 0 | Loss: 0.0086
Epoch 184/500 | Batch 10 | Loss: 0.0236
Epoch 184/500 | Batch 20 | Loss: 0.0104
Epoch 184/500 | Batch 30 | Loss: 0.0076
Epoch 184 | Avg Loss: 0.0179
Epoch 185/500 | Batch 0 | Loss: 0.0139
Epoch 185/500 | Batch 10 | Loss: 0.0059
Epoch 185/500 | Batch 20 | Loss: 0.0207
Epoch 185/500 | Batch 30 | Loss: 0.0103
Epoch 185 | Avg Loss: 0.0158
Epoch 186/500 | Batch 0 | Loss: 0.0126
Epoch 186/500 | Batch 10 | Loss: 0.0140
Epoch 186/500 | Batch 20 | Loss: 0.0485
Epoch 186/500 | Batch 30 | Loss: 0.0052
Epoch 186 | Avg Loss: 0.0286
Epoch 187/500 | Batch 0 | Loss: 0.0192
Epoch 187/500 | Batch 10 | Loss: 0.0053
Epoch 187/500 | Batch 20 | Loss: 0.0101
Epoch 187/500 | Batch 30 | Loss: 0.0762
Epoch 187 | Avg Loss: 0.0171
Epoch 188/500 | Batch 0 | Loss: 0.0155
Epoch 188/500 | Batch 10 | Loss: 0.0250
Epoch 188/500 | Batch 20 | Loss: 0.0037
Epoch 188/500 | Batch 30 | Loss: 0.0042
Epoch 188 | Avg Loss: 0.0319
Epoch 189/500 | Batch 0 | Loss: 0.0498
Epoch 189/500 | Batch 10 | Loss: 0.0282
Epoch 189/500 | Batch 20 | Loss: 0.0078
Epoch 189/500 | Batch 30 | Loss: 0.0061
Epoch 189 | Avg Loss: 0.0238
Epoch 190/500 | Batch 0 | Loss: 0.0300
Epoch 190/500 | Batch 10 | Loss: 0.0125
Epoch 190/500 | Batch 20 | Loss: 0.0171
Epoch 190/500 | Batch 30 | Loss: 0.0221
Epoch 190 | Avg Loss: 0.0251
Epoch 191/500 | Batch 0 | Loss: 0.0102
Epoch 191/500 | Batch 10 | Loss: 0.0149
Epoch 191/500 | Batch 20 | Loss: 0.0068
Epoch 191/500 | Batch 30 | Loss: 0.0635
Epoch 191 | Avg Loss: 0.0208
Epoch 192/500 | Batch 0 | Loss: 0.0041
Epoch 192/500 | Batch 10 | Loss: 0.0059
Epoch 192/500 | Batch 20 | Loss: 0.0222
Epoch 192/500 | Batch 30 | Loss: 0.0340
Epoch 192 | Avg Loss: 0.0252
Epoch 193/500 | Batch 0 | Loss: 0.0022
Epoch 193/500 | Batch 10 | Loss: 0.0094
Epoch 193/500 | Batch 20 | Loss: 0.0030
Epoch 193/500 | Batch 30 | Loss: 0.0048
Epoch 193 | Avg Loss: 0.0188
Epoch 194/500 | Batch 0 | Loss: 0.0110
Epoch 194/500 | Batch 10 | Loss: 0.0059
Epoch 194/500 | Batch 20 | Loss: 0.0112
Epoch 194/500 | Batch 30 | Loss: 0.0586
Epoch 194 | Avg Loss: 0.0183
Epoch 195/500 | Batch 0 | Loss: 0.0308
Epoch 195/500 | Batch 10 | Loss: 0.0641
Epoch 195/500 | Batch 20 | Loss: 0.0052
Epoch 195/500 | Batch 30 | Loss: 0.0138
Epoch 195 | Avg Loss: 0.0217
Epoch 196/500 | Batch 0 | Loss: 0.0165
Epoch 196/500 | Batch 10 | Loss: 0.0659
Epoch 196/500 | Batch 20 | Loss: 0.0157
Epoch 196/500 | Batch 30 | Loss: 0.0379
Epoch 196 | Avg Loss: 0.0208
Epoch 197/500 | Batch 0 | Loss: 0.0045
Epoch 197/500 | Batch 10 | Loss: 0.0095
Epoch 197/500 | Batch 20 | Loss: 0.0122
Epoch 197/500 | Batch 30 | Loss: 0.0294
Epoch 197 | Avg Loss: 0.0153
Epoch 198/500 | Batch 0 | Loss: 0.0239
Epoch 198/500 | Batch 10 | Loss: 0.0028
Epoch 198/500 | Batch 20 | Loss: 0.1472
Epoch 198/500 | Batch 30 | Loss: 0.0048
Epoch 198 | Avg Loss: 0.0296
Epoch 199/500 | Batch 0 | Loss: 0.0114
Epoch 199/500 | Batch 10 | Loss: 0.0258
Epoch 199/500 | Batch 20 | Loss: 0.0263
Epoch 199/500 | Batch 30 | Loss: 0.0399
Epoch 199 | Avg Loss: 0.0191
Epoch 200/500 | Batch 0 | Loss: 0.0659
Epoch 200/500 | Batch 10 | Loss: 0.0539
Epoch 200/500 | Batch 20 | Loss: 0.0065
Epoch 200/500 | Batch 30 | Loss: 0.0050
Epoch 200 | Avg Loss: 0.0175
Epoch 201/500 | Batch 0 | Loss: 0.0138
Epoch 201/500 | Batch 10 | Loss: 0.0071
Epoch 201/500 | Batch 20 | Loss: 0.0164
Epoch 201/500 | Batch 30 | Loss: 0.0041
Epoch 201 | Avg Loss: 0.0174
Epoch 202/500 | Batch 0 | Loss: 0.0041
Epoch 202/500 | Batch 10 | Loss: 0.0020
Epoch 202/500 | Batch 20 | Loss: 0.0417
Epoch 202/500 | Batch 30 | Loss: 0.0159
Epoch 202 | Avg Loss: 0.0217
Epoch 203/500 | Batch 0 | Loss: 0.0254
Epoch 203/500 | Batch 10 | Loss: 0.0070
Epoch 203/500 | Batch 20 | Loss: 0.0058
Epoch 203/500 | Batch 30 | Loss: 0.0201
Epoch 203 | Avg Loss: 0.0191
Epoch 204/500 | Batch 0 | Loss: 0.0011
Epoch 204/500 | Batch 10 | Loss: 0.0046
Epoch 204/500 | Batch 20 | Loss: 0.0366
Epoch 204/500 | Batch 30 | Loss: 0.0203
Epoch 204 | Avg Loss: 0.0197
Epoch 205/500 | Batch 0 | Loss: 0.0257
Epoch 205/500 | Batch 10 | Loss: 0.0167
Epoch 205/500 | Batch 20 | Loss: 0.0041
Epoch 205/500 | Batch 30 | Loss: 0.0108
Epoch 205 | Avg Loss: 0.0182
Epoch 206/500 | Batch 0 | Loss: 0.0491
Epoch 206/500 | Batch 10 | Loss: 0.0087
Epoch 206/500 | Batch 20 | Loss: 0.0021
Epoch 206/500 | Batch 30 | Loss: 0.0251
Epoch 206 | Avg Loss: 0.0185
Epoch 207/500 | Batch 0 | Loss: 0.0224
Epoch 207/500 | Batch 10 | Loss: 0.0033
Epoch 207/500 | Batch 20 | Loss: 0.0056
Epoch 207/500 | Batch 30 | Loss: 0.0027
Epoch 207 | Avg Loss: 0.0285
Epoch 208/500 | Batch 0 | Loss: 0.0069
Epoch 208/500 | Batch 10 | Loss: 0.0154
Epoch 208/500 | Batch 20 | Loss: 0.0174
Epoch 208/500 | Batch 30 | Loss: 0.0603
Epoch 208 | Avg Loss: 0.0207
Epoch 209/500 | Batch 0 | Loss: 0.0039
Epoch 209/500 | Batch 10 | Loss: 0.0385
Epoch 209/500 | Batch 20 | Loss: 0.0045
Epoch 209/500 | Batch 30 | Loss: 0.0489
Epoch 209 | Avg Loss: 0.0196
Epoch 210/500 | Batch 0 | Loss: 0.0040
Epoch 210/500 | Batch 10 | Loss: 0.0292
Epoch 210/500 | Batch 20 | Loss: 0.0053
Epoch 210/500 | Batch 30 | Loss: 0.0078
Epoch 210 | Avg Loss: 0.0180
Epoch 211/500 | Batch 0 | Loss: 0.0035
Epoch 211/500 | Batch 10 | Loss: 0.0571
Epoch 211/500 | Batch 20 | Loss: 0.0080
Epoch 211/500 | Batch 30 | Loss: 0.0098
Epoch 211 | Avg Loss: 0.0153
Epoch 212/500 | Batch 0 | Loss: 0.0562
Epoch 212/500 | Batch 10 | Loss: 0.0055
Epoch 212/500 | Batch 20 | Loss: 0.0042
Epoch 212/500 | Batch 30 | Loss: 0.0131
Epoch 212 | Avg Loss: 0.0202
Epoch 213/500 | Batch 0 | Loss: 0.0139
Epoch 213/500 | Batch 10 | Loss: 0.0447
Epoch 213/500 | Batch 20 | Loss: 0.0303
Epoch 213/500 | Batch 30 | Loss: 0.0913
Epoch 213 | Avg Loss: 0.0165
Epoch 214/500 | Batch 0 | Loss: 0.0228
Epoch 214/500 | Batch 10 | Loss: 0.0310
Epoch 214/500 | Batch 20 | Loss: 0.0067
Epoch 214/500 | Batch 30 | Loss: 0.0017
Epoch 214 | Avg Loss: 0.0183
Epoch 215/500 | Batch 0 | Loss: 0.0086
Epoch 215/500 | Batch 10 | Loss: 0.0039
Epoch 215/500 | Batch 20 | Loss: 0.0429
Epoch 215/500 | Batch 30 | Loss: 0.0035
Epoch 215 | Avg Loss: 0.0212
Epoch 216/500 | Batch 0 | Loss: 0.0039
Epoch 216/500 | Batch 10 | Loss: 0.0456
Epoch 216/500 | Batch 20 | Loss: 0.0180
Epoch 216/500 | Batch 30 | Loss: 0.0039
Epoch 216 | Avg Loss: 0.0174
Epoch 217/500 | Batch 0 | Loss: 0.0446
Epoch 217/500 | Batch 10 | Loss: 0.0064
Epoch 217/500 | Batch 20 | Loss: 0.0094
Epoch 217/500 | Batch 30 | Loss: 0.0023
Epoch 217 | Avg Loss: 0.0135
Epoch 218/500 | Batch 0 | Loss: 0.0104
Epoch 218/500 | Batch 10 | Loss: 0.0094
Epoch 218/500 | Batch 20 | Loss: 0.0018
Epoch 218/500 | Batch 30 | Loss: 0.0423
Epoch 218 | Avg Loss: 0.0172
Epoch 219/500 | Batch 0 | Loss: 0.0239
Epoch 219/500 | Batch 10 | Loss: 0.0192
Epoch 219/500 | Batch 20 | Loss: 0.0016
Epoch 219/500 | Batch 30 | Loss: 0.0204
Epoch 219 | Avg Loss: 0.0176
Epoch 220/500 | Batch 0 | Loss: 0.0340
Epoch 220/500 | Batch 10 | Loss: 0.0079
Epoch 220/500 | Batch 20 | Loss: 0.0150
Epoch 220/500 | Batch 30 | Loss: 0.0266
Epoch 220 | Avg Loss: 0.0200
Epoch 221/500 | Batch 0 | Loss: 0.0090
Epoch 221/500 | Batch 10 | Loss: 0.0980
Epoch 221/500 | Batch 20 | Loss: 0.0016
Epoch 221/500 | Batch 30 | Loss: 0.0368
Epoch 221 | Avg Loss: 0.0224
Epoch 222/500 | Batch 0 | Loss: 0.0058
Epoch 222/500 | Batch 10 | Loss: 0.0526
Epoch 222/500 | Batch 20 | Loss: 0.0714
Epoch 222/500 | Batch 30 | Loss: 0.0737
Epoch 222 | Avg Loss: 0.0215
Epoch 223/500 | Batch 0 | Loss: 0.0139
Epoch 223/500 | Batch 10 | Loss: 0.0040
Epoch 223/500 | Batch 20 | Loss: 0.0065
Epoch 223/500 | Batch 30 | Loss: 0.0126
Epoch 223 | Avg Loss: 0.0163
Epoch 224/500 | Batch 0 | Loss: 0.0249
Epoch 224/500 | Batch 10 | Loss: 0.0258
Epoch 224/500 | Batch 20 | Loss: 0.0165
Epoch 224/500 | Batch 30 | Loss: 0.0032
Epoch 224 | Avg Loss: 0.0145
Epoch 225/500 | Batch 0 | Loss: 0.0026
Epoch 225/500 | Batch 10 | Loss: 0.0175
Epoch 225/500 | Batch 20 | Loss: 0.0056
Epoch 225/500 | Batch 30 | Loss: 0.0054
Epoch 225 | Avg Loss: 0.0175
Epoch 226/500 | Batch 0 | Loss: 0.0063
Epoch 226/500 | Batch 10 | Loss: 0.0713
Epoch 226/500 | Batch 20 | Loss: 0.0121
Epoch 226/500 | Batch 30 | Loss: 0.0121
Epoch 226 | Avg Loss: 0.0179
Epoch 227/500 | Batch 0 | Loss: 0.0192
Epoch 227/500 | Batch 10 | Loss: 0.0079
Epoch 227/500 | Batch 20 | Loss: 0.0012
Epoch 227/500 | Batch 30 | Loss: 0.0044
Epoch 227 | Avg Loss: 0.0147
Epoch 228/500 | Batch 0 | Loss: 0.0043
Epoch 228/500 | Batch 10 | Loss: 0.0050
Epoch 228/500 | Batch 20 | Loss: 0.0093
Epoch 228/500 | Batch 30 | Loss: 0.0155
Epoch 228 | Avg Loss: 0.0166
Epoch 229/500 | Batch 0 | Loss: 0.0193
Epoch 229/500 | Batch 10 | Loss: 0.0083
Epoch 229/500 | Batch 20 | Loss: 0.0101
Epoch 229/500 | Batch 30 | Loss: 0.0298
Epoch 229 | Avg Loss: 0.0193
Epoch 230/500 | Batch 0 | Loss: 0.0131
Epoch 230/500 | Batch 10 | Loss: 0.0071
Epoch 230/500 | Batch 20 | Loss: 0.0565
Epoch 230/500 | Batch 30 | Loss: 0.0077
Epoch 230 | Avg Loss: 0.0132
Epoch 231/500 | Batch 0 | Loss: 0.0551
Epoch 231/500 | Batch 10 | Loss: 0.0046
Epoch 231/500 | Batch 20 | Loss: 0.0024
Epoch 231/500 | Batch 30 | Loss: 0.0202
Epoch 231 | Avg Loss: 0.0161
Epoch 232/500 | Batch 0 | Loss: 0.0428
Epoch 232/500 | Batch 10 | Loss: 0.0947
Epoch 232/500 | Batch 20 | Loss: 0.0153
Epoch 232/500 | Batch 30 | Loss: 0.0424
Epoch 232 | Avg Loss: 0.0199
Epoch 233/500 | Batch 0 | Loss: 0.0034
Epoch 233/500 | Batch 10 | Loss: 0.0033
Epoch 233/500 | Batch 20 | Loss: 0.0149
Epoch 233/500 | Batch 30 | Loss: 0.0210
Epoch 233 | Avg Loss: 0.0172
Epoch 234/500 | Batch 0 | Loss: 0.0067
Epoch 234/500 | Batch 10 | Loss: 0.0686
Epoch 234/500 | Batch 20 | Loss: 0.0081
Epoch 234/500 | Batch 30 | Loss: 0.0329
Epoch 234 | Avg Loss: 0.0222
Epoch 235/500 | Batch 0 | Loss: 0.0017
Epoch 235/500 | Batch 10 | Loss: 0.0100
Epoch 235/500 | Batch 20 | Loss: 0.0016
Epoch 235/500 | Batch 30 | Loss: 0.0031
Epoch 235 | Avg Loss: 0.0108
Epoch 236/500 | Batch 0 | Loss: 0.0046
Epoch 236/500 | Batch 10 | Loss: 0.0119
Epoch 236/500 | Batch 20 | Loss: 0.0340
Epoch 236/500 | Batch 30 | Loss: 0.0017
Epoch 236 | Avg Loss: 0.0118
Epoch 237/500 | Batch 0 | Loss: 0.0057
Epoch 237/500 | Batch 10 | Loss: 0.0132
Epoch 237/500 | Batch 20 | Loss: 0.0052
Epoch 237/500 | Batch 30 | Loss: 0.0332
Epoch 237 | Avg Loss: 0.0126
Epoch 238/500 | Batch 0 | Loss: 0.0027
Epoch 238/500 | Batch 10 | Loss: 0.0046
Epoch 238/500 | Batch 20 | Loss: 0.0054
Epoch 238/500 | Batch 30 | Loss: 0.0118
Epoch 238 | Avg Loss: 0.0303
Epoch 239/500 | Batch 0 | Loss: 0.0231
Epoch 239/500 | Batch 10 | Loss: 0.0126
Epoch 239/500 | Batch 20 | Loss: 0.0277
Epoch 239/500 | Batch 30 | Loss: 0.0046
Epoch 239 | Avg Loss: 0.0182
Epoch 240/500 | Batch 0 | Loss: 0.0051
Epoch 240/500 | Batch 10 | Loss: 0.0312
Epoch 240/500 | Batch 20 | Loss: 0.0623
Epoch 240/500 | Batch 30 | Loss: 0.0201
Epoch 240 | Avg Loss: 0.0151
Epoch 241/500 | Batch 0 | Loss: 0.0009
Epoch 241/500 | Batch 10 | Loss: 0.0174
Epoch 241/500 | Batch 20 | Loss: 0.0192
Epoch 241/500 | Batch 30 | Loss: 0.0052
Epoch 241 | Avg Loss: 0.0126
Epoch 242/500 | Batch 0 | Loss: 0.0031
Epoch 242/500 | Batch 10 | Loss: 0.0377
Epoch 242/500 | Batch 20 | Loss: 0.0038
Epoch 242/500 | Batch 30 | Loss: 0.0059
Epoch 242 | Avg Loss: 0.0176
Epoch 243/500 | Batch 0 | Loss: 0.0064
Epoch 243/500 | Batch 10 | Loss: 0.0048
Epoch 243/500 | Batch 20 | Loss: 0.0010
Epoch 243/500 | Batch 30 | Loss: 0.0083
Epoch 243 | Avg Loss: 0.0199
Epoch 244/500 | Batch 0 | Loss: 0.0072
Epoch 244/500 | Batch 10 | Loss: 0.0114
Epoch 244/500 | Batch 20 | Loss: 0.0255
Epoch 244/500 | Batch 30 | Loss: 0.0054
Epoch 244 | Avg Loss: 0.0141
Epoch 245/500 | Batch 0 | Loss: 0.0063
Epoch 245/500 | Batch 10 | Loss: 0.0022
Epoch 245/500 | Batch 20 | Loss: 0.0733
Epoch 245/500 | Batch 30 | Loss: 0.0087
Epoch 245 | Avg Loss: 0.0141
Epoch 246/500 | Batch 0 | Loss: 0.0112
Epoch 246/500 | Batch 10 | Loss: 0.0546
Epoch 246/500 | Batch 20 | Loss: 0.0005
Epoch 246/500 | Batch 30 | Loss: 0.0025
Epoch 246 | Avg Loss: 0.0106
Epoch 247/500 | Batch 0 | Loss: 0.0129
Epoch 247/500 | Batch 10 | Loss: 0.0307
Epoch 247/500 | Batch 20 | Loss: 0.0698
Epoch 247/500 | Batch 30 | Loss: 0.0107
Epoch 247 | Avg Loss: 0.0158
Epoch 248/500 | Batch 0 | Loss: 0.0013
Epoch 248/500 | Batch 10 | Loss: 0.0218
Epoch 248/500 | Batch 20 | Loss: 0.0084
Epoch 248/500 | Batch 30 | Loss: 0.0896
Epoch 248 | Avg Loss: 0.0198
Epoch 249/500 | Batch 0 | Loss: 0.0218
Epoch 249/500 | Batch 10 | Loss: 0.0089
Epoch 249/500 | Batch 20 | Loss: 0.0326
Epoch 249/500 | Batch 30 | Loss: 0.0008
Epoch 249 | Avg Loss: 0.0164
Epoch 250/500 | Batch 0 | Loss: 0.0226
Epoch 250/500 | Batch 10 | Loss: 0.0103
Epoch 250/500 | Batch 20 | Loss: 0.0015
Epoch 250/500 | Batch 30 | Loss: 0.0144
Epoch 250 | Avg Loss: 0.0112
Epoch 251/500 | Batch 0 | Loss: 0.0075
Epoch 251/500 | Batch 10 | Loss: 0.0097
Epoch 251/500 | Batch 20 | Loss: 0.0229
Epoch 251/500 | Batch 30 | Loss: 0.0068
Epoch 251 | Avg Loss: 0.0138
Epoch 252/500 | Batch 0 | Loss: 0.0371
Epoch 252/500 | Batch 10 | Loss: 0.0798
Epoch 252/500 | Batch 20 | Loss: 0.0431
Epoch 252/500 | Batch 30 | Loss: 0.0210
Epoch 252 | Avg Loss: 0.0230
Epoch 253/500 | Batch 0 | Loss: 0.0022
Epoch 253/500 | Batch 10 | Loss: 0.0021
Epoch 253/500 | Batch 20 | Loss: 0.0084
Epoch 253/500 | Batch 30 | Loss: 0.0025
Epoch 253 | Avg Loss: 0.0234
Epoch 254/500 | Batch 0 | Loss: 0.0617
Epoch 254/500 | Batch 10 | Loss: 0.0084
Epoch 254/500 | Batch 20 | Loss: 0.0319
Epoch 254/500 | Batch 30 | Loss: 0.0982
Epoch 254 | Avg Loss: 0.0217
Epoch 255/500 | Batch 0 | Loss: 0.0325
Epoch 255/500 | Batch 10 | Loss: 0.0052
Epoch 255/500 | Batch 20 | Loss: 0.0124
Epoch 255/500 | Batch 30 | Loss: 0.0054
Epoch 255 | Avg Loss: 0.0180
Epoch 256/500 | Batch 0 | Loss: 0.0047
Epoch 256/500 | Batch 10 | Loss: 0.0040
Epoch 256/500 | Batch 20 | Loss: 0.0271
Epoch 256/500 | Batch 30 | Loss: 0.0599
Epoch 256 | Avg Loss: 0.0252
Epoch 257/500 | Batch 0 | Loss: 0.0147
Epoch 257/500 | Batch 10 | Loss: 0.0034
Epoch 257/500 | Batch 20 | Loss: 0.0039
Epoch 257/500 | Batch 30 | Loss: 0.0204
Epoch 257 | Avg Loss: 0.0133
Epoch 258/500 | Batch 0 | Loss: 0.0937
Epoch 258/500 | Batch 10 | Loss: 0.0063
Epoch 258/500 | Batch 20 | Loss: 0.0349
Epoch 258/500 | Batch 30 | Loss: 0.0100
Epoch 258 | Avg Loss: 0.0178
Epoch 259/500 | Batch 0 | Loss: 0.0548
Epoch 259/500 | Batch 10 | Loss: 0.0076
Epoch 259/500 | Batch 20 | Loss: 0.0044
Epoch 259/500 | Batch 30 | Loss: 0.0081
Epoch 259 | Avg Loss: 0.0142
Epoch 260/500 | Batch 0 | Loss: 0.0039
Epoch 260/500 | Batch 10 | Loss: 0.0285
Epoch 260/500 | Batch 20 | Loss: 0.0063
Epoch 260/500 | Batch 30 | Loss: 0.0180
Epoch 260 | Avg Loss: 0.0092
Epoch 261/500 | Batch 0 | Loss: 0.0091
Epoch 261/500 | Batch 10 | Loss: 0.0025
Epoch 261/500 | Batch 20 | Loss: 0.0111
Epoch 261/500 | Batch 30 | Loss: 0.0031
Epoch 261 | Avg Loss: 0.0167
Epoch 262/500 | Batch 0 | Loss: 0.0165
Epoch 262/500 | Batch 10 | Loss: 0.0174
Epoch 262/500 | Batch 20 | Loss: 0.0197
Epoch 262/500 | Batch 30 | Loss: 0.0016
Epoch 262 | Avg Loss: 0.0181
Epoch 263/500 | Batch 0 | Loss: 0.0231
Epoch 263/500 | Batch 10 | Loss: 0.0119
Epoch 263/500 | Batch 20 | Loss: 0.0040
Epoch 263/500 | Batch 30 | Loss: 0.0136
Epoch 263 | Avg Loss: 0.0173
Epoch 264/500 | Batch 0 | Loss: 0.0018
Epoch 264/500 | Batch 10 | Loss: 0.0012
Epoch 264/500 | Batch 20 | Loss: 0.0431
Epoch 264/500 | Batch 30 | Loss: 0.0043
Epoch 264 | Avg Loss: 0.0198
Epoch 265/500 | Batch 0 | Loss: 0.0204
Epoch 265/500 | Batch 10 | Loss: 0.0061
Epoch 265/500 | Batch 20 | Loss: 0.0280
Epoch 265/500 | Batch 30 | Loss: 0.0096
Epoch 265 | Avg Loss: 0.0109
Epoch 266/500 | Batch 0 | Loss: 0.0412
Epoch 266/500 | Batch 10 | Loss: 0.0491
Epoch 266/500 | Batch 20 | Loss: 0.0201
Epoch 266/500 | Batch 30 | Loss: 0.0028
Epoch 266 | Avg Loss: 0.0232
Epoch 267/500 | Batch 0 | Loss: 0.0076
Epoch 267/500 | Batch 10 | Loss: 0.0162
Epoch 267/500 | Batch 20 | Loss: 0.0125
Epoch 267/500 | Batch 30 | Loss: 0.0052
Epoch 267 | Avg Loss: 0.0128
Epoch 268/500 | Batch 0 | Loss: 0.0052
Epoch 268/500 | Batch 10 | Loss: 0.0671
Epoch 268/500 | Batch 20 | Loss: 0.0162
Epoch 268/500 | Batch 30 | Loss: 0.0068
Epoch 268 | Avg Loss: 0.0205
Epoch 269/500 | Batch 0 | Loss: 0.0127
Epoch 269/500 | Batch 10 | Loss: 0.0538
Epoch 269/500 | Batch 20 | Loss: 0.0112
Epoch 269/500 | Batch 30 | Loss: 0.1612
Epoch 269 | Avg Loss: 0.0197
Epoch 270/500 | Batch 0 | Loss: 0.0037
Epoch 270/500 | Batch 10 | Loss: 0.0392
Epoch 270/500 | Batch 20 | Loss: 0.0269
Epoch 270/500 | Batch 30 | Loss: 0.0217
Epoch 270 | Avg Loss: 0.0135
Epoch 271/500 | Batch 0 | Loss: 0.0304
Epoch 271/500 | Batch 10 | Loss: 0.0085
Epoch 271/500 | Batch 20 | Loss: 0.0019
Epoch 271/500 | Batch 30 | Loss: 0.0099
Epoch 271 | Avg Loss: 0.0130
Epoch 272/500 | Batch 0 | Loss: 0.0057
Epoch 272/500 | Batch 10 | Loss: 0.0052
Epoch 272/500 | Batch 20 | Loss: 0.0010
Epoch 272/500 | Batch 30 | Loss: 0.0020
Epoch 272 | Avg Loss: 0.0098
Epoch 273/500 | Batch 0 | Loss: 0.0173
Epoch 273/500 | Batch 10 | Loss: 0.0082
Epoch 273/500 | Batch 20 | Loss: 0.0183
Epoch 273/500 | Batch 30 | Loss: 0.0419
Epoch 273 | Avg Loss: 0.0144
Epoch 274/500 | Batch 0 | Loss: 0.0013
Epoch 274/500 | Batch 10 | Loss: 0.0146
Epoch 274/500 | Batch 20 | Loss: 0.0007
Epoch 274/500 | Batch 30 | Loss: 0.0117
Epoch 274 | Avg Loss: 0.0130
Epoch 275/500 | Batch 0 | Loss: 0.0065
Epoch 275/500 | Batch 10 | Loss: 0.0051
Epoch 275/500 | Batch 20 | Loss: 0.0017
Epoch 275/500 | Batch 30 | Loss: 0.0018
Epoch 275 | Avg Loss: 0.0141
Epoch 276/500 | Batch 0 | Loss: 0.0066
Epoch 276/500 | Batch 10 | Loss: 0.0020
Epoch 276/500 | Batch 20 | Loss: 0.0109
Epoch 276/500 | Batch 30 | Loss: 0.0687
Epoch 276 | Avg Loss: 0.0140
Epoch 277/500 | Batch 0 | Loss: 0.0148
Epoch 277/500 | Batch 10 | Loss: 0.0569
Epoch 277/500 | Batch 20 | Loss: 0.0404
Epoch 277/500 | Batch 30 | Loss: 0.0022
Epoch 277 | Avg Loss: 0.0108
Epoch 278/500 | Batch 0 | Loss: 0.1071
Epoch 278/500 | Batch 10 | Loss: 0.0375
Epoch 278/500 | Batch 20 | Loss: 0.0099
Epoch 278/500 | Batch 30 | Loss: 0.0190
Epoch 278 | Avg Loss: 0.0190
Epoch 279/500 | Batch 0 | Loss: 0.0040
Epoch 279/500 | Batch 10 | Loss: 0.0126
Epoch 279/500 | Batch 20 | Loss: 0.0008
Epoch 279/500 | Batch 30 | Loss: 0.0025
Epoch 279 | Avg Loss: 0.0134
Epoch 280/500 | Batch 0 | Loss: 0.0335
Epoch 280/500 | Batch 10 | Loss: 0.0054
Epoch 280/500 | Batch 20 | Loss: 0.0379
Epoch 280/500 | Batch 30 | Loss: 0.0015
Epoch 280 | Avg Loss: 0.0154
Epoch 281/500 | Batch 0 | Loss: 0.0342
Epoch 281/500 | Batch 10 | Loss: 0.0170
Epoch 281/500 | Batch 20 | Loss: 0.0452
Epoch 281/500 | Batch 30 | Loss: 0.0084
Epoch 281 | Avg Loss: 0.0174
Epoch 282/500 | Batch 0 | Loss: 0.0093
Epoch 282/500 | Batch 10 | Loss: 0.0138
Epoch 282/500 | Batch 20 | Loss: 0.0042
Epoch 282/500 | Batch 30 | Loss: 0.0016
Epoch 282 | Avg Loss: 0.0114
Epoch 283/500 | Batch 0 | Loss: 0.0009
Epoch 283/500 | Batch 10 | Loss: 0.0158
Epoch 283/500 | Batch 20 | Loss: 0.0438
Epoch 283/500 | Batch 30 | Loss: 0.0072
Epoch 283 | Avg Loss: 0.0157
Epoch 284/500 | Batch 0 | Loss: 0.0024
Epoch 284/500 | Batch 10 | Loss: 0.0018
Epoch 284/500 | Batch 20 | Loss: 0.0082
Epoch 284/500 | Batch 30 | Loss: 0.0026
Epoch 284 | Avg Loss: 0.0123
Epoch 285/500 | Batch 0 | Loss: 0.0035
Epoch 285/500 | Batch 10 | Loss: 0.0033
Epoch 285/500 | Batch 20 | Loss: 0.0024
Epoch 285/500 | Batch 30 | Loss: 0.0040
Epoch 285 | Avg Loss: 0.0129
Epoch 286/500 | Batch 0 | Loss: 0.0014
Epoch 286/500 | Batch 10 | Loss: 0.0051
Epoch 286/500 | Batch 20 | Loss: 0.0061
Epoch 286/500 | Batch 30 | Loss: 0.0483
Epoch 286 | Avg Loss: 0.0171
Epoch 287/500 | Batch 0 | Loss: 0.0047
Epoch 287/500 | Batch 10 | Loss: 0.0089
Epoch 287/500 | Batch 20 | Loss: 0.0157
Epoch 287/500 | Batch 30 | Loss: 0.0022
Epoch 287 | Avg Loss: 0.0113
Epoch 288/500 | Batch 0 | Loss: 0.0034
Epoch 288/500 | Batch 10 | Loss: 0.0119
Epoch 288/500 | Batch 20 | Loss: 0.0012
Epoch 288/500 | Batch 30 | Loss: 0.0311
Epoch 288 | Avg Loss: 0.0120
Epoch 289/500 | Batch 0 | Loss: 0.0010
Epoch 289/500 | Batch 10 | Loss: 0.0034
Epoch 289/500 | Batch 20 | Loss: 0.0019
Epoch 289/500 | Batch 30 | Loss: 0.0161
Epoch 289 | Avg Loss: 0.0152
Epoch 290/500 | Batch 0 | Loss: 0.0011
Epoch 290/500 | Batch 10 | Loss: 0.0067
Epoch 290/500 | Batch 20 | Loss: 0.0052
Epoch 290/500 | Batch 30 | Loss: 0.0215
Epoch 290 | Avg Loss: 0.0190
Epoch 291/500 | Batch 0 | Loss: 0.0010
Epoch 291/500 | Batch 10 | Loss: 0.0085
Epoch 291/500 | Batch 20 | Loss: 0.0128
Epoch 291/500 | Batch 30 | Loss: 0.0009
Epoch 291 | Avg Loss: 0.0174
Epoch 292/500 | Batch 0 | Loss: 0.0102
Epoch 292/500 | Batch 10 | Loss: 0.1112
Epoch 292/500 | Batch 20 | Loss: 0.0155
Epoch 292/500 | Batch 30 | Loss: 0.0088
Epoch 292 | Avg Loss: 0.0128
Epoch 293/500 | Batch 0 | Loss: 0.0675
Epoch 293/500 | Batch 10 | Loss: 0.0011
Epoch 293/500 | Batch 20 | Loss: 0.0029
Epoch 293/500 | Batch 30 | Loss: 0.0039
Epoch 293 | Avg Loss: 0.0096
Epoch 294/500 | Batch 0 | Loss: 0.0181
Epoch 294/500 | Batch 10 | Loss: 0.0021
Epoch 294/500 | Batch 20 | Loss: 0.0013
Epoch 294/500 | Batch 30 | Loss: 0.0223
Epoch 294 | Avg Loss: 0.0108
Epoch 295/500 | Batch 0 | Loss: 0.0073
Epoch 295/500 | Batch 10 | Loss: 0.0012
Epoch 295/500 | Batch 20 | Loss: 0.0028
Epoch 295/500 | Batch 30 | Loss: 0.0014
Epoch 295 | Avg Loss: 0.0120
Epoch 296/500 | Batch 0 | Loss: 0.0017
Epoch 296/500 | Batch 10 | Loss: 0.0025
Epoch 296/500 | Batch 20 | Loss: 0.0133
Epoch 296/500 | Batch 30 | Loss: 0.0030
Epoch 296 | Avg Loss: 0.0104
Epoch 297/500 | Batch 0 | Loss: 0.0009
Epoch 297/500 | Batch 10 | Loss: 0.0112
Epoch 297/500 | Batch 20 | Loss: 0.0315
Epoch 297/500 | Batch 30 | Loss: 0.0067
Epoch 297 | Avg Loss: 0.0085
Epoch 298/500 | Batch 0 | Loss: 0.0513
Epoch 298/500 | Batch 10 | Loss: 0.0238
Epoch 298/500 | Batch 20 | Loss: 0.0051
Epoch 298/500 | Batch 30 | Loss: 0.0063
Epoch 298 | Avg Loss: 0.0178
Epoch 299/500 | Batch 0 | Loss: 0.0172
Epoch 299/500 | Batch 10 | Loss: 0.0131
Epoch 299/500 | Batch 20 | Loss: 0.0021
Epoch 299/500 | Batch 30 | Loss: 0.0204
Epoch 299 | Avg Loss: 0.0123
Epoch 300/500 | Batch 0 | Loss: 0.0020
Epoch 300/500 | Batch 10 | Loss: 0.0241
Epoch 300/500 | Batch 20 | Loss: 0.0006
Epoch 300/500 | Batch 30 | Loss: 0.0169
Epoch 300 | Avg Loss: 0.0101
Epoch 301/500 | Batch 0 | Loss: 0.0019
Epoch 301/500 | Batch 10 | Loss: 0.0231
Epoch 301/500 | Batch 20 | Loss: 0.0502
Epoch 301/500 | Batch 30 | Loss: 0.0697
Epoch 301 | Avg Loss: 0.0149
Epoch 302/500 | Batch 0 | Loss: 0.0120
Epoch 302/500 | Batch 10 | Loss: 0.0015
Epoch 302/500 | Batch 20 | Loss: 0.0171
Epoch 302/500 | Batch 30 | Loss: 0.0074
Epoch 302 | Avg Loss: 0.0103
Epoch 303/500 | Batch 0 | Loss: 0.0150
Epoch 303/500 | Batch 10 | Loss: 0.0016
Epoch 303/500 | Batch 20 | Loss: 0.0023
Epoch 303/500 | Batch 30 | Loss: 0.0023
Epoch 303 | Avg Loss: 0.0091
Epoch 304/500 | Batch 0 | Loss: 0.0116
Epoch 304/500 | Batch 10 | Loss: 0.0036
Epoch 304/500 | Batch 20 | Loss: 0.0009
Epoch 304/500 | Batch 30 | Loss: 0.0014
Epoch 304 | Avg Loss: 0.0105
Epoch 305/500 | Batch 0 | Loss: 0.0351
Epoch 305/500 | Batch 10 | Loss: 0.0028
Epoch 305/500 | Batch 20 | Loss: 0.0197
Epoch 305/500 | Batch 30 | Loss: 0.0031
Epoch 305 | Avg Loss: 0.0149
Epoch 306/500 | Batch 0 | Loss: 0.0009
Epoch 306/500 | Batch 10 | Loss: 0.0055
Epoch 306/500 | Batch 20 | Loss: 0.0009
Epoch 306/500 | Batch 30 | Loss: 0.0155
Epoch 306 | Avg Loss: 0.0106
Epoch 307/500 | Batch 0 | Loss: 0.0018
Epoch 307/500 | Batch 10 | Loss: 0.0142
Epoch 307/500 | Batch 20 | Loss: 0.0049
Epoch 307/500 | Batch 30 | Loss: 0.0087
Epoch 307 | Avg Loss: 0.0115
Epoch 308/500 | Batch 0 | Loss: 0.0371
Epoch 308/500 | Batch 10 | Loss: 0.0024
Epoch 308/500 | Batch 20 | Loss: 0.0021
Epoch 308/500 | Batch 30 | Loss: 0.0063
Epoch 308 | Avg Loss: 0.0119
Epoch 309/500 | Batch 0 | Loss: 0.0107
Epoch 309/500 | Batch 10 | Loss: 0.0297
Epoch 309/500 | Batch 20 | Loss: 0.0024
Epoch 309/500 | Batch 30 | Loss: 0.0100
Epoch 309 | Avg Loss: 0.0120
Epoch 310/500 | Batch 0 | Loss: 0.0009
Epoch 310/500 | Batch 10 | Loss: 0.0161
Epoch 310/500 | Batch 20 | Loss: 0.0076
Epoch 310/500 | Batch 30 | Loss: 0.0065
Epoch 310 | Avg Loss: 0.0091
Epoch 311/500 | Batch 0 | Loss: 0.0089
Epoch 311/500 | Batch 10 | Loss: 0.0214
Epoch 311/500 | Batch 20 | Loss: 0.0063
Epoch 311/500 | Batch 30 | Loss: 0.0043
Epoch 311 | Avg Loss: 0.0176
Epoch 312/500 | Batch 0 | Loss: 0.0065
Epoch 312/500 | Batch 10 | Loss: 0.0121
Epoch 312/500 | Batch 20 | Loss: 0.0018
Epoch 312/500 | Batch 30 | Loss: 0.0259
Epoch 312 | Avg Loss: 0.0097
Epoch 313/500 | Batch 0 | Loss: 0.0046
Epoch 313/500 | Batch 10 | Loss: 0.0041
Epoch 313/500 | Batch 20 | Loss: 0.0028
Epoch 313/500 | Batch 30 | Loss: 0.0043
Epoch 313 | Avg Loss: 0.0101
Epoch 314/500 | Batch 0 | Loss: 0.0073
Epoch 314/500 | Batch 10 | Loss: 0.0271
Epoch 314/500 | Batch 20 | Loss: 0.0035
Epoch 314/500 | Batch 30 | Loss: 0.0017
Epoch 314 | Avg Loss: 0.0070
Epoch 315/500 | Batch 0 | Loss: 0.0010
Epoch 315/500 | Batch 10 | Loss: 0.0027
Epoch 315/500 | Batch 20 | Loss: 0.0472
Epoch 315/500 | Batch 30 | Loss: 0.0410
Epoch 315 | Avg Loss: 0.0111
Epoch 316/500 | Batch 0 | Loss: 0.0148
Epoch 316/500 | Batch 10 | Loss: 0.0047
Epoch 316/500 | Batch 20 | Loss: 0.0197
Epoch 316/500 | Batch 30 | Loss: 0.0019
Epoch 316 | Avg Loss: 0.0140
Epoch 317/500 | Batch 0 | Loss: 0.0005
Epoch 317/500 | Batch 10 | Loss: 0.0014
Epoch 317/500 | Batch 20 | Loss: 0.0102
Epoch 317/500 | Batch 30 | Loss: 0.0066
Epoch 317 | Avg Loss: 0.0090
Epoch 318/500 | Batch 0 | Loss: 0.0132
Epoch 318/500 | Batch 10 | Loss: 0.0318
Epoch 318/500 | Batch 20 | Loss: 0.0009
Epoch 318/500 | Batch 30 | Loss: 0.0107
Epoch 318 | Avg Loss: 0.0082
Epoch 319/500 | Batch 0 | Loss: 0.0004
Epoch 319/500 | Batch 10 | Loss: 0.0230
Epoch 319/500 | Batch 20 | Loss: 0.0015
Epoch 319/500 | Batch 30 | Loss: 0.0036
Epoch 319 | Avg Loss: 0.0097
Epoch 320/500 | Batch 0 | Loss: 0.0052
Epoch 320/500 | Batch 10 | Loss: 0.0159
Epoch 320/500 | Batch 20 | Loss: 0.0030
Epoch 320/500 | Batch 30 | Loss: 0.0045
Epoch 320 | Avg Loss: 0.0123
Epoch 321/500 | Batch 0 | Loss: 0.0137
Epoch 321/500 | Batch 10 | Loss: 0.0025
Epoch 321/500 | Batch 20 | Loss: 0.0022
Epoch 321/500 | Batch 30 | Loss: 0.0010
Epoch 321 | Avg Loss: 0.0147
Epoch 322/500 | Batch 0 | Loss: 0.0009
Epoch 322/500 | Batch 10 | Loss: 0.0023
Epoch 322/500 | Batch 20 | Loss: 0.0038
Epoch 322/500 | Batch 30 | Loss: 0.0014
Epoch 322 | Avg Loss: 0.0070
Epoch 323/500 | Batch 0 | Loss: 0.0018
Epoch 323/500 | Batch 10 | Loss: 0.0022
Epoch 323/500 | Batch 20 | Loss: 0.0116
Epoch 323/500 | Batch 30 | Loss: 0.0362
Epoch 323 | Avg Loss: 0.0094
Epoch 324/500 | Batch 0 | Loss: 0.0154
Epoch 324/500 | Batch 10 | Loss: 0.0371
Epoch 324/500 | Batch 20 | Loss: 0.0046
Epoch 324/500 | Batch 30 | Loss: 0.0134
Epoch 324 | Avg Loss: 0.0088
Epoch 325/500 | Batch 0 | Loss: 0.0015
Epoch 325/500 | Batch 10 | Loss: 0.0059
Epoch 325/500 | Batch 20 | Loss: 0.0165
Epoch 325/500 | Batch 30 | Loss: 0.0028
Epoch 325 | Avg Loss: 0.0099
Epoch 326/500 | Batch 0 | Loss: 0.0005
Epoch 326/500 | Batch 10 | Loss: 0.0068
Epoch 326/500 | Batch 20 | Loss: 0.0073
Epoch 326/500 | Batch 30 | Loss: 0.0031
Epoch 326 | Avg Loss: 0.0110
Epoch 327/500 | Batch 0 | Loss: 0.0039
Epoch 327/500 | Batch 10 | Loss: 0.0135
Epoch 327/500 | Batch 20 | Loss: 0.0083
Epoch 327/500 | Batch 30 | Loss: 0.0019
Epoch 327 | Avg Loss: 0.0146
Epoch 328/500 | Batch 0 | Loss: 0.0129
Epoch 328/500 | Batch 10 | Loss: 0.0620
Epoch 328/500 | Batch 20 | Loss: 0.0101
Epoch 328/500 | Batch 30 | Loss: 0.0189
Epoch 328 | Avg Loss: 0.0131
Epoch 329/500 | Batch 0 | Loss: 0.0447
Epoch 329/500 | Batch 10 | Loss: 0.0044
Epoch 329/500 | Batch 20 | Loss: 0.0104
Epoch 329/500 | Batch 30 | Loss: 0.0229
Epoch 329 | Avg Loss: 0.0125
Epoch 330/500 | Batch 0 | Loss: 0.0160
Epoch 330/500 | Batch 10 | Loss: 0.0051
Epoch 330/500 | Batch 20 | Loss: 0.0036
Epoch 330/500 | Batch 30 | Loss: 0.0569
Epoch 330 | Avg Loss: 0.0109
Epoch 331/500 | Batch 0 | Loss: 0.0008
Epoch 331/500 | Batch 10 | Loss: 0.0616
Epoch 331/500 | Batch 20 | Loss: 0.0010
Epoch 331/500 | Batch 30 | Loss: 0.0052
Epoch 331 | Avg Loss: 0.0169
Epoch 332/500 | Batch 0 | Loss: 0.0041
Epoch 332/500 | Batch 10 | Loss: 0.0015
Epoch 332/500 | Batch 20 | Loss: 0.0215
Epoch 332/500 | Batch 30 | Loss: 0.0024
Epoch 332 | Avg Loss: 0.0139
Epoch 333/500 | Batch 0 | Loss: 0.0005
Epoch 333/500 | Batch 10 | Loss: 0.0009
Epoch 333/500 | Batch 20 | Loss: 0.1222
Epoch 333/500 | Batch 30 | Loss: 0.0016
Epoch 333 | Avg Loss: 0.0110
Epoch 334/500 | Batch 0 | Loss: 0.0638
Epoch 334/500 | Batch 10 | Loss: 0.0023
Epoch 334/500 | Batch 20 | Loss: 0.0017
Epoch 334/500 | Batch 30 | Loss: 0.0016
Epoch 334 | Avg Loss: 0.0070
Epoch 335/500 | Batch 0 | Loss: 0.0004
Epoch 335/500 | Batch 10 | Loss: 0.0064
Epoch 335/500 | Batch 20 | Loss: 0.0038
Epoch 335/500 | Batch 30 | Loss: 0.0021
Epoch 335 | Avg Loss: 0.0209
Epoch 336/500 | Batch 0 | Loss: 0.0051
Epoch 336/500 | Batch 10 | Loss: 0.0003
Epoch 336/500 | Batch 20 | Loss: 0.0728
Epoch 336/500 | Batch 30 | Loss: 0.0009
Epoch 336 | Avg Loss: 0.0128
Epoch 337/500 | Batch 0 | Loss: 0.0009
Epoch 337/500 | Batch 10 | Loss: 0.0014
Epoch 337/500 | Batch 20 | Loss: 0.0024
Epoch 337/500 | Batch 30 | Loss: 0.0016
Epoch 337 | Avg Loss: 0.0079
Epoch 338/500 | Batch 0 | Loss: 0.0258
Epoch 338/500 | Batch 10 | Loss: 0.0019
Epoch 338/500 | Batch 20 | Loss: 0.0030
Epoch 338/500 | Batch 30 | Loss: 0.0089
Epoch 338 | Avg Loss: 0.0176
Epoch 339/500 | Batch 0 | Loss: 0.0482
Epoch 339/500 | Batch 10 | Loss: 0.0017
Epoch 339/500 | Batch 20 | Loss: 0.0011
Epoch 339/500 | Batch 30 | Loss: 0.0401
Epoch 339 | Avg Loss: 0.0160
Epoch 340/500 | Batch 0 | Loss: 0.0008
Epoch 340/500 | Batch 10 | Loss: 0.0025
Epoch 340/500 | Batch 20 | Loss: 0.0016
Epoch 340/500 | Batch 30 | Loss: 0.0106
Epoch 340 | Avg Loss: 0.0096
Epoch 341/500 | Batch 0 | Loss: 0.0149
Epoch 341/500 | Batch 10 | Loss: 0.0024
Epoch 341/500 | Batch 20 | Loss: 0.0242
Epoch 341/500 | Batch 30 | Loss: 0.0060
Epoch 341 | Avg Loss: 0.0088
Epoch 342/500 | Batch 0 | Loss: 0.0076
Epoch 342/500 | Batch 10 | Loss: 0.0222
Epoch 342/500 | Batch 20 | Loss: 0.0652
Epoch 342/500 | Batch 30 | Loss: 0.0028
Epoch 342 | Avg Loss: 0.0102
Epoch 343/500 | Batch 0 | Loss: 0.0021
Epoch 343/500 | Batch 10 | Loss: 0.0015
Epoch 343/500 | Batch 20 | Loss: 0.0774
Epoch 343/500 | Batch 30 | Loss: 0.0017
Epoch 343 | Avg Loss: 0.0149
Epoch 344/500 | Batch 0 | Loss: 0.0033
Epoch 344/500 | Batch 10 | Loss: 0.0031
Epoch 344/500 | Batch 20 | Loss: 0.0006
Epoch 344/500 | Batch 30 | Loss: 0.0025
Epoch 344 | Avg Loss: 0.0088
Epoch 345/500 | Batch 0 | Loss: 0.0013
Epoch 345/500 | Batch 10 | Loss: 0.0033
Epoch 345/500 | Batch 20 | Loss: 0.0069
Epoch 345/500 | Batch 30 | Loss: 0.0281
Epoch 345 | Avg Loss: 0.0164
Epoch 346/500 | Batch 0 | Loss: 0.0170
Epoch 346/500 | Batch 10 | Loss: 0.0007
Epoch 346/500 | Batch 20 | Loss: 0.0113
Epoch 346/500 | Batch 30 | Loss: 0.0148
Epoch 346 | Avg Loss: 0.0094
Epoch 347/500 | Batch 0 | Loss: 0.0036
Epoch 347/500 | Batch 10 | Loss: 0.1410
Epoch 347/500 | Batch 20 | Loss: 0.0135
Epoch 347/500 | Batch 30 | Loss: 0.0207
Epoch 347 | Avg Loss: 0.0118
Epoch 348/500 | Batch 0 | Loss: 0.0032
Epoch 348/500 | Batch 10 | Loss: 0.0014
Epoch 348/500 | Batch 20 | Loss: 0.0016
Epoch 348/500 | Batch 30 | Loss: 0.0291
Epoch 348 | Avg Loss: 0.0148
Epoch 349/500 | Batch 0 | Loss: 0.0060
Epoch 349/500 | Batch 10 | Loss: 0.0062
Epoch 349/500 | Batch 20 | Loss: 0.0053
Epoch 349/500 | Batch 30 | Loss: 0.0049
Epoch 349 | Avg Loss: 0.0094
Epoch 350/500 | Batch 0 | Loss: 0.0263
Epoch 350/500 | Batch 10 | Loss: 0.0610
Epoch 350/500 | Batch 20 | Loss: 0.0283
Epoch 350/500 | Batch 30 | Loss: 0.0008
Epoch 350 | Avg Loss: 0.0113
Epoch 351/500 | Batch 0 | Loss: 0.0096
Epoch 351/500 | Batch 10 | Loss: 0.0043
Epoch 351/500 | Batch 20 | Loss: 0.0159
Epoch 351/500 | Batch 30 | Loss: 0.0042
Epoch 351 | Avg Loss: 0.0107
Epoch 352/500 | Batch 0 | Loss: 0.0008
Epoch 352/500 | Batch 10 | Loss: 0.0011
Epoch 352/500 | Batch 20 | Loss: 0.0031
Epoch 352/500 | Batch 30 | Loss: 0.0015
Epoch 352 | Avg Loss: 0.0094
Epoch 353/500 | Batch 0 | Loss: 0.0097
Epoch 353/500 | Batch 10 | Loss: 0.0434
Epoch 353/500 | Batch 20 | Loss: 0.0209
Epoch 353/500 | Batch 30 | Loss: 0.0049
Epoch 353 | Avg Loss: 0.0089
Epoch 354/500 | Batch 0 | Loss: 0.0010
Epoch 354/500 | Batch 10 | Loss: 0.0007
Epoch 354/500 | Batch 20 | Loss: 0.0028
Epoch 354/500 | Batch 30 | Loss: 0.0058
Epoch 354 | Avg Loss: 0.0132
Epoch 355/500 | Batch 0 | Loss: 0.0052
Epoch 355/500 | Batch 10 | Loss: 0.0219
Epoch 355/500 | Batch 20 | Loss: 0.0132
Epoch 355/500 | Batch 30 | Loss: 0.0068
Epoch 355 | Avg Loss: 0.0135
Epoch 356/500 | Batch 0 | Loss: 0.0026
Epoch 356/500 | Batch 10 | Loss: 0.0029
Epoch 356/500 | Batch 20 | Loss: 0.0650
Epoch 356/500 | Batch 30 | Loss: 0.0127
Epoch 356 | Avg Loss: 0.0118
Epoch 357/500 | Batch 0 | Loss: 0.0009
Epoch 357/500 | Batch 10 | Loss: 0.0071
Epoch 357/500 | Batch 20 | Loss: 0.0027
Epoch 357/500 | Batch 30 | Loss: 0.0117
Epoch 357 | Avg Loss: 0.0084
Epoch 358/500 | Batch 0 | Loss: 0.0236
Epoch 358/500 | Batch 10 | Loss: 0.0044
Epoch 358/500 | Batch 20 | Loss: 0.0150
Epoch 358/500 | Batch 30 | Loss: 0.0219
Epoch 358 | Avg Loss: 0.0133
Epoch 359/500 | Batch 0 | Loss: 0.0015
Epoch 359/500 | Batch 10 | Loss: 0.0170
Epoch 359/500 | Batch 20 | Loss: 0.0058
Epoch 359/500 | Batch 30 | Loss: 0.0040
Epoch 359 | Avg Loss: 0.0117
Epoch 360/500 | Batch 0 | Loss: 0.0017
Epoch 360/500 | Batch 10 | Loss: 0.0019
Epoch 360/500 | Batch 20 | Loss: 0.0031
Epoch 360/500 | Batch 30 | Loss: 0.0669
Epoch 360 | Avg Loss: 0.0099
Epoch 361/500 | Batch 0 | Loss: 0.0045
Epoch 361/500 | Batch 10 | Loss: 0.0015
Epoch 361/500 | Batch 20 | Loss: 0.0072
Epoch 361/500 | Batch 30 | Loss: 0.0388
Epoch 361 | Avg Loss: 0.0124
Epoch 362/500 | Batch 0 | Loss: 0.0004
Epoch 362/500 | Batch 10 | Loss: 0.0022
Epoch 362/500 | Batch 20 | Loss: 0.0025
Epoch 362/500 | Batch 30 | Loss: 0.0475
Epoch 362 | Avg Loss: 0.0202
Epoch 363/500 | Batch 0 | Loss: 0.0127
Epoch 363/500 | Batch 10 | Loss: 0.0013
Epoch 363/500 | Batch 20 | Loss: 0.0010
Epoch 363/500 | Batch 30 | Loss: 0.0009
Epoch 363 | Avg Loss: 0.0164
Epoch 364/500 | Batch 0 | Loss: 0.0074
Epoch 364/500 | Batch 10 | Loss: 0.0150
Epoch 364/500 | Batch 20 | Loss: 0.0018
Epoch 364/500 | Batch 30 | Loss: 0.0101
Epoch 364 | Avg Loss: 0.0102
Epoch 365/500 | Batch 0 | Loss: 0.0056
Epoch 365/500 | Batch 10 | Loss: 0.0023
Epoch 365/500 | Batch 20 | Loss: 0.0029
Epoch 365/500 | Batch 30 | Loss: 0.0165
Epoch 365 | Avg Loss: 0.0146
Epoch 366/500 | Batch 0 | Loss: 0.0017
Epoch 366/500 | Batch 10 | Loss: 0.0022
Epoch 366/500 | Batch 20 | Loss: 0.0013
Epoch 366/500 | Batch 30 | Loss: 0.0254
Epoch 366 | Avg Loss: 0.0138
Epoch 367/500 | Batch 0 | Loss: 0.0046
Epoch 367/500 | Batch 10 | Loss: 0.0043
Epoch 367/500 | Batch 20 | Loss: 0.0013
Epoch 367/500 | Batch 30 | Loss: 0.0089
Epoch 367 | Avg Loss: 0.0109
Epoch 368/500 | Batch 0 | Loss: 0.0226
Epoch 368/500 | Batch 10 | Loss: 0.0015
Epoch 368/500 | Batch 20 | Loss: 0.0020
Epoch 368/500 | Batch 30 | Loss: 0.0280
Epoch 368 | Avg Loss: 0.0164
Epoch 369/500 | Batch 0 | Loss: 0.0010
Epoch 369/500 | Batch 10 | Loss: 0.0011
Epoch 369/500 | Batch 20 | Loss: 0.0026
Epoch 369/500 | Batch 30 | Loss: 0.0014
Epoch 369 | Avg Loss: 0.0103
Epoch 370/500 | Batch 0 | Loss: 0.0336
Epoch 370/500 | Batch 10 | Loss: 0.0028
Epoch 370/500 | Batch 20 | Loss: 0.0007
Epoch 370/500 | Batch 30 | Loss: 0.0124
Epoch 370 | Avg Loss: 0.0094
Epoch 371/500 | Batch 0 | Loss: 0.0051
Epoch 371/500 | Batch 10 | Loss: 0.0031
Epoch 371/500 | Batch 20 | Loss: 0.0013
Epoch 371/500 | Batch 30 | Loss: 0.0165
Epoch 371 | Avg Loss: 0.0105
Epoch 372/500 | Batch 0 | Loss: 0.0092
Epoch 372/500 | Batch 10 | Loss: 0.0037
Epoch 372/500 | Batch 20 | Loss: 0.0010
Epoch 372/500 | Batch 30 | Loss: 0.0036
Epoch 372 | Avg Loss: 0.0092
Epoch 373/500 | Batch 0 | Loss: 0.0070
Epoch 373/500 | Batch 10 | Loss: 0.0081
Epoch 373/500 | Batch 20 | Loss: 0.0023
Epoch 373/500 | Batch 30 | Loss: 0.0515
Epoch 373 | Avg Loss: 0.0130
Epoch 374/500 | Batch 0 | Loss: 0.0028
Epoch 374/500 | Batch 10 | Loss: 0.0006
Epoch 374/500 | Batch 20 | Loss: 0.0148
Epoch 374/500 | Batch 30 | Loss: 0.0029
Epoch 374 | Avg Loss: 0.0065
Epoch 375/500 | Batch 0 | Loss: 0.0257
Epoch 375/500 | Batch 10 | Loss: 0.0312
Epoch 375/500 | Batch 20 | Loss: 0.0026
Epoch 375/500 | Batch 30 | Loss: 0.0009
Epoch 375 | Avg Loss: 0.0080
Epoch 376/500 | Batch 0 | Loss: 0.0018
Epoch 376/500 | Batch 10 | Loss: 0.0012
Epoch 376/500 | Batch 20 | Loss: 0.0046
Epoch 376/500 | Batch 30 | Loss: 0.0533
Epoch 376 | Avg Loss: 0.0102
Epoch 377/500 | Batch 0 | Loss: 0.0048
Epoch 377/500 | Batch 10 | Loss: 0.0231
Epoch 377/500 | Batch 20 | Loss: 0.0690
Epoch 377/500 | Batch 30 | Loss: 0.0051
Epoch 377 | Avg Loss: 0.0096
Epoch 378/500 | Batch 0 | Loss: 0.0003
Epoch 378/500 | Batch 10 | Loss: 0.0042
Epoch 378/500 | Batch 20 | Loss: 0.0016
Epoch 378/500 | Batch 30 | Loss: 0.0009
Epoch 378 | Avg Loss: 0.0087
Epoch 379/500 | Batch 0 | Loss: 0.0084
Epoch 379/500 | Batch 10 | Loss: 0.0009
Epoch 379/500 | Batch 20 | Loss: 0.0011
Epoch 379/500 | Batch 30 | Loss: 0.0096
Epoch 379 | Avg Loss: 0.0096
Epoch 380/500 | Batch 0 | Loss: 0.0095
Epoch 380/500 | Batch 10 | Loss: 0.0037
Epoch 380/500 | Batch 20 | Loss: 0.0005
Epoch 380/500 | Batch 30 | Loss: 0.0016
Epoch 380 | Avg Loss: 0.0064
Epoch 381/500 | Batch 0 | Loss: 0.0299
Epoch 381/500 | Batch 10 | Loss: 0.0007
Epoch 381/500 | Batch 20 | Loss: 0.0283
Epoch 381/500 | Batch 30 | Loss: 0.0076
Epoch 381 | Avg Loss: 0.0073
Epoch 382/500 | Batch 0 | Loss: 0.0103
Epoch 382/500 | Batch 10 | Loss: 0.0036
Epoch 382/500 | Batch 20 | Loss: 0.0007
Epoch 382/500 | Batch 30 | Loss: 0.0055
Epoch 382 | Avg Loss: 0.0092
Epoch 383/500 | Batch 0 | Loss: 0.0114
Epoch 383/500 | Batch 10 | Loss: 0.0027
Epoch 383/500 | Batch 20 | Loss: 0.0010
Epoch 383/500 | Batch 30 | Loss: 0.0009
Epoch 383 | Avg Loss: 0.0108
Epoch 384/500 | Batch 0 | Loss: 0.0034
Epoch 384/500 | Batch 10 | Loss: 0.0011
Epoch 384/500 | Batch 20 | Loss: 0.0020
Epoch 384/500 | Batch 30 | Loss: 0.0030
Epoch 384 | Avg Loss: 0.0062
Epoch 385/500 | Batch 0 | Loss: 0.0028
Epoch 385/500 | Batch 10 | Loss: 0.0027
Epoch 385/500 | Batch 20 | Loss: 0.0107
Epoch 385/500 | Batch 30 | Loss: 0.0334
Epoch 385 | Avg Loss: 0.0046
Epoch 386/500 | Batch 0 | Loss: 0.0071
Epoch 386/500 | Batch 10 | Loss: 0.0003
Epoch 386/500 | Batch 20 | Loss: 0.0015
Epoch 386/500 | Batch 30 | Loss: 0.0037
Epoch 386 | Avg Loss: 0.0070
Epoch 387/500 | Batch 0 | Loss: 0.0126
Epoch 387/500 | Batch 10 | Loss: 0.0038
Epoch 387/500 | Batch 20 | Loss: 0.0034
Epoch 387/500 | Batch 30 | Loss: 0.0191
Epoch 387 | Avg Loss: 0.0059
Epoch 388/500 | Batch 0 | Loss: 0.0351
Epoch 388/500 | Batch 10 | Loss: 0.0054
Epoch 388/500 | Batch 20 | Loss: 0.0007
Epoch 388/500 | Batch 30 | Loss: 0.0014
Epoch 388 | Avg Loss: 0.0052
Epoch 389/500 | Batch 0 | Loss: 0.0152
Epoch 389/500 | Batch 10 | Loss: 0.0004
Epoch 389/500 | Batch 20 | Loss: 0.0021
Epoch 389/500 | Batch 30 | Loss: 0.0499
Epoch 389 | Avg Loss: 0.0095
Epoch 390/500 | Batch 0 | Loss: 0.0022
Epoch 390/500 | Batch 10 | Loss: 0.0013
Epoch 390/500 | Batch 20 | Loss: 0.0083
Epoch 390/500 | Batch 30 | Loss: 0.0007
Epoch 390 | Avg Loss: 0.0081
Epoch 391/500 | Batch 0 | Loss: 0.0006
Epoch 391/500 | Batch 10 | Loss: 0.0028
Epoch 391/500 | Batch 20 | Loss: 0.0006
Epoch 391/500 | Batch 30 | Loss: 0.0006
Epoch 391 | Avg Loss: 0.0104
Epoch 392/500 | Batch 0 | Loss: 0.0505
Epoch 392/500 | Batch 10 | Loss: 0.0302
Epoch 392/500 | Batch 20 | Loss: 0.0064
Epoch 392/500 | Batch 30 | Loss: 0.0003
Epoch 392 | Avg Loss: 0.0159
Epoch 393/500 | Batch 0 | Loss: 0.0012
Epoch 393/500 | Batch 10 | Loss: 0.0304
Epoch 393/500 | Batch 20 | Loss: 0.0028
Epoch 393/500 | Batch 30 | Loss: 0.0049
Epoch 393 | Avg Loss: 0.0083
Epoch 394/500 | Batch 0 | Loss: 0.0005
Epoch 394/500 | Batch 10 | Loss: 0.0010
Epoch 394/500 | Batch 20 | Loss: 0.0022
Epoch 394/500 | Batch 30 | Loss: 0.0056
Epoch 394 | Avg Loss: 0.0076
Epoch 395/500 | Batch 0 | Loss: 0.0006
Epoch 395/500 | Batch 10 | Loss: 0.0207
Epoch 395/500 | Batch 20 | Loss: 0.0092
Epoch 395/500 | Batch 30 | Loss: 0.0355
Epoch 395 | Avg Loss: 0.0106
Epoch 396/500 | Batch 0 | Loss: 0.0020
Epoch 396/500 | Batch 10 | Loss: 0.0376
Epoch 396/500 | Batch 20 | Loss: 0.0331
Epoch 396/500 | Batch 30 | Loss: 0.0012
Epoch 396 | Avg Loss: 0.0100
Epoch 397/500 | Batch 0 | Loss: 0.0015
Epoch 397/500 | Batch 10 | Loss: 0.0023
Epoch 397/500 | Batch 20 | Loss: 0.0009
Epoch 397/500 | Batch 30 | Loss: 0.0025
Epoch 397 | Avg Loss: 0.0108
Epoch 398/500 | Batch 0 | Loss: 0.0225
Epoch 398/500 | Batch 10 | Loss: 0.0042
Epoch 398/500 | Batch 20 | Loss: 0.0029
Epoch 398/500 | Batch 30 | Loss: 0.0020
Epoch 398 | Avg Loss: 0.0072
Epoch 399/500 | Batch 0 | Loss: 0.0058
Epoch 399/500 | Batch 10 | Loss: 0.0015
Epoch 399/500 | Batch 20 | Loss: 0.0171
Epoch 399/500 | Batch 30 | Loss: 0.0306
Epoch 399 | Avg Loss: 0.0075
Epoch 400/500 | Batch 0 | Loss: 0.0024
Epoch 400/500 | Batch 10 | Loss: 0.0084
Epoch 400/500 | Batch 20 | Loss: 0.0112
Epoch 400/500 | Batch 30 | Loss: 0.0064
Epoch 400 | Avg Loss: 0.0115
Epoch 401/500 | Batch 0 | Loss: 0.0010
Epoch 401/500 | Batch 10 | Loss: 0.0034
Epoch 401/500 | Batch 20 | Loss: 0.0051
Epoch 401/500 | Batch 30 | Loss: 0.0013
Epoch 401 | Avg Loss: 0.0069
Epoch 402/500 | Batch 0 | Loss: 0.0002
Epoch 402/500 | Batch 10 | Loss: 0.0002
Epoch 402/500 | Batch 20 | Loss: 0.0257
Epoch 402/500 | Batch 30 | Loss: 0.0028
Epoch 402 | Avg Loss: 0.0077
Epoch 403/500 | Batch 0 | Loss: 0.0538
Epoch 403/500 | Batch 10 | Loss: 0.0007
Epoch 403/500 | Batch 20 | Loss: 0.0054
Epoch 403/500 | Batch 30 | Loss: 0.0220
Epoch 403 | Avg Loss: 0.0082
Epoch 404/500 | Batch 0 | Loss: 0.0015
Epoch 404/500 | Batch 10 | Loss: 0.0094
Epoch 404/500 | Batch 20 | Loss: 0.0075
Epoch 404/500 | Batch 30 | Loss: 0.0277
Epoch 404 | Avg Loss: 0.0108
Epoch 405/500 | Batch 0 | Loss: 0.0017
Epoch 405/500 | Batch 10 | Loss: 0.0155
Epoch 405/500 | Batch 20 | Loss: 0.0011
Epoch 405/500 | Batch 30 | Loss: 0.0172
Epoch 405 | Avg Loss: 0.0083
Epoch 406/500 | Batch 0 | Loss: 0.0160
Epoch 406/500 | Batch 10 | Loss: 0.0803
Epoch 406/500 | Batch 20 | Loss: 0.0018
Epoch 406/500 | Batch 30 | Loss: 0.0009
Epoch 406 | Avg Loss: 0.0113
Epoch 407/500 | Batch 0 | Loss: 0.0042
Epoch 407/500 | Batch 10 | Loss: 0.0052
Epoch 407/500 | Batch 20 | Loss: 0.0192
Epoch 407/500 | Batch 30 | Loss: 0.0019
Epoch 407 | Avg Loss: 0.0086
Epoch 408/500 | Batch 0 | Loss: 0.0066
Epoch 408/500 | Batch 10 | Loss: 0.0014
Epoch 408/500 | Batch 20 | Loss: 0.0465
Epoch 408/500 | Batch 30 | Loss: 0.0006
Epoch 408 | Avg Loss: 0.0117
Epoch 409/500 | Batch 0 | Loss: 0.0016
Epoch 409/500 | Batch 10 | Loss: 0.0008
Epoch 409/500 | Batch 20 | Loss: 0.0110
Epoch 409/500 | Batch 30 | Loss: 0.0014
Epoch 409 | Avg Loss: 0.0108
Epoch 410/500 | Batch 0 | Loss: 0.0142
Epoch 410/500 | Batch 10 | Loss: 0.0006
Epoch 410/500 | Batch 20 | Loss: 0.0056
Epoch 410/500 | Batch 30 | Loss: 0.0022
Epoch 410 | Avg Loss: 0.0102
Epoch 411/500 | Batch 0 | Loss: 0.0031
Epoch 411/500 | Batch 10 | Loss: 0.0017
Epoch 411/500 | Batch 20 | Loss: 0.0005
Epoch 411/500 | Batch 30 | Loss: 0.0004
Epoch 411 | Avg Loss: 0.0063
Epoch 412/500 | Batch 0 | Loss: 0.0011
Epoch 412/500 | Batch 10 | Loss: 0.0017
Epoch 412/500 | Batch 20 | Loss: 0.0038
Epoch 412/500 | Batch 30 | Loss: 0.0016
Epoch 412 | Avg Loss: 0.0066
Epoch 413/500 | Batch 0 | Loss: 0.0130
Epoch 413/500 | Batch 10 | Loss: 0.0236
Epoch 413/500 | Batch 20 | Loss: 0.0789
Epoch 413/500 | Batch 30 | Loss: 0.0001
Epoch 413 | Avg Loss: 0.0106
Epoch 414/500 | Batch 0 | Loss: 0.0069
Epoch 414/500 | Batch 10 | Loss: 0.0024
Epoch 414/500 | Batch 20 | Loss: 0.0015
Epoch 414/500 | Batch 30 | Loss: 0.0011
Epoch 414 | Avg Loss: 0.0081
Epoch 415/500 | Batch 0 | Loss: 0.0201
Epoch 415/500 | Batch 10 | Loss: 0.0014
Epoch 415/500 | Batch 20 | Loss: 0.0036
Epoch 415/500 | Batch 30 | Loss: 0.0008
Epoch 415 | Avg Loss: 0.0087
Epoch 416/500 | Batch 0 | Loss: 0.0004
Epoch 416/500 | Batch 10 | Loss: 0.0036
Epoch 416/500 | Batch 20 | Loss: 0.0018
Epoch 416/500 | Batch 30 | Loss: 0.0573
Epoch 416 | Avg Loss: 0.0089
Epoch 417/500 | Batch 0 | Loss: 0.0007
Epoch 417/500 | Batch 10 | Loss: 0.0018
Epoch 417/500 | Batch 20 | Loss: 0.0080
Epoch 417/500 | Batch 30 | Loss: 0.0015
Epoch 417 | Avg Loss: 0.0059
Epoch 418/500 | Batch 0 | Loss: 0.0057
Epoch 418/500 | Batch 10 | Loss: 0.0005
Epoch 418/500 | Batch 20 | Loss: 0.0018
Epoch 418/500 | Batch 30 | Loss: 0.0028
Epoch 418 | Avg Loss: 0.0102
Epoch 419/500 | Batch 0 | Loss: 0.0064
Epoch 419/500 | Batch 10 | Loss: 0.0114
Epoch 419/500 | Batch 20 | Loss: 0.0158
Epoch 419/500 | Batch 30 | Loss: 0.0237
Epoch 419 | Avg Loss: 0.0094
Epoch 420/500 | Batch 0 | Loss: 0.0050
Epoch 420/500 | Batch 10 | Loss: 0.0004
Epoch 420/500 | Batch 20 | Loss: 0.0006
Epoch 420/500 | Batch 30 | Loss: 0.0051
Epoch 420 | Avg Loss: 0.0033
Epoch 421/500 | Batch 0 | Loss: 0.0012
Epoch 421/500 | Batch 10 | Loss: 0.0044
Epoch 421/500 | Batch 20 | Loss: 0.0027
Epoch 421/500 | Batch 30 | Loss: 0.0005
Epoch 421 | Avg Loss: 0.0065
Epoch 422/500 | Batch 0 | Loss: 0.0025
Epoch 422/500 | Batch 10 | Loss: 0.0007
Epoch 422/500 | Batch 20 | Loss: 0.0039
Epoch 422/500 | Batch 30 | Loss: 0.0423
Epoch 422 | Avg Loss: 0.0139
Epoch 423/500 | Batch 0 | Loss: 0.0070
Epoch 423/500 | Batch 10 | Loss: 0.0033
Epoch 423/500 | Batch 20 | Loss: 0.0018
Epoch 423/500 | Batch 30 | Loss: 0.0003
Epoch 423 | Avg Loss: 0.0047
Epoch 424/500 | Batch 0 | Loss: 0.0111
Epoch 424/500 | Batch 10 | Loss: 0.0018
Epoch 424/500 | Batch 20 | Loss: 0.0029
Epoch 424/500 | Batch 30 | Loss: 0.0003
Epoch 424 | Avg Loss: 0.0100
Epoch 425/500 | Batch 0 | Loss: 0.0023
Epoch 425/500 | Batch 10 | Loss: 0.0049
Epoch 425/500 | Batch 20 | Loss: 0.0129
Epoch 425/500 | Batch 30 | Loss: 0.0953
Epoch 425 | Avg Loss: 0.0126
Epoch 426/500 | Batch 0 | Loss: 0.0107
Epoch 426/500 | Batch 10 | Loss: 0.0117
Epoch 426/500 | Batch 20 | Loss: 0.0044
Epoch 426/500 | Batch 30 | Loss: 0.0172
Epoch 426 | Avg Loss: 0.0063
Epoch 427/500 | Batch 0 | Loss: 0.0023
Epoch 427/500 | Batch 10 | Loss: 0.0010
Epoch 427/500 | Batch 20 | Loss: 0.0011
Epoch 427/500 | Batch 30 | Loss: 0.0004
Epoch 427 | Avg Loss: 0.0083
Epoch 428/500 | Batch 0 | Loss: 0.0020
Epoch 428/500 | Batch 10 | Loss: 0.0111
Epoch 428/500 | Batch 20 | Loss: 0.0012
Epoch 428/500 | Batch 30 | Loss: 0.0466
Epoch 428 | Avg Loss: 0.0088
Epoch 429/500 | Batch 0 | Loss: 0.0043
Epoch 429/500 | Batch 10 | Loss: 0.0042
Epoch 429/500 | Batch 20 | Loss: 0.0092
Epoch 429/500 | Batch 30 | Loss: 0.0149
Epoch 429 | Avg Loss: 0.0055
Epoch 430/500 | Batch 0 | Loss: 0.0092
Epoch 430/500 | Batch 10 | Loss: 0.0009
Epoch 430/500 | Batch 20 | Loss: 0.0032
Epoch 430/500 | Batch 30 | Loss: 0.0009
Epoch 430 | Avg Loss: 0.0099
Epoch 431/500 | Batch 0 | Loss: 0.0008
Epoch 431/500 | Batch 10 | Loss: 0.0038
Epoch 431/500 | Batch 20 | Loss: 0.0020
Epoch 431/500 | Batch 30 | Loss: 0.0045
Epoch 431 | Avg Loss: 0.0064
Epoch 432/500 | Batch 0 | Loss: 0.0023
Epoch 432/500 | Batch 10 | Loss: 0.0021
Epoch 432/500 | Batch 20 | Loss: 0.0071
Epoch 432/500 | Batch 30 | Loss: 0.0010
Epoch 432 | Avg Loss: 0.0088
Epoch 433/500 | Batch 0 | Loss: 0.0017
Epoch 433/500 | Batch 10 | Loss: 0.0075
Epoch 433/500 | Batch 20 | Loss: 0.0159
Epoch 433/500 | Batch 30 | Loss: 0.0025
Epoch 433 | Avg Loss: 0.0099
Epoch 434/500 | Batch 0 | Loss: 0.0084
Epoch 434/500 | Batch 10 | Loss: 0.0327
Epoch 434/500 | Batch 20 | Loss: 0.0065
Epoch 434/500 | Batch 30 | Loss: 0.0046
Epoch 434 | Avg Loss: 0.0067
Epoch 435/500 | Batch 0 | Loss: 0.0062
Epoch 435/500 | Batch 10 | Loss: 0.0026
Epoch 435/500 | Batch 20 | Loss: 0.0023
Epoch 435/500 | Batch 30 | Loss: 0.0054
Epoch 435 | Avg Loss: 0.0114
Epoch 436/500 | Batch 0 | Loss: 0.0011
Epoch 436/500 | Batch 10 | Loss: 0.0014
Epoch 436/500 | Batch 20 | Loss: 0.0086
Epoch 436/500 | Batch 30 | Loss: 0.0061
Epoch 436 | Avg Loss: 0.0122
Epoch 437/500 | Batch 0 | Loss: 0.0011
Epoch 437/500 | Batch 10 | Loss: 0.0035
Epoch 437/500 | Batch 20 | Loss: 0.0014
Epoch 437/500 | Batch 30 | Loss: 0.0070
Epoch 437 | Avg Loss: 0.0069
Epoch 438/500 | Batch 0 | Loss: 0.0488
Epoch 438/500 | Batch 10 | Loss: 0.0016
Epoch 438/500 | Batch 20 | Loss: 0.0013
Epoch 438/500 | Batch 30 | Loss: 0.0014
Epoch 438 | Avg Loss: 0.0088
Epoch 439/500 | Batch 0 | Loss: 0.0030
Epoch 439/500 | Batch 10 | Loss: 0.0024
Epoch 439/500 | Batch 20 | Loss: 0.0090
Epoch 439/500 | Batch 30 | Loss: 0.0010
Epoch 439 | Avg Loss: 0.0073
Epoch 440/500 | Batch 0 | Loss: 0.0005
Epoch 440/500 | Batch 10 | Loss: 0.0021
Epoch 440/500 | Batch 20 | Loss: 0.0660
Epoch 440/500 | Batch 30 | Loss: 0.0019
Epoch 440 | Avg Loss: 0.0127
Epoch 441/500 | Batch 0 | Loss: 0.0021
Epoch 441/500 | Batch 10 | Loss: 0.0053
Epoch 441/500 | Batch 20 | Loss: 0.0032
Epoch 441/500 | Batch 30 | Loss: 0.0033
Epoch 441 | Avg Loss: 0.0115
Epoch 442/500 | Batch 0 | Loss: 0.0030
Epoch 442/500 | Batch 10 | Loss: 0.0015
Epoch 442/500 | Batch 20 | Loss: 0.0291
Epoch 442/500 | Batch 30 | Loss: 0.0030
Epoch 442 | Avg Loss: 0.0113
Epoch 443/500 | Batch 0 | Loss: 0.0047
Epoch 443/500 | Batch 10 | Loss: 0.0006
Epoch 443/500 | Batch 20 | Loss: 0.0326
Epoch 443/500 | Batch 30 | Loss: 0.0257
Epoch 443 | Avg Loss: 0.0122
Epoch 444/500 | Batch 0 | Loss: 0.0002
Epoch 444/500 | Batch 10 | Loss: 0.0023
Epoch 444/500 | Batch 20 | Loss: 0.0005
Epoch 444/500 | Batch 30 | Loss: 0.0006
Epoch 444 | Avg Loss: 0.0075
Epoch 445/500 | Batch 0 | Loss: 0.0029
Epoch 445/500 | Batch 10 | Loss: 0.0570
Epoch 445/500 | Batch 20 | Loss: 0.0006
Epoch 445/500 | Batch 30 | Loss: 0.0040
Epoch 445 | Avg Loss: 0.0121
Epoch 446/500 | Batch 0 | Loss: 0.0533
Epoch 446/500 | Batch 10 | Loss: 0.0069
Epoch 446/500 | Batch 20 | Loss: 0.0015
Epoch 446/500 | Batch 30 | Loss: 0.0032
Epoch 446 | Avg Loss: 0.0070
Epoch 447/500 | Batch 0 | Loss: 0.0011
Epoch 447/500 | Batch 10 | Loss: 0.0060
Epoch 447/500 | Batch 20 | Loss: 0.0014
Epoch 447/500 | Batch 30 | Loss: 0.0080
Epoch 447 | Avg Loss: 0.0086
Epoch 448/500 | Batch 0 | Loss: 0.0033
Epoch 448/500 | Batch 10 | Loss: 0.0204
Epoch 448/500 | Batch 20 | Loss: 0.0010
Epoch 448/500 | Batch 30 | Loss: 0.0017
Epoch 448 | Avg Loss: 0.0069
Epoch 449/500 | Batch 0 | Loss: 0.0049
Epoch 449/500 | Batch 10 | Loss: 0.0017
Epoch 449/500 | Batch 20 | Loss: 0.0007
Epoch 449/500 | Batch 30 | Loss: 0.0016
Epoch 449 | Avg Loss: 0.0056
Epoch 450/500 | Batch 0 | Loss: 0.0050
Epoch 450/500 | Batch 10 | Loss: 0.0048
Epoch 450/500 | Batch 20 | Loss: 0.0004
Epoch 450/500 | Batch 30 | Loss: 0.0025
Epoch 450 | Avg Loss: 0.0039
Epoch 451/500 | Batch 0 | Loss: 0.0023
Epoch 451/500 | Batch 10 | Loss: 0.0003
Epoch 451/500 | Batch 20 | Loss: 0.0073
Epoch 451/500 | Batch 30 | Loss: 0.0038
Epoch 451 | Avg Loss: 0.0109
Epoch 452/500 | Batch 0 | Loss: 0.0008
Epoch 452/500 | Batch 10 | Loss: 0.0196
Epoch 452/500 | Batch 20 | Loss: 0.0020
Epoch 452/500 | Batch 30 | Loss: 0.0056
Epoch 452 | Avg Loss: 0.0123
Epoch 453/500 | Batch 0 | Loss: 0.0037
Epoch 453/500 | Batch 10 | Loss: 0.0075
Epoch 453/500 | Batch 20 | Loss: 0.0120
Epoch 453/500 | Batch 30 | Loss: 0.0110
Epoch 453 | Avg Loss: 0.0078
Epoch 454/500 | Batch 0 | Loss: 0.0058
Epoch 454/500 | Batch 10 | Loss: 0.0153
Epoch 454/500 | Batch 20 | Loss: 0.0062
Epoch 454/500 | Batch 30 | Loss: 0.0008
Epoch 454 | Avg Loss: 0.0070
Epoch 455/500 | Batch 0 | Loss: 0.0004
Epoch 455/500 | Batch 10 | Loss: 0.0075
Epoch 455/500 | Batch 20 | Loss: 0.0396
Epoch 455/500 | Batch 30 | Loss: 0.0031
Epoch 455 | Avg Loss: 0.0070
Epoch 456/500 | Batch 0 | Loss: 0.0055
Epoch 456/500 | Batch 10 | Loss: 0.0009
Epoch 456/500 | Batch 20 | Loss: 0.0176
Epoch 456/500 | Batch 30 | Loss: 0.0005
Epoch 456 | Avg Loss: 0.0074
Epoch 457/500 | Batch 0 | Loss: 0.0020
Epoch 457/500 | Batch 10 | Loss: 0.0339
Epoch 457/500 | Batch 20 | Loss: 0.0074
Epoch 457/500 | Batch 30 | Loss: 0.0022
Epoch 457 | Avg Loss: 0.0091
Epoch 458/500 | Batch 0 | Loss: 0.0482
Epoch 458/500 | Batch 10 | Loss: 0.0164
Epoch 458/500 | Batch 20 | Loss: 0.0029
Epoch 458/500 | Batch 30 | Loss: 0.0027
Epoch 458 | Avg Loss: 0.0093
Epoch 459/500 | Batch 0 | Loss: 0.0010
Epoch 459/500 | Batch 10 | Loss: 0.0484
Epoch 459/500 | Batch 20 | Loss: 0.0250
Epoch 459/500 | Batch 30 | Loss: 0.0016
Epoch 459 | Avg Loss: 0.0092
Epoch 460/500 | Batch 0 | Loss: 0.0016
Epoch 460/500 | Batch 10 | Loss: 0.0002
Epoch 460/500 | Batch 20 | Loss: 0.0042
Epoch 460/500 | Batch 30 | Loss: 0.0017
Epoch 460 | Avg Loss: 0.0080
Epoch 461/500 | Batch 0 | Loss: 0.0059
Epoch 461/500 | Batch 10 | Loss: 0.0036
Epoch 461/500 | Batch 20 | Loss: 0.0152
Epoch 461/500 | Batch 30 | Loss: 0.0071
Epoch 461 | Avg Loss: 0.0084
Epoch 462/500 | Batch 0 | Loss: 0.0015
Epoch 462/500 | Batch 10 | Loss: 0.0039
Epoch 462/500 | Batch 20 | Loss: 0.0020
Epoch 462/500 | Batch 30 | Loss: 0.0037
Epoch 462 | Avg Loss: 0.0063
Epoch 463/500 | Batch 0 | Loss: 0.0022
Epoch 463/500 | Batch 10 | Loss: 0.0088
Epoch 463/500 | Batch 20 | Loss: 0.0093
Epoch 463/500 | Batch 30 | Loss: 0.0007
Epoch 463 | Avg Loss: 0.0100
Epoch 464/500 | Batch 0 | Loss: 0.0025
Epoch 464/500 | Batch 10 | Loss: 0.0011
Epoch 464/500 | Batch 20 | Loss: 0.0243
Epoch 464/500 | Batch 30 | Loss: 0.0503
Epoch 464 | Avg Loss: 0.0100
Epoch 465/500 | Batch 0 | Loss: 0.0050
Epoch 465/500 | Batch 10 | Loss: 0.0489
Epoch 465/500 | Batch 20 | Loss: 0.0091
Epoch 465/500 | Batch 30 | Loss: 0.0008
Epoch 465 | Avg Loss: 0.0083
Epoch 466/500 | Batch 0 | Loss: 0.0002
Epoch 466/500 | Batch 10 | Loss: 0.0095
Epoch 466/500 | Batch 20 | Loss: 0.0022
Epoch 466/500 | Batch 30 | Loss: 0.0007
Epoch 466 | Avg Loss: 0.0081
Epoch 467/500 | Batch 0 | Loss: 0.0051
Epoch 467/500 | Batch 10 | Loss: 0.0023
Epoch 467/500 | Batch 20 | Loss: 0.0008
Epoch 467/500 | Batch 30 | Loss: 0.0005
Epoch 467 | Avg Loss: 0.0069
Epoch 468/500 | Batch 0 | Loss: 0.0036
Epoch 468/500 | Batch 10 | Loss: 0.1212
Epoch 468/500 | Batch 20 | Loss: 0.0009
Epoch 468/500 | Batch 30 | Loss: 0.0002
Epoch 468 | Avg Loss: 0.0069
Epoch 469/500 | Batch 0 | Loss: 0.0012
Epoch 469/500 | Batch 10 | Loss: 0.0045
Epoch 469/500 | Batch 20 | Loss: 0.0018
Epoch 469/500 | Batch 30 | Loss: 0.0009
Epoch 469 | Avg Loss: 0.0087
Epoch 470/500 | Batch 0 | Loss: 0.0056
Epoch 470/500 | Batch 10 | Loss: 0.0204
Epoch 470/500 | Batch 20 | Loss: 0.0043
Epoch 470/500 | Batch 30 | Loss: 0.0006
Epoch 470 | Avg Loss: 0.0054
Epoch 471/500 | Batch 0 | Loss: 0.0175
Epoch 471/500 | Batch 10 | Loss: 0.0008
Epoch 471/500 | Batch 20 | Loss: 0.0046
Epoch 471/500 | Batch 30 | Loss: 0.0039
Epoch 471 | Avg Loss: 0.0084
Epoch 472/500 | Batch 0 | Loss: 0.0035
Epoch 472/500 | Batch 10 | Loss: 0.0324
Epoch 472/500 | Batch 20 | Loss: 0.0075
Epoch 472/500 | Batch 30 | Loss: 0.0104
Epoch 472 | Avg Loss: 0.0046
Epoch 473/500 | Batch 0 | Loss: 0.0363
Epoch 473/500 | Batch 10 | Loss: 0.0051
Epoch 473/500 | Batch 20 | Loss: 0.0003
Epoch 473/500 | Batch 30 | Loss: 0.0125
Epoch 473 | Avg Loss: 0.0101
Epoch 474/500 | Batch 0 | Loss: 0.0021
Epoch 474/500 | Batch 10 | Loss: 0.0093
Epoch 474/500 | Batch 20 | Loss: 0.0197
Epoch 474/500 | Batch 30 | Loss: 0.0304
Epoch 474 | Avg Loss: 0.0062
Epoch 475/500 | Batch 0 | Loss: 0.0010
Epoch 475/500 | Batch 10 | Loss: 0.0006
Epoch 475/500 | Batch 20 | Loss: 0.0008
Epoch 475/500 | Batch 30 | Loss: 0.0106
Epoch 475 | Avg Loss: 0.0054
Epoch 476/500 | Batch 0 | Loss: 0.0010
Epoch 476/500 | Batch 10 | Loss: 0.0135
Epoch 476/500 | Batch 20 | Loss: 0.0113
Epoch 476/500 | Batch 30 | Loss: 0.0080
Epoch 476 | Avg Loss: 0.0040
Epoch 477/500 | Batch 0 | Loss: 0.0027
Epoch 477/500 | Batch 10 | Loss: 0.0058
Epoch 477/500 | Batch 20 | Loss: 0.0060
Epoch 477/500 | Batch 30 | Loss: 0.0273
Epoch 477 | Avg Loss: 0.0072
Epoch 478/500 | Batch 0 | Loss: 0.0013
Epoch 478/500 | Batch 10 | Loss: 0.0028
Epoch 478/500 | Batch 20 | Loss: 0.0005
Epoch 478/500 | Batch 30 | Loss: 0.0022
Epoch 478 | Avg Loss: 0.0069
Epoch 479/500 | Batch 0 | Loss: 0.0480
Epoch 479/500 | Batch 10 | Loss: 0.0005
Epoch 479/500 | Batch 20 | Loss: 0.0496
Epoch 479/500 | Batch 30 | Loss: 0.0209
Epoch 479 | Avg Loss: 0.0081
Epoch 480/500 | Batch 0 | Loss: 0.0245
Epoch 480/500 | Batch 10 | Loss: 0.0297
Epoch 480/500 | Batch 20 | Loss: 0.0156
Epoch 480/500 | Batch 30 | Loss: 0.0028
Epoch 480 | Avg Loss: 0.0083
Epoch 481/500 | Batch 0 | Loss: 0.0011
Epoch 481/500 | Batch 10 | Loss: 0.0024
Epoch 481/500 | Batch 20 | Loss: 0.0143
Epoch 481/500 | Batch 30 | Loss: 0.0030
Epoch 481 | Avg Loss: 0.0076
Epoch 482/500 | Batch 0 | Loss: 0.0065
Epoch 482/500 | Batch 10 | Loss: 0.0551
Epoch 482/500 | Batch 20 | Loss: 0.0035
Epoch 482/500 | Batch 30 | Loss: 0.0015
Epoch 482 | Avg Loss: 0.0063
Epoch 483/500 | Batch 0 | Loss: 0.0078
Epoch 483/500 | Batch 10 | Loss: 0.0062
Epoch 483/500 | Batch 20 | Loss: 0.0058
Epoch 483/500 | Batch 30 | Loss: 0.0013
Epoch 483 | Avg Loss: 0.0115
Epoch 484/500 | Batch 0 | Loss: 0.0015
Epoch 484/500 | Batch 10 | Loss: 0.0257
Epoch 484/500 | Batch 20 | Loss: 0.0004
Epoch 484/500 | Batch 30 | Loss: 0.0014
Epoch 484 | Avg Loss: 0.0118
Epoch 485/500 | Batch 0 | Loss: 0.0095
Epoch 485/500 | Batch 10 | Loss: 0.0028
Epoch 485/500 | Batch 20 | Loss: 0.0043
Epoch 485/500 | Batch 30 | Loss: 0.0048
Epoch 485 | Avg Loss: 0.0154
Epoch 486/500 | Batch 0 | Loss: 0.0123
Epoch 486/500 | Batch 10 | Loss: 0.0005
Epoch 486/500 | Batch 20 | Loss: 0.0193
Epoch 486/500 | Batch 30 | Loss: 0.0032
Epoch 486 | Avg Loss: 0.0112
Epoch 487/500 | Batch 0 | Loss: 0.0037
Epoch 487/500 | Batch 10 | Loss: 0.0002
Epoch 487/500 | Batch 20 | Loss: 0.0088
Epoch 487/500 | Batch 30 | Loss: 0.0016
Epoch 487 | Avg Loss: 0.0075
Epoch 488/500 | Batch 0 | Loss: 0.0009
Epoch 488/500 | Batch 10 | Loss: 0.0255
Epoch 488/500 | Batch 20 | Loss: 0.0072
Epoch 488/500 | Batch 30 | Loss: 0.0082
Epoch 488 | Avg Loss: 0.0069
Epoch 489/500 | Batch 0 | Loss: 0.0009
Epoch 489/500 | Batch 10 | Loss: 0.0039
Epoch 489/500 | Batch 20 | Loss: 0.0008
Epoch 489/500 | Batch 30 | Loss: 0.0013
Epoch 489 | Avg Loss: 0.0114
Epoch 490/500 | Batch 0 | Loss: 0.0014
Epoch 490/500 | Batch 10 | Loss: 0.0014
Epoch 490/500 | Batch 20 | Loss: 0.0200
Epoch 490/500 | Batch 30 | Loss: 0.0010
Epoch 490 | Avg Loss: 0.0076
Epoch 491/500 | Batch 0 | Loss: 0.0174
Epoch 491/500 | Batch 10 | Loss: 0.0021
Epoch 491/500 | Batch 20 | Loss: 0.0014
Epoch 491/500 | Batch 30 | Loss: 0.0007
Epoch 491 | Avg Loss: 0.0063
Epoch 492/500 | Batch 0 | Loss: 0.0039
Epoch 492/500 | Batch 10 | Loss: 0.0024
Epoch 492/500 | Batch 20 | Loss: 0.0006
Epoch 492/500 | Batch 30 | Loss: 0.0016
Epoch 492 | Avg Loss: 0.0038
Epoch 493/500 | Batch 0 | Loss: 0.0037
Epoch 493/500 | Batch 10 | Loss: 0.0108
Epoch 493/500 | Batch 20 | Loss: 0.0794
Epoch 493/500 | Batch 30 | Loss: 0.0027
Epoch 493 | Avg Loss: 0.0067
Epoch 494/500 | Batch 0 | Loss: 0.0291
Epoch 494/500 | Batch 10 | Loss: 0.0025
Epoch 494/500 | Batch 20 | Loss: 0.0006
Epoch 494/500 | Batch 30 | Loss: 0.0008
Epoch 494 | Avg Loss: 0.0056
Epoch 495/500 | Batch 0 | Loss: 0.0010
Epoch 495/500 | Batch 10 | Loss: 0.0002
Epoch 495/500 | Batch 20 | Loss: 0.0088
Epoch 495/500 | Batch 30 | Loss: 0.0008
Epoch 495 | Avg Loss: 0.0090
Epoch 496/500 | Batch 0 | Loss: 0.0009
Epoch 496/500 | Batch 10 | Loss: 0.0018
Epoch 496/500 | Batch 20 | Loss: 0.0047
Epoch 496/500 | Batch 30 | Loss: 0.0007
Epoch 496 | Avg Loss: 0.0048
Epoch 497/500 | Batch 0 | Loss: 0.0058
Epoch 497/500 | Batch 10 | Loss: 0.0062
Epoch 497/500 | Batch 20 | Loss: 0.0014
Epoch 497/500 | Batch 30 | Loss: 0.0011
Epoch 497 | Avg Loss: 0.0094
Epoch 498/500 | Batch 0 | Loss: 0.0036
Epoch 498/500 | Batch 10 | Loss: 0.0024
Epoch 498/500 | Batch 20 | Loss: 0.0009
Epoch 498/500 | Batch 30 | Loss: 0.0007
Epoch 498 | Avg Loss: 0.0100
Epoch 499/500 | Batch 0 | Loss: 0.0003
Epoch 499/500 | Batch 10 | Loss: 0.0048
Epoch 499/500 | Batch 20 | Loss: 0.0020
Epoch 499/500 | Batch 30 | Loss: 0.0020
Epoch 499 | Avg Loss: 0.0050
Epoch 500/500 | Batch 0 | Loss: 0.0106
Epoch 500/500 | Batch 10 | Loss: 0.0019
Epoch 500/500 | Batch 20 | Loss: 0.0027
Epoch 500/500 | Batch 30 | Loss: 0.0042
Epoch 500 | Avg Loss: 0.0070

============================================================
Generating text...
============================================================

Prompt: 'To be'
Output: To beoeouerououtue,
ruo fbe,
     bls  s or
  ore,
 Orr

Prompt: 'Whether'
Output: Whethertherthethethetiethuethetin.
 Wher  Whesueuer n.tis

Prompt: 'The '
Output: The The Whe Ther
bu
u
   Ther TheuThigsuf The  Theruer
