Training nuLLM on tiny corpus...
Text length: 182 chars
Vocab size: 26
Model params: 20,864 (0.02M)

Training...
Epoch 1/50 | Batch 0 | Loss: 3.4136
Epoch 1/50 | Batch 10 | Loss: 3.1835
Epoch 1/50 | Batch 20 | Loss: 2.9808
Epoch 1/50 | Batch 30 | Loss: 2.7955
Epoch 1 | Avg Loss: 2.9936
Epoch 2/50 | Batch 0 | Loss: 2.7845
Epoch 2/50 | Batch 10 | Loss: 2.6127
Epoch 2/50 | Batch 20 | Loss: 2.6548
Epoch 2/50 | Batch 30 | Loss: 2.5695
Epoch 2 | Avg Loss: 2.5849
Epoch 3/50 | Batch 0 | Loss: 2.4589
Epoch 3/50 | Batch 10 | Loss: 2.3624
Epoch 3/50 | Batch 20 | Loss: 2.3022
Epoch 3/50 | Batch 30 | Loss: 2.3794
Epoch 3 | Avg Loss: 2.3625
Epoch 4/50 | Batch 0 | Loss: 2.1771
Epoch 4/50 | Batch 10 | Loss: 2.2074
Epoch 4/50 | Batch 20 | Loss: 2.2431
Epoch 4/50 | Batch 30 | Loss: 2.1968
Epoch 4 | Avg Loss: 2.1869
Epoch 5/50 | Batch 0 | Loss: 2.1601
Epoch 5/50 | Batch 10 | Loss: 1.9371
Epoch 5/50 | Batch 20 | Loss: 2.1498
Epoch 5/50 | Batch 30 | Loss: 2.1267
Epoch 5 | Avg Loss: 2.0591
Epoch 6/50 | Batch 0 | Loss: 1.7835
Epoch 6/50 | Batch 10 | Loss: 1.9856
Epoch 6/50 | Batch 20 | Loss: 1.8856
Epoch 6/50 | Batch 30 | Loss: 1.8149
Epoch 6 | Avg Loss: 1.9414
Epoch 7/50 | Batch 0 | Loss: 1.9501
Epoch 7/50 | Batch 10 | Loss: 1.9340
Epoch 7/50 | Batch 20 | Loss: 1.9504
Epoch 7/50 | Batch 30 | Loss: 1.7529
Epoch 7 | Avg Loss: 1.8489
Epoch 8/50 | Batch 0 | Loss: 1.7225
Epoch 8/50 | Batch 10 | Loss: 1.8098
Epoch 8/50 | Batch 20 | Loss: 1.9176
Epoch 8/50 | Batch 30 | Loss: 1.6872
Epoch 8 | Avg Loss: 1.7795
Epoch 9/50 | Batch 0 | Loss: 1.7470
Epoch 9/50 | Batch 10 | Loss: 1.6675
Epoch 9/50 | Batch 20 | Loss: 1.6314
Epoch 9/50 | Batch 30 | Loss: 1.7070
Epoch 9 | Avg Loss: 1.6926
Epoch 10/50 | Batch 0 | Loss: 1.7196
Epoch 10/50 | Batch 10 | Loss: 1.6684
Epoch 10/50 | Batch 20 | Loss: 1.7019
Epoch 10/50 | Batch 30 | Loss: 1.6984
Epoch 10 | Avg Loss: 1.6350
Epoch 11/50 | Batch 0 | Loss: 1.5769
Epoch 11/50 | Batch 10 | Loss: 1.6796
Epoch 11/50 | Batch 20 | Loss: 1.5407
Epoch 11/50 | Batch 30 | Loss: 1.4975
Epoch 11 | Avg Loss: 1.5687
Epoch 12/50 | Batch 0 | Loss: 1.4654
Epoch 12/50 | Batch 10 | Loss: 1.5196
Epoch 12/50 | Batch 20 | Loss: 1.4522
Epoch 12/50 | Batch 30 | Loss: 1.4717
Epoch 12 | Avg Loss: 1.5195
Epoch 13/50 | Batch 0 | Loss: 1.4176
Epoch 13/50 | Batch 10 | Loss: 1.5100
Epoch 13/50 | Batch 20 | Loss: 1.5304
Epoch 13/50 | Batch 30 | Loss: 1.3721
Epoch 13 | Avg Loss: 1.4777
Epoch 14/50 | Batch 0 | Loss: 1.5020
Epoch 14/50 | Batch 10 | Loss: 1.2723
Epoch 14/50 | Batch 20 | Loss: 1.4358
Epoch 14/50 | Batch 30 | Loss: 1.3589
Epoch 14 | Avg Loss: 1.4322
Epoch 15/50 | Batch 0 | Loss: 1.4341
Epoch 15/50 | Batch 10 | Loss: 1.3863
Epoch 15/50 | Batch 20 | Loss: 1.3190
Epoch 15/50 | Batch 30 | Loss: 1.4543
Epoch 15 | Avg Loss: 1.3992
Epoch 16/50 | Batch 0 | Loss: 1.5864
Epoch 16/50 | Batch 10 | Loss: 1.3222
Epoch 16/50 | Batch 20 | Loss: 1.2345
Epoch 16/50 | Batch 30 | Loss: 1.3056
Epoch 16 | Avg Loss: 1.3656
Epoch 17/50 | Batch 0 | Loss: 1.4144
Epoch 17/50 | Batch 10 | Loss: 1.4059
Epoch 17/50 | Batch 20 | Loss: 1.2742
Epoch 17/50 | Batch 30 | Loss: 1.3474
Epoch 17 | Avg Loss: 1.3416
Epoch 18/50 | Batch 0 | Loss: 1.2080
Epoch 18/50 | Batch 10 | Loss: 1.3722
Epoch 18/50 | Batch 20 | Loss: 1.4899
Epoch 18/50 | Batch 30 | Loss: 1.2663
Epoch 18 | Avg Loss: 1.3171
Epoch 19/50 | Batch 0 | Loss: 1.2414
Epoch 19/50 | Batch 10 | Loss: 1.1780
Epoch 19/50 | Batch 20 | Loss: 1.5122
Epoch 19/50 | Batch 30 | Loss: 1.2147
Epoch 19 | Avg Loss: 1.2799
Epoch 20/50 | Batch 0 | Loss: 1.2658
Epoch 20/50 | Batch 10 | Loss: 1.2590
Epoch 20/50 | Batch 20 | Loss: 1.2537
Epoch 20/50 | Batch 30 | Loss: 1.2514
Epoch 20 | Avg Loss: 1.2432
Epoch 21/50 | Batch 0 | Loss: 1.2072
Epoch 21/50 | Batch 10 | Loss: 1.2195
Epoch 21/50 | Batch 20 | Loss: 1.2036
Epoch 21/50 | Batch 30 | Loss: 1.1603
Epoch 21 | Avg Loss: 1.2138
Epoch 22/50 | Batch 0 | Loss: 1.1103
Epoch 22/50 | Batch 10 | Loss: 1.1857
Epoch 22/50 | Batch 20 | Loss: 1.1365
Epoch 22/50 | Batch 30 | Loss: 1.0809
Epoch 22 | Avg Loss: 1.2012
Epoch 23/50 | Batch 0 | Loss: 1.2602
Epoch 23/50 | Batch 10 | Loss: 1.2463
Epoch 23/50 | Batch 20 | Loss: 1.0435
Epoch 23/50 | Batch 30 | Loss: 1.3026
Epoch 23 | Avg Loss: 1.1985
Epoch 24/50 | Batch 0 | Loss: 1.1727
Epoch 24/50 | Batch 10 | Loss: 1.1473
Epoch 24/50 | Batch 20 | Loss: 1.2072
Epoch 24/50 | Batch 30 | Loss: 1.0727
Epoch 24 | Avg Loss: 1.1765
Epoch 25/50 | Batch 0 | Loss: 1.1050
Epoch 25/50 | Batch 10 | Loss: 1.1752
Epoch 25/50 | Batch 20 | Loss: 1.2471
Epoch 25/50 | Batch 30 | Loss: 1.1395
Epoch 25 | Avg Loss: 1.1549
Epoch 26/50 | Batch 0 | Loss: 1.2423
Epoch 26/50 | Batch 10 | Loss: 1.0927
Epoch 26/50 | Batch 20 | Loss: 1.0779
Epoch 26/50 | Batch 30 | Loss: 1.1028
Epoch 26 | Avg Loss: 1.1345
Epoch 27/50 | Batch 0 | Loss: 1.1387
Epoch 27/50 | Batch 10 | Loss: 1.1585
Epoch 27/50 | Batch 20 | Loss: 1.0231
Epoch 27/50 | Batch 30 | Loss: 1.1037
Epoch 27 | Avg Loss: 1.1185
Epoch 28/50 | Batch 0 | Loss: 0.9760
Epoch 28/50 | Batch 10 | Loss: 1.0000
Epoch 28/50 | Batch 20 | Loss: 1.1322
Epoch 28/50 | Batch 30 | Loss: 1.0323
Epoch 28 | Avg Loss: 1.0943
Epoch 29/50 | Batch 0 | Loss: 1.1915
Epoch 29/50 | Batch 10 | Loss: 1.0633
Epoch 29/50 | Batch 20 | Loss: 0.9818
Epoch 29/50 | Batch 30 | Loss: 1.1051
Epoch 29 | Avg Loss: 1.0825
Epoch 30/50 | Batch 0 | Loss: 0.9464
Epoch 30/50 | Batch 10 | Loss: 1.1669
Epoch 30/50 | Batch 20 | Loss: 1.0531
Epoch 30/50 | Batch 30 | Loss: 0.9708
Epoch 30 | Avg Loss: 1.0557
Epoch 31/50 | Batch 0 | Loss: 1.1138
Epoch 31/50 | Batch 10 | Loss: 1.1008
Epoch 31/50 | Batch 20 | Loss: 0.9792
Epoch 31/50 | Batch 30 | Loss: 0.9259
Epoch 31 | Avg Loss: 1.0457
Epoch 32/50 | Batch 0 | Loss: 1.1243
Epoch 32/50 | Batch 10 | Loss: 1.1091
Epoch 32/50 | Batch 20 | Loss: 1.0627
Epoch 32/50 | Batch 30 | Loss: 1.0427
Epoch 32 | Avg Loss: 1.0172
Epoch 33/50 | Batch 0 | Loss: 1.0516
Epoch 33/50 | Batch 10 | Loss: 0.9026
Epoch 33/50 | Batch 20 | Loss: 0.9649
Epoch 33/50 | Batch 30 | Loss: 0.9656
Epoch 33 | Avg Loss: 1.0077
Epoch 34/50 | Batch 0 | Loss: 0.8980
Epoch 34/50 | Batch 10 | Loss: 1.0396
Epoch 34/50 | Batch 20 | Loss: 1.0527
Epoch 34/50 | Batch 30 | Loss: 1.0425
Epoch 34 | Avg Loss: 0.9853
Epoch 35/50 | Batch 0 | Loss: 0.8569
Epoch 35/50 | Batch 10 | Loss: 0.9419
Epoch 35/50 | Batch 20 | Loss: 0.9546
Epoch 35/50 | Batch 30 | Loss: 0.9968
Epoch 35 | Avg Loss: 0.9720
Epoch 36/50 | Batch 0 | Loss: 0.8819
Epoch 36/50 | Batch 10 | Loss: 0.7834
Epoch 36/50 | Batch 20 | Loss: 0.9053
Epoch 36/50 | Batch 30 | Loss: 0.9235
Epoch 36 | Avg Loss: 0.9392
Epoch 37/50 | Batch 0 | Loss: 0.9432
Epoch 37/50 | Batch 10 | Loss: 0.9259
Epoch 37/50 | Batch 20 | Loss: 1.1429
Epoch 37/50 | Batch 30 | Loss: 0.9180
Epoch 37 | Avg Loss: 0.9119
Epoch 38/50 | Batch 0 | Loss: 0.7282
Epoch 38/50 | Batch 10 | Loss: 0.8580
Epoch 38/50 | Batch 20 | Loss: 0.8970
Epoch 38/50 | Batch 30 | Loss: 0.9198
Epoch 38 | Avg Loss: 0.9041
Epoch 39/50 | Batch 0 | Loss: 0.7735
Epoch 39/50 | Batch 10 | Loss: 0.9097
Epoch 39/50 | Batch 20 | Loss: 0.9522
Epoch 39/50 | Batch 30 | Loss: 0.9366
Epoch 39 | Avg Loss: 0.8857
Epoch 40/50 | Batch 0 | Loss: 0.9136
Epoch 40/50 | Batch 10 | Loss: 0.7641
Epoch 40/50 | Batch 20 | Loss: 0.9056
Epoch 40/50 | Batch 30 | Loss: 0.8520
Epoch 40 | Avg Loss: 0.8660
Epoch 41/50 | Batch 0 | Loss: 0.7470
Epoch 41/50 | Batch 10 | Loss: 1.1025
Epoch 41/50 | Batch 20 | Loss: 0.9386
Epoch 41/50 | Batch 30 | Loss: 0.7485
Epoch 41 | Avg Loss: 0.8363
Epoch 42/50 | Batch 0 | Loss: 0.8437
Epoch 42/50 | Batch 10 | Loss: 0.8285
Epoch 42/50 | Batch 20 | Loss: 0.7824
Epoch 42/50 | Batch 30 | Loss: 0.6769
Epoch 42 | Avg Loss: 0.8093
Epoch 43/50 | Batch 0 | Loss: 0.6574
Epoch 43/50 | Batch 10 | Loss: 0.8877
Epoch 43/50 | Batch 20 | Loss: 0.7900
Epoch 43/50 | Batch 30 | Loss: 0.7365
Epoch 43 | Avg Loss: 0.7879
Epoch 44/50 | Batch 0 | Loss: 0.7607
Epoch 44/50 | Batch 10 | Loss: 0.8834
Epoch 44/50 | Batch 20 | Loss: 0.6360
Epoch 44/50 | Batch 30 | Loss: 0.7301
Epoch 44 | Avg Loss: 0.7474
Epoch 45/50 | Batch 0 | Loss: 0.7215
Epoch 45/50 | Batch 10 | Loss: 0.6708
Epoch 45/50 | Batch 20 | Loss: 0.5818
Epoch 45/50 | Batch 30 | Loss: 0.8021
Epoch 45 | Avg Loss: 0.7284
Epoch 46/50 | Batch 0 | Loss: 0.6722
Epoch 46/50 | Batch 10 | Loss: 0.8316
Epoch 46/50 | Batch 20 | Loss: 0.6011
Epoch 46/50 | Batch 30 | Loss: 0.7432
Epoch 46 | Avg Loss: 0.6867
Epoch 47/50 | Batch 0 | Loss: 0.6394
Epoch 47/50 | Batch 10 | Loss: 0.7053
Epoch 47/50 | Batch 20 | Loss: 0.7379
Epoch 47/50 | Batch 30 | Loss: 0.7081
Epoch 47 | Avg Loss: 0.6664
Epoch 48/50 | Batch 0 | Loss: 0.6475
Epoch 48/50 | Batch 10 | Loss: 0.6980
Epoch 48/50 | Batch 20 | Loss: 0.6993
Epoch 48/50 | Batch 30 | Loss: 0.6322
Epoch 48 | Avg Loss: 0.6090
Epoch 49/50 | Batch 0 | Loss: 0.6183
Epoch 49/50 | Batch 10 | Loss: 0.6060
Epoch 49/50 | Batch 20 | Loss: 0.6186
Epoch 49/50 | Batch 30 | Loss: 0.5585
Epoch 49 | Avg Loss: 0.5984
Epoch 50/50 | Batch 0 | Loss: 0.5950
Epoch 50/50 | Batch 10 | Loss: 0.6481
Epoch 50/50 | Batch 20 | Loss: 0.6720
Epoch 50/50 | Batch 30 | Loss: 0.6662
Epoch 50 | Avg Loss: 0.5527

============================================================
Generating text...
============================================================

Prompt: 'To be'
Output: To be  be nobenes nses s      s  s   s  s  n s Tm  sl  

Prompt: 'Whether'
Output: Whetherthethethethetiobthetheththet t thet tion.
 thethet

Prompt: 'The '
Output: The The                                               
