Device: cpu
Training nous MINI on jot corpus (tokenizer: char)...
Corpus length: 29,897 chars
Dataset size: 29641 windows
Vocab size: 91
Model params: 4,916,736 (4.917M)

Training...
Epoch 1/100 | Batch 0 | Loss: 4.6017
Epoch 1/100 | Batch 10 | Loss: 3.1382
Epoch 1/100 | Batch 20 | Loss: 2.7052
Epoch 1/100 | Batch 30 | Loss: 2.3230
Epoch 1/100 | Batch 40 | Loss: 2.9601
Epoch 1/100 | Batch 50 | Loss: 2.8194
Epoch 1/100 | Batch 60 | Loss: 2.7633
Epoch 1/100 | Batch 70 | Loss: 2.5894
Epoch 1/100 | Batch 80 | Loss: 2.5794
Epoch 1/100 | Batch 90 | Loss: 2.4598
Epoch 1/100 | Batch 100 | Loss: 2.5024
Epoch 1/100 | Batch 110 | Loss: 2.4972
Epoch 1/100 | Batch 120 | Loss: 2.7003
Epoch 1/100 | Batch 130 | Loss: 2.4385
Epoch 1/100 | Batch 140 | Loss: 2.6405
Epoch 1/100 | Batch 150 | Loss: 2.1086
Epoch 1/100 | Batch 160 | Loss: 2.3828
Epoch 1/100 | Batch 170 | Loss: 2.3788
Epoch 1/100 | Batch 180 | Loss: 2.3653
Epoch 1/100 | Batch 190 | Loss: 2.4221
Epoch 1/100 | Batch 200 | Loss: 2.3744
Epoch 1/100 | Batch 210 | Loss: 2.2254
Epoch 1/100 | Batch 220 | Loss: 2.3554
Epoch 1/100 | Batch 230 | Loss: 2.3337
Epoch 1/100 | Batch 240 | Loss: 2.4077
Epoch 1/100 | Batch 250 | Loss: 2.6043
Epoch 1/100 | Batch 260 | Loss: 2.3691
Epoch 1/100 | Batch 270 | Loss: 2.4199
Epoch 1/100 | Batch 280 | Loss: 2.2977
Epoch 1/100 | Batch 290 | Loss: 2.4777
Epoch 1/100 | Batch 300 | Loss: 2.2457
Epoch 1/100 | Batch 310 | Loss: 2.0908
Epoch 1/100 | Batch 320 | Loss: 2.4541
Epoch 1/100 | Batch 330 | Loss: 2.3840
Epoch 1/100 | Batch 340 | Loss: 2.1891
Epoch 1/100 | Batch 350 | Loss: 2.1192
Epoch 1/100 | Batch 360 | Loss: 1.8544
Epoch 1/100 | Batch 370 | Loss: 2.0333
Epoch 1/100 | Batch 380 | Loss: 1.9114
Epoch 1/100 | Batch 390 | Loss: 2.4367
Epoch 1/100 | Batch 400 | Loss: 2.2714
Epoch 1/100 | Batch 410 | Loss: 2.4269
Epoch 1/100 | Batch 420 | Loss: 2.2967
Epoch 1/100 | Batch 430 | Loss: 2.2762
Epoch 1/100 | Batch 440 | Loss: 2.3022
Epoch 1/100 | Batch 450 | Loss: 2.2901
Epoch 1/100 | Batch 460 | Loss: 2.3070
Epoch 1/100 | Batch 470 | Loss: 1.8222
Epoch 1/100 | Batch 480 | Loss: 2.2724
Epoch 1/100 | Batch 490 | Loss: 2.4342
Epoch 1/100 | Batch 500 | Loss: 2.3253
Epoch 1/100 | Batch 510 | Loss: 2.4271
Epoch 1/100 | Batch 520 | Loss: 2.0756
Epoch 1/100 | Batch 530 | Loss: 2.3160
Epoch 1/100 | Batch 540 | Loss: 2.3051
Epoch 1/100 | Batch 550 | Loss: 2.2279
Epoch 1/100 | Batch 560 | Loss: 2.5535
Epoch 1/100 | Batch 570 | Loss: 1.8491
Epoch 1/100 | Batch 580 | Loss: 1.8330
Epoch 1/100 | Batch 590 | Loss: 2.1988
Epoch 1/100 | Batch 600 | Loss: 2.2081
Epoch 1/100 | Batch 610 | Loss: 1.9456
Epoch 1/100 | Batch 620 | Loss: 1.8607
Epoch 1/100 | Batch 630 | Loss: 2.0117
Epoch 1/100 | Batch 640 | Loss: 1.9531
Epoch 1/100 | Batch 650 | Loss: 1.8172
Epoch 1/100 | Batch 660 | Loss: 1.6827
Epoch 1/100 | Batch 670 | Loss: 2.0094
Epoch 1/100 | Batch 680 | Loss: 1.6737
Epoch 1/100 | Batch 690 | Loss: 1.9603
Epoch 1/100 | Batch 700 | Loss: 2.3328
Epoch 1/100 | Batch 710 | Loss: 1.7532
Epoch 1/100 | Batch 720 | Loss: 2.0362
Epoch 1/100 | Batch 730 | Loss: 2.1066
Epoch 1/100 | Batch 740 | Loss: 1.9558
Epoch 1/100 | Batch 750 | Loss: 2.2586
Epoch 1/100 | Batch 760 | Loss: 2.0325
Epoch 1/100 | Batch 770 | Loss: 1.5937
Epoch 1/100 | Batch 780 | Loss: 2.0923
Epoch 1/100 | Batch 790 | Loss: 1.8461
Epoch 1/100 | Batch 800 | Loss: 1.9151
Epoch 1/100 | Batch 810 | Loss: 1.7302
Epoch 1/100 | Batch 820 | Loss: 1.8800
Epoch 1/100 | Batch 830 | Loss: 2.0373
Epoch 1/100 | Batch 840 | Loss: 1.9523
Epoch 1/100 | Batch 850 | Loss: 1.7057
Epoch 1/100 | Batch 860 | Loss: 1.6356
Epoch 1/100 | Batch 870 | Loss: 1.9457
Epoch 1/100 | Batch 880 | Loss: 1.9589
Epoch 1/100 | Batch 890 | Loss: 1.5278
Epoch 1/100 | Batch 900 | Loss: 1.8203
Epoch 1/100 | Batch 910 | Loss: 1.7384
Epoch 1/100 | Batch 920 | Loss: 1.9460
Epoch 1/100 | Batch 930 | Loss: 1.5515
Epoch 1/100 | Batch 940 | Loss: 1.6164
Epoch 1/100 | Batch 950 | Loss: 1.5365
Epoch 1/100 | Batch 960 | Loss: 1.5775
Epoch 1/100 | Batch 970 | Loss: 1.7419
Epoch 1/100 | Batch 980 | Loss: 1.6730
Epoch 1/100 | Batch 990 | Loss: 1.8631
Epoch 1/100 | Batch 1000 | Loss: 1.8081
Epoch 1/100 | Batch 1010 | Loss: 1.6874
Epoch 1/100 | Batch 1020 | Loss: 1.3961
Epoch 1/100 | Batch 1030 | Loss: 1.6611
Epoch 1/100 | Batch 1040 | Loss: 1.6707
Epoch 1/100 | Batch 1050 | Loss: 1.8592
Epoch 1/100 | Batch 1060 | Loss: 1.5989
Epoch 1/100 | Batch 1070 | Loss: 1.5057
Epoch 1/100 | Batch 1080 | Loss: 1.4400
Epoch 1/100 | Batch 1090 | Loss: 1.7158
Epoch 1/100 | Batch 1100 | Loss: 1.6731
Epoch 1/100 | Batch 1110 | Loss: 1.4786
Epoch 1/100 | Batch 1120 | Loss: 1.4585
Epoch 1/100 | Batch 1130 | Loss: 1.9331
Epoch 1/100 | Batch 1140 | Loss: 1.8063
Epoch 1/100 | Batch 1150 | Loss: 1.3740
Epoch 1/100 | Batch 1160 | Loss: 1.2962
Epoch 1/100 | Batch 1170 | Loss: 1.5642
Epoch 1/100 | Batch 1180 | Loss: 1.7812
Epoch 1/100 | Batch 1190 | Loss: 1.7024
Epoch 1/100 | Batch 1200 | Loss: 1.5759
Epoch 1/100 | Batch 1210 | Loss: 1.2072
Epoch 1/100 | Batch 1220 | Loss: 1.6717
Epoch 1/100 | Batch 1230 | Loss: 1.6632
Epoch 1/100 | Batch 1240 | Loss: 1.6779
Epoch 1/100 | Batch 1250 | Loss: 1.5666
Epoch 1/100 | Batch 1260 | Loss: 1.5400
Epoch 1/100 | Batch 1270 | Loss: 1.8431
Epoch 1/100 | Batch 1280 | Loss: 1.0989
Epoch 1/100 | Batch 1290 | Loss: 1.7052
Epoch 1/100 | Batch 1300 | Loss: 1.0417
Epoch 1/100 | Batch 1310 | Loss: 1.1698
Epoch 1/100 | Batch 1320 | Loss: 1.2183
Epoch 1/100 | Batch 1330 | Loss: 1.4377
Epoch 1/100 | Batch 1340 | Loss: 1.7025
Epoch 1/100 | Batch 1350 | Loss: 0.9280
Epoch 1/100 | Batch 1360 | Loss: 1.4233
Epoch 1/100 | Batch 1370 | Loss: 1.4182
Epoch 1/100 | Batch 1380 | Loss: 1.2276
Epoch 1/100 | Batch 1390 | Loss: 1.4814
Epoch 1/100 | Batch 1400 | Loss: 1.5492
Epoch 1/100 | Batch 1410 | Loss: 1.3865
Epoch 1/100 | Batch 1420 | Loss: 1.0852
Epoch 1/100 | Batch 1430 | Loss: 1.4110
Epoch 1/100 | Batch 1440 | Loss: 1.3214
Epoch 1/100 | Batch 1450 | Loss: 1.3649
Epoch 1/100 | Batch 1460 | Loss: 1.3782
Epoch 1/100 | Batch 1470 | Loss: 1.5490
Epoch 1/100 | Batch 1480 | Loss: 1.0665
Epoch 1/100 | Batch 1490 | Loss: 1.6211
Epoch 1/100 | Batch 1500 | Loss: 1.1487
Epoch 1/100 | Batch 1510 | Loss: 1.3361
Epoch 1/100 | Batch 1520 | Loss: 1.6962
Epoch 1/100 | Batch 1530 | Loss: 1.5302
Epoch 1/100 | Batch 1540 | Loss: 1.1724
Epoch 1/100 | Batch 1550 | Loss: 1.7424
