Overnight training started: 2026-02-22 01:15:16.726977
Corpus: 151,459 chars

Epoch    1/200 | Loss: 0.7717 | LR: 0.001000 | 155.0s
Epoch    2/200 | Loss: 0.5043 | LR: 0.001000 | 149.9s
Epoch    3/200 | Loss: 0.4476 | LR: 0.001000 | 155.3s
Epoch    4/200 | Loss: 0.4141 | LR: 0.000999 | 149.3s
Epoch    5/200 | Loss: 0.3873 | LR: 0.000999 | 154.2s
Epoch    6/200 | Loss: 0.3654 | LR: 0.000998 | 149.0s
Epoch    7/200 | Loss: 0.3478 | LR: 0.000998 | 149.7s
Epoch    8/200 | Loss: 0.3336 | LR: 0.000997 | 153.7s
Epoch    9/200 | Loss: 0.3215 | LR: 0.000996 | 148.6s
Epoch   10/200 | Loss: 0.3117 | LR: 0.000995 | 153.6s
Epoch   11/200 | Loss: 0.3034 | LR: 0.000994 | 148.6s
Epoch   12/200 | Loss: 0.2965 | LR: 0.000993 | 154.4s
Epoch   13/200 | Loss: 0.2906 | LR: 0.000991 | 148.5s
Epoch   14/200 | Loss: 0.2855 | LR: 0.000990 | 153.1s
Epoch   15/200 | Loss: 0.2812 | LR: 0.000988 | 149.1s
Epoch   16/200 | Loss: 0.2773 | LR: 0.000986 | 151.6s
Epoch   17/200 | Loss: 0.2742 | LR: 0.000984 | 151.4s
Epoch   18/200 | Loss: 0.2710 | LR: 0.000982 | 148.8s
Epoch   19/200 | Loss: 0.2684 | LR: 0.000980 | 153.9s
Epoch   20/200 | Loss: 0.2658 | LR: 0.000978 | 149.0s
Epoch   21/200 | Loss: 0.2638 | LR: 0.000976 | 154.3s
Epoch   22/200 | Loss: 0.2618 | LR: 0.000973 | 149.0s
Epoch   23/200 | Loss: 0.2601 | LR: 0.000971 | 155.7s
Epoch   24/200 | Loss: 0.2584 | LR: 0.000968 | 149.3s
Epoch   25/200 | Loss: 0.2568 | LR: 0.000965 | 156.0s
Epoch   26/200 | Loss: 0.2552 | LR: 0.000962 | 148.8s
Epoch   27/200 | Loss: 0.2538 | LR: 0.000959 | 149.4s
Epoch   28/200 | Loss: 0.2524 | LR: 0.000956 | 152.8s
Epoch   29/200 | Loss: 0.2514 | LR: 0.000953 | 148.9s
Epoch   30/200 | Loss: 0.2502 | LR: 0.000950 | 154.6s
Epoch   31/200 | Loss: 0.2491 | LR: 0.000946 | 149.1s
Epoch   32/200 | Loss: 0.2478 | LR: 0.000942 | 153.4s
Epoch   33/200 | Loss: 0.2469 | LR: 0.000939 | 149.2s
Epoch   34/200 | Loss: 0.2462 | LR: 0.000935 | 154.1s
Epoch   35/200 | Loss: 0.2453 | LR: 0.000931 | 149.3s
Epoch   36/200 | Loss: 0.2443 | LR: 0.000927 | 152.4s
Epoch   37/200 | Loss: 0.2436 | LR: 0.000923 | 149.6s
Epoch   38/200 | Loss: 0.2425 | LR: 0.000919 | 148.6s
Epoch   39/200 | Loss: 0.2419 | LR: 0.000914 | 154.6s
Epoch   40/200 | Loss: 0.2412 | LR: 0.000910 | 148.7s
Epoch   41/200 | Loss: 0.2403 | LR: 0.000905 | 154.1s
Epoch   42/200 | Loss: 0.2397 | LR: 0.000901 | 148.6s
Epoch   43/200 | Loss: 0.2388 | LR: 0.000896 | 154.9s
Epoch   44/200 | Loss: 0.2383 | LR: 0.000891 | 148.7s
Epoch   45/200 | Loss: 0.2376 | LR: 0.000886 | 154.1s
Epoch   46/200 | Loss: 0.2372 | LR: 0.000881 | 149.0s
Epoch   47/200 | Loss: 0.2365 | LR: 0.000876 | 151.4s
Epoch   48/200 | Loss: 0.2358 | LR: 0.000871 | 150.4s
Epoch   49/200 | Loss: 0.2352 | LR: 0.000866 | 149.5s
Epoch   50/200 | Loss: 0.2345 | LR: 0.000860 | 153.1s

--- Samples @ epoch 50 ---
Q: What is 5+3?
A: 8

Q:
Q: What's 7*8?
A: 56

Q:
Q: What is your name?
A: core

Q:
Q: Who made you?
A: Josh made me

Q:
---

Epoch   51/200 | Loss: 0.2338 | LR: 0.000855 | 148.8s
Epoch   52/200 | Loss: 0.2334 | LR: 0.000849 | 154.0s
Epoch   53/200 | Loss: 0.2329 | LR: 0.000844 | 148.9s
Epoch   54/200 | Loss: 0.2324 | LR: 0.000838 | 153.3s
Epoch   55/200 | Loss: 0.2318 | LR: 0.000832 | 148.8s
Epoch   56/200 | Loss: 0.2312 | LR: 0.000826 | 152.9s
Epoch   57/200 | Loss: 0.2308 | LR: 0.000821 | 150.8s
Epoch   58/200 | Loss: 0.2303 | LR: 0.000814 | 148.7s
Epoch   59/200 | Loss: 0.2296 | LR: 0.000808 | 153.9s
Epoch   60/200 | Loss: 0.2290 | LR: 0.000802 | 148.7s
Epoch   61/200 | Loss: 0.2287 | LR: 0.000796 | 155.3s
Epoch   62/200 | Loss: 0.2282 | LR: 0.000790 | 148.7s
Epoch   63/200 | Loss: 0.2277 | LR: 0.000783 | 154.0s
Epoch   64/200 | Loss: 0.2273 | LR: 0.000777 | 148.9s
Epoch   65/200 | Loss: 0.2269 | LR: 0.000770 | 155.1s
Epoch   66/200 | Loss: 0.2263 | LR: 0.000764 | 149.0s
Epoch   67/200 | Loss: 0.2261 | LR: 0.000757 | 151.2s
Epoch   68/200 | Loss: 0.2254 | LR: 0.000750 | 151.8s
Epoch   69/200 | Loss: 0.2249 | LR: 0.000743 | 149.0s
Epoch   70/200 | Loss: 0.2244 | LR: 0.000737 | 154.5s
Epoch   71/200 | Loss: 0.2240 | LR: 0.000730 | 215.7s
Epoch   72/200 | Loss: 0.2235 | LR: 0.000723 | 191.4s
Epoch   73/200 | Loss: 0.2232 | LR: 0.000716 | 229.1s
Epoch   74/200 | Loss: 0.2227 | LR: 0.000709 | 194.9s
Epoch   75/200 | Loss: 0.2222 | LR: 0.000702 | 171.0s
Epoch   76/200 | Loss: 0.2217 | LR: 0.000694 | 148.5s
Epoch   77/200 | Loss: 0.2214 | LR: 0.000687 | 151.3s
Epoch   78/200 | Loss: 0.2209 | LR: 0.000680 | 150.0s
Epoch   79/200 | Loss: 0.2203 | LR: 0.000673 | 149.1s
Epoch   80/200 | Loss: 0.2199 | LR: 0.000665 | 153.7s
Epoch   81/200 | Loss: 0.2195 | LR: 0.000658 | 148.9s
Epoch   82/200 | Loss: 0.2191 | LR: 0.000651 | 153.1s
Epoch   83/200 | Loss: 0.2187 | LR: 0.000643 | 148.5s
Epoch   84/200 | Loss: 0.2183 | LR: 0.000636 | 152.0s
Epoch   85/200 | Loss: 0.2180 | LR: 0.000628 | 154.4s
Epoch   86/200 | Loss: 0.2174 | LR: 0.000621 | 148.8s
Epoch   87/200 | Loss: 0.2168 | LR: 0.000613 | 153.6s
Epoch   88/200 | Loss: 0.2164 | LR: 0.000605 | 148.7s
Epoch   89/200 | Loss: 0.2161 | LR: 0.000598 | 152.6s
Epoch   90/200 | Loss: 0.2158 | LR: 0.000590 | 150.5s
Epoch   91/200 | Loss: 0.2152 | LR: 0.000582 | 149.0s
Epoch   92/200 | Loss: 0.2148 | LR: 0.000575 | 153.4s
Epoch   93/200 | Loss: 0.2145 | LR: 0.000567 | 200.4s
Epoch   94/200 | Loss: 0.2140 | LR: 0.000559 | 210.8s
Epoch   95/200 | Loss: 0.2136 | LR: 0.000552 | 284.2s
Epoch   96/200 | Loss: 0.2131 | LR: 0.000544 | 198.5s
Epoch   97/200 | Loss: 0.2127 | LR: 0.000536 | 148.2s
Epoch   98/200 | Loss: 0.2121 | LR: 0.000528 | 154.7s
Epoch   99/200 | Loss: 0.2117 | LR: 0.000521 | 148.4s
Epoch  100/200 | Loss: 0.2114 | LR: 0.000513 | 151.0s

--- Samples @ epoch 100 ---
Q: What is 5+3?
A: 8

Q:
Q: What's 7*8?
A: 56

Q:
Q: What is your name?
A: core

Q:
Q: Who made you?
A: Josh made me

Q:
---

Epoch  101/200 | Loss: 0.2108 | LR: 0.000505 | 151.6s
Epoch  102/200 | Loss: 0.2107 | LR: 0.000497 | 156.0s
Epoch  103/200 | Loss: 0.2102 | LR: 0.000489 | 154.3s
Epoch  104/200 | Loss: 0.2097 | LR: 0.000482 | 149.1s
Epoch  105/200 | Loss: 0.2095 | LR: 0.000474 | 153.2s
Epoch  106/200 | Loss: 0.2088 | LR: 0.000466 | 149.1s
Epoch  107/200 | Loss: 0.2084 | LR: 0.000458 | 152.9s
Epoch  108/200 | Loss: 0.2081 | LR: 0.000451 | 150.7s
Epoch  109/200 | Loss: 0.2077 | LR: 0.000443 | 148.7s
Epoch  110/200 | Loss: 0.2071 | LR: 0.000435 | 156.9s
Epoch  111/200 | Loss: 0.2067 | LR: 0.000428 | 148.7s
Epoch  112/200 | Loss: 0.2064 | LR: 0.000420 | 157.7s
Epoch  113/200 | Loss: 0.2058 | LR: 0.000412 | 148.8s
Epoch  114/200 | Loss: 0.2054 | LR: 0.000405 | 154.2s
Epoch  115/200 | Loss: 0.2051 | LR: 0.000397 | 227.3s
Epoch  116/200 | Loss: 0.2047 | LR: 0.000389 | 248.1s
Epoch  117/200 | Loss: 0.2044 | LR: 0.000382 | 148.8s
Epoch  118/200 | Loss: 0.2038 | LR: 0.000374 | 151.3s
Epoch  119/200 | Loss: 0.2034 | LR: 0.000367 | 151.6s
Epoch  120/200 | Loss: 0.2030 | LR: 0.000359 | 148.3s
Epoch  121/200 | Loss: 0.2027 | LR: 0.000352 | 154.8s
Epoch  122/200 | Loss: 0.2023 | LR: 0.000345 | 148.7s
Epoch  123/200 | Loss: 0.2016 | LR: 0.000337 | 154.4s
Epoch  124/200 | Loss: 0.2014 | LR: 0.000330 | 149.3s
Epoch  125/200 | Loss: 0.2009 | LR: 0.000323 | 149.2s
Epoch  126/200 | Loss: 0.2005 | LR: 0.000316 | 153.5s
Epoch  127/200 | Loss: 0.2001 | LR: 0.000308 | 149.1s
Epoch  128/200 | Loss: 0.1998 | LR: 0.000301 | 154.2s
Epoch  129/200 | Loss: 0.1994 | LR: 0.000294 | 149.0s
Epoch  130/200 | Loss: 0.1989 | LR: 0.000287 | 152.7s
Epoch  131/200 | Loss: 0.1985 | LR: 0.000280 | 150.5s
Epoch  132/200 | Loss: 0.1982 | LR: 0.000273 | 148.5s
Epoch  133/200 | Loss: 0.1976 | LR: 0.000267 | 155.0s
Epoch  134/200 | Loss: 0.1973 | LR: 0.000260 | 148.7s
Epoch  135/200 | Loss: 0.1968 | LR: 0.000253 | 155.1s
Epoch  136/200 | Loss: 0.1964 | LR: 0.000246 | 148.8s
Epoch  137/200 | Loss: 0.1961 | LR: 0.000240 | 154.6s
Epoch  138/200 | Loss: 0.1957 | LR: 0.000233 | 151.4s
Epoch  139/200 | Loss: 0.1953 | LR: 0.000227 | 149.1s
Epoch  140/200 | Loss: 0.1948 | LR: 0.000220 | 153.3s
Epoch  141/200 | Loss: 0.1945 | LR: 0.000214 | 149.2s
Epoch  142/200 | Loss: 0.1941 | LR: 0.000208 | 154.6s
Epoch  143/200 | Loss: 0.1937 | LR: 0.000202 | 149.2s
Epoch  144/200 | Loss: 0.1933 | LR: 0.000196 | 150.0s
Epoch  145/200 | Loss: 0.1930 | LR: 0.000189 | 152.9s
Epoch  146/200 | Loss: 0.1926 | LR: 0.000184 | 148.6s
Epoch  147/200 | Loss: 0.1923 | LR: 0.000178 | 154.9s
Epoch  148/200 | Loss: 0.1918 | LR: 0.000172 | 148.5s
Epoch  149/200 | Loss: 0.1916 | LR: 0.000166 | 150.6s
Epoch  150/200 | Loss: 0.1912 | LR: 0.000161 | 151.8s

--- Samples @ epoch 150 ---
Q: What is 5+3?
A: 8

Q:
Q: What's 7*8?
A: 56

Q:
Q: What is your name?
A: core

Q:
Q: Who made you?
A: Josh made me

Q:
---

Epoch  151/200 | Loss: 0.1908 | LR: 0.000155 | 149.2s
Epoch  152/200 | Loss: 0.1904 | LR: 0.000150 | 154.0s
Epoch  153/200 | Loss: 0.1900 | LR: 0.000144 | 149.2s
Epoch  154/200 | Loss: 0.1897 | LR: 0.000139 | 153.3s
Epoch  155/200 | Loss: 0.1894 | LR: 0.000134 | 149.1s
Epoch  156/200 | Loss: 0.1891 | LR: 0.000129 | 150.2s
Epoch  157/200 | Loss: 0.1888 | LR: 0.000124 | 153.1s
Epoch  158/200 | Loss: 0.1884 | LR: 0.000119 | 148.5s
Epoch  159/200 | Loss: 0.1880 | LR: 0.000114 | 153.6s
Epoch  160/200 | Loss: 0.1876 | LR: 0.000109 | 148.6s
Epoch  161/200 | Loss: 0.1874 | LR: 0.000105 | 155.1s
Epoch  162/200 | Loss: 0.1871 | LR: 0.000100 | 149.1s
Epoch  163/200 | Loss: 0.1868 | LR: 0.000096 | 150.6s
Epoch  164/200 | Loss: 0.1866 | LR: 0.000091 | 152.1s
Epoch  165/200 | Loss: 0.1863 | LR: 0.000087 | 149.2s
Epoch  166/200 | Loss: 0.1860 | LR: 0.000083 | 154.8s
Epoch  167/200 | Loss: 0.1857 | LR: 0.000079 | 148.9s
Epoch  168/200 | Loss: 0.1854 | LR: 0.000075 | 154.2s
Epoch  169/200 | Loss: 0.1850 | LR: 0.000071 | 149.0s
Epoch  170/200 | Loss: 0.1849 | LR: 0.000068 | 150.6s
Epoch  171/200 | Loss: 0.1847 | LR: 0.000064 | 153.2s
Epoch  172/200 | Loss: 0.1843 | LR: 0.000060 | 149.3s
Epoch  173/200 | Loss: 0.1841 | LR: 0.000057 | 153.7s
Epoch  174/200 | Loss: 0.1839 | LR: 0.000054 | 149.2s
Epoch  175/200 | Loss: 0.1838 | LR: 0.000051 | 154.7s
Epoch  176/200 | Loss: 0.1836 | LR: 0.000048 | 149.3s
Epoch  177/200 | Loss: 0.1833 | LR: 0.000045 | 150.1s
Epoch  178/200 | Loss: 0.1832 | LR: 0.000042 | 152.6s
Epoch  179/200 | Loss: 0.1830 | LR: 0.000039 | 148.6s
Epoch  180/200 | Loss: 0.1826 | LR: 0.000037 | 154.7s
Epoch  181/200 | Loss: 0.1824 | LR: 0.000034 | 148.7s
Epoch  182/200 | Loss: 0.1822 | LR: 0.000032 | 154.0s
Epoch  183/200 | Loss: 0.1822 | LR: 0.000030 | 151.0s
Epoch  184/200 | Loss: 0.1820 | LR: 0.000028 | 154.8s
Epoch  185/200 | Loss: 0.1818 | LR: 0.000026 | 151.3s
Epoch  186/200 | Loss: 0.1818 | LR: 0.000024 | 149.1s
Epoch  187/200 | Loss: 0.1815 | LR: 0.000022 | 155.0s
Epoch  188/200 | Loss: 0.1815 | LR: 0.000020 | 149.0s
Epoch  189/200 | Loss: 0.1813 | LR: 0.000019 | 154.2s
Epoch  190/200 | Loss: 0.1812 | LR: 0.000017 | 148.9s
Epoch  191/200 | Loss: 0.1812 | LR: 0.000016 | 148.8s
Epoch  192/200 | Loss: 0.1812 | LR: 0.000015 | 153.2s
Epoch  193/200 | Loss: 0.1810 | LR: 0.000014 | 150.2s
Epoch  194/200 | Loss: 0.1810 | LR: 0.000013 | 154.7s
Epoch  195/200 | Loss: 0.1809 | LR: 0.000012 | 149.0s
Epoch  196/200 | Loss: 0.1808 | LR: 0.000012 | 153.7s
Epoch  197/200 | Loss: 0.1806 | LR: 0.000011 | 170.4s
Epoch  198/200 | Loss: 0.1807 | LR: 0.000011 | 197.5s
Epoch  199/200 | Loss: 0.1806 | LR: 0.000010 | 154.2s
Epoch  200/200 | Loss: 0.1806 | LR: 0.000010 | 155.5s

--- Samples @ epoch 200 ---
Q: What is 5+3?
A: 8

Q:
Q: What's 7*8?
A: 56

Q:
Q: What is your name?
A: core

Q:
Q: Who made you?
A: Josh made me

Q:
---


============================================================
FINAL TESTS
============================================================
Q: What is 5+3?
A: 8

Q:
Q: What's 7*8?
A: 56

Q:
Q: What is your name?
A: core

Q:
Q: Who made you?
A: Josh made me

Q:
Q: print hello world in jot
A: print "Hello, World!";

Q:
Q: write a function in jot
A: fn add(a, b) {
    return a + b;
}













































Q: What time is it?
A: I don't have real-time access, but I was t t t trilemas trilemas tras tras tras
Q: Tell me a story
A: 15

Q:

Done: 2026-02-22 09:52:57.838349 | 517.7 min | Best loss: 0.1806
