Training nuLLM NANO on tiny...
Device: cpu
Text length: 182 chars
Vocab size: 26
Model params: 20,864 (0.02M)

Training...
Epoch 1/100 | Batch 0 | Loss: 3.4897
Epoch 1/100 | Batch 10 | Loss: 3.1697
Epoch 1/100 | Batch 20 | Loss: 3.0289
Epoch 1/100 | Batch 30 | Loss: 2.8328
Epoch 1 | Avg Loss: 3.0337
Epoch 2/100 | Batch 0 | Loss: 2.7184
Epoch 2/100 | Batch 10 | Loss: 2.7165
Epoch 2/100 | Batch 20 | Loss: 2.5992
Epoch 2/100 | Batch 30 | Loss: 2.4671
Epoch 2 | Avg Loss: 2.6376
Epoch 3/100 | Batch 0 | Loss: 2.5409
Epoch 3/100 | Batch 10 | Loss: 2.5084
Epoch 3/100 | Batch 20 | Loss: 2.4437
Epoch 3/100 | Batch 30 | Loss: 2.5147
Epoch 3 | Avg Loss: 2.4422
Epoch 4/100 | Batch 0 | Loss: 2.4159
Epoch 4/100 | Batch 10 | Loss: 2.2088
Epoch 4/100 | Batch 20 | Loss: 2.2347
Epoch 4/100 | Batch 30 | Loss: 2.3082
Epoch 4 | Avg Loss: 2.2826
Epoch 5/100 | Batch 0 | Loss: 2.1018
Epoch 5/100 | Batch 10 | Loss: 2.0957
Epoch 5/100 | Batch 20 | Loss: 2.2086
Epoch 5/100 | Batch 30 | Loss: 2.1238
Epoch 5 | Avg Loss: 2.1398
Epoch 6/100 | Batch 0 | Loss: 2.0519
Epoch 6/100 | Batch 10 | Loss: 2.0091
Epoch 6/100 | Batch 20 | Loss: 2.0717
Epoch 6/100 | Batch 30 | Loss: 1.9471
Epoch 6 | Avg Loss: 2.0304
Epoch 7/100 | Batch 0 | Loss: 2.0444
Epoch 7/100 | Batch 10 | Loss: 1.8890
Epoch 7/100 | Batch 20 | Loss: 1.8895
Epoch 7/100 | Batch 30 | Loss: 1.8073
Epoch 7 | Avg Loss: 1.9392
Epoch 8/100 | Batch 0 | Loss: 1.8120
Epoch 8/100 | Batch 10 | Loss: 1.8424
Epoch 8/100 | Batch 20 | Loss: 1.8398
Epoch 8/100 | Batch 30 | Loss: 1.8835
Epoch 8 | Avg Loss: 1.8589
Epoch 9/100 | Batch 0 | Loss: 1.8730
Epoch 9/100 | Batch 10 | Loss: 1.8111
Epoch 9/100 | Batch 20 | Loss: 1.7426
Epoch 9/100 | Batch 30 | Loss: 1.7287
Epoch 9 | Avg Loss: 1.7837
Epoch 10/100 | Batch 0 | Loss: 1.7444
Epoch 10/100 | Batch 10 | Loss: 1.5711
Epoch 10/100 | Batch 20 | Loss: 1.8452
Epoch 10/100 | Batch 30 | Loss: 1.7474
Epoch 10 | Avg Loss: 1.7331
Epoch 11/100 | Batch 0 | Loss: 1.5403
Epoch 11/100 | Batch 10 | Loss: 1.6408
Epoch 11/100 | Batch 20 | Loss: 1.7064
Epoch 11/100 | Batch 30 | Loss: 1.5731
Epoch 11 | Avg Loss: 1.6548
Epoch 12/100 | Batch 0 | Loss: 1.4884
Epoch 12/100 | Batch 10 | Loss: 1.6793
Epoch 12/100 | Batch 20 | Loss: 1.6008
Epoch 12/100 | Batch 30 | Loss: 1.6889
Epoch 12 | Avg Loss: 1.6066
Epoch 13/100 | Batch 0 | Loss: 1.5754
Epoch 13/100 | Batch 10 | Loss: 1.5864
Epoch 13/100 | Batch 20 | Loss: 1.7155
Epoch 13/100 | Batch 30 | Loss: 1.6334
Epoch 13 | Avg Loss: 1.5545
Epoch 14/100 | Batch 0 | Loss: 1.4817
Epoch 14/100 | Batch 10 | Loss: 1.4673
Epoch 14/100 | Batch 20 | Loss: 1.5108
Epoch 14/100 | Batch 30 | Loss: 1.6698
Epoch 14 | Avg Loss: 1.5111
Epoch 15/100 | Batch 0 | Loss: 1.5020
Epoch 15/100 | Batch 10 | Loss: 1.3139
Epoch 15/100 | Batch 20 | Loss: 1.3266
Epoch 15/100 | Batch 30 | Loss: 1.4724
Epoch 15 | Avg Loss: 1.4615
Epoch 16/100 | Batch 0 | Loss: 1.3845
Epoch 16/100 | Batch 10 | Loss: 1.3475
Epoch 16/100 | Batch 20 | Loss: 1.6090
Epoch 16/100 | Batch 30 | Loss: 1.4841
Epoch 16 | Avg Loss: 1.4283
Epoch 17/100 | Batch 0 | Loss: 1.4971
Epoch 17/100 | Batch 10 | Loss: 1.5114
Epoch 17/100 | Batch 20 | Loss: 1.5252
Epoch 17/100 | Batch 30 | Loss: 1.2976
Epoch 17 | Avg Loss: 1.3989
Epoch 18/100 | Batch 0 | Loss: 1.4205
Epoch 18/100 | Batch 10 | Loss: 1.4862
Epoch 18/100 | Batch 20 | Loss: 1.2649
Epoch 18/100 | Batch 30 | Loss: 1.4261
Epoch 18 | Avg Loss: 1.3685
Epoch 19/100 | Batch 0 | Loss: 1.1813
Epoch 19/100 | Batch 10 | Loss: 1.2848
Epoch 19/100 | Batch 20 | Loss: 1.3863
Epoch 19/100 | Batch 30 | Loss: 1.4557
Epoch 19 | Avg Loss: 1.3438
Epoch 20/100 | Batch 0 | Loss: 1.2779
Epoch 20/100 | Batch 10 | Loss: 1.3890
Epoch 20/100 | Batch 20 | Loss: 1.2782
Epoch 20/100 | Batch 30 | Loss: 1.2592
Epoch 20 | Avg Loss: 1.3180
Epoch 21/100 | Batch 0 | Loss: 1.3054
Epoch 21/100 | Batch 10 | Loss: 1.2262
Epoch 21/100 | Batch 20 | Loss: 1.2163
Epoch 21/100 | Batch 30 | Loss: 1.2573
Epoch 21 | Avg Loss: 1.2808
Epoch 22/100 | Batch 0 | Loss: 1.3760
Epoch 22/100 | Batch 10 | Loss: 1.0665
Epoch 22/100 | Batch 20 | Loss: 1.0773
Epoch 22/100 | Batch 30 | Loss: 1.1322
Epoch 22 | Avg Loss: 1.2623
Epoch 23/100 | Batch 0 | Loss: 1.0611
Epoch 23/100 | Batch 10 | Loss: 1.1724
Epoch 23/100 | Batch 20 | Loss: 1.2619
Epoch 23/100 | Batch 30 | Loss: 1.2310
Epoch 23 | Avg Loss: 1.2462
Epoch 24/100 | Batch 0 | Loss: 1.1670
Epoch 24/100 | Batch 10 | Loss: 1.1569
Epoch 24/100 | Batch 20 | Loss: 1.2424
Epoch 24/100 | Batch 30 | Loss: 1.2273
Epoch 24 | Avg Loss: 1.2214
Epoch 25/100 | Batch 0 | Loss: 1.2368
Epoch 25/100 | Batch 10 | Loss: 1.3236
Epoch 25/100 | Batch 20 | Loss: 1.1507
Epoch 25/100 | Batch 30 | Loss: 1.1507
Epoch 25 | Avg Loss: 1.2175
Epoch 26/100 | Batch 0 | Loss: 1.1167
Epoch 26/100 | Batch 10 | Loss: 1.2336
Epoch 26/100 | Batch 20 | Loss: 1.1160
Epoch 26/100 | Batch 30 | Loss: 1.0900
Epoch 26 | Avg Loss: 1.1926
Epoch 27/100 | Batch 0 | Loss: 1.0610
Epoch 27/100 | Batch 10 | Loss: 1.3495
Epoch 27/100 | Batch 20 | Loss: 1.2845
Epoch 27/100 | Batch 30 | Loss: 1.1676
Epoch 27 | Avg Loss: 1.1838
Epoch 28/100 | Batch 0 | Loss: 1.0398
Epoch 28/100 | Batch 10 | Loss: 1.4816
Epoch 28/100 | Batch 20 | Loss: 1.1488
Epoch 28/100 | Batch 30 | Loss: 1.2870
Epoch 28 | Avg Loss: 1.1662
Epoch 29/100 | Batch 0 | Loss: 1.1847
Epoch 29/100 | Batch 10 | Loss: 1.3498
Epoch 29/100 | Batch 20 | Loss: 1.1617
Epoch 29/100 | Batch 30 | Loss: 1.1960
Epoch 29 | Avg Loss: 1.1521
Epoch 30/100 | Batch 0 | Loss: 1.2544
Epoch 30/100 | Batch 10 | Loss: 0.9901
Epoch 30/100 | Batch 20 | Loss: 1.0328
Epoch 30/100 | Batch 30 | Loss: 1.1983
Epoch 30 | Avg Loss: 1.1469
Epoch 31/100 | Batch 0 | Loss: 1.0685
Epoch 31/100 | Batch 10 | Loss: 1.0901
Epoch 31/100 | Batch 20 | Loss: 1.0533
Epoch 31/100 | Batch 30 | Loss: 1.3316
Epoch 31 | Avg Loss: 1.1176
Epoch 32/100 | Batch 0 | Loss: 1.0525
Epoch 32/100 | Batch 10 | Loss: 1.0951
Epoch 32/100 | Batch 20 | Loss: 1.0475
Epoch 32/100 | Batch 30 | Loss: 1.2092
Epoch 32 | Avg Loss: 1.1010
Epoch 33/100 | Batch 0 | Loss: 1.1963
Epoch 33/100 | Batch 10 | Loss: 1.1741
Epoch 33/100 | Batch 20 | Loss: 1.0625
Epoch 33/100 | Batch 30 | Loss: 1.0443
Epoch 33 | Avg Loss: 1.0818
Epoch 34/100 | Batch 0 | Loss: 1.1202
Epoch 34/100 | Batch 10 | Loss: 1.1316
Epoch 34/100 | Batch 20 | Loss: 1.0101
Epoch 34/100 | Batch 30 | Loss: 1.0435
Epoch 34 | Avg Loss: 1.0725
Epoch 35/100 | Batch 0 | Loss: 1.2097
Epoch 35/100 | Batch 10 | Loss: 0.9185
Epoch 35/100 | Batch 20 | Loss: 0.9987
Epoch 35/100 | Batch 30 | Loss: 1.0648
Epoch 35 | Avg Loss: 1.0634
Epoch 36/100 | Batch 0 | Loss: 0.9213
Epoch 36/100 | Batch 10 | Loss: 0.9376
Epoch 36/100 | Batch 20 | Loss: 0.9615
Epoch 36/100 | Batch 30 | Loss: 1.0850
Epoch 36 | Avg Loss: 1.0449
Epoch 37/100 | Batch 0 | Loss: 1.1344
Epoch 37/100 | Batch 10 | Loss: 0.9818
Epoch 37/100 | Batch 20 | Loss: 1.1202
Epoch 37/100 | Batch 30 | Loss: 1.0620
Epoch 37 | Avg Loss: 1.0273
Epoch 38/100 | Batch 0 | Loss: 0.9739
Epoch 38/100 | Batch 10 | Loss: 1.0838
Epoch 38/100 | Batch 20 | Loss: 0.8328
Epoch 38/100 | Batch 30 | Loss: 1.3113
Epoch 38 | Avg Loss: 1.0081
Epoch 39/100 | Batch 0 | Loss: 1.1393
Epoch 39/100 | Batch 10 | Loss: 0.8884
Epoch 39/100 | Batch 20 | Loss: 1.0466
Epoch 39/100 | Batch 30 | Loss: 1.2276
Epoch 39 | Avg Loss: 1.0030
Epoch 40/100 | Batch 0 | Loss: 1.0500
Epoch 40/100 | Batch 10 | Loss: 0.9568
Epoch 40/100 | Batch 20 | Loss: 0.9602
Epoch 40/100 | Batch 30 | Loss: 0.9681
Epoch 40 | Avg Loss: 0.9933
Epoch 41/100 | Batch 0 | Loss: 0.9466
Epoch 41/100 | Batch 10 | Loss: 1.0917
Epoch 41/100 | Batch 20 | Loss: 0.9987
Epoch 41/100 | Batch 30 | Loss: 1.1153
Epoch 41 | Avg Loss: 0.9761
Epoch 42/100 | Batch 0 | Loss: 0.9443
Epoch 42/100 | Batch 10 | Loss: 0.9783
Epoch 42/100 | Batch 20 | Loss: 0.9318
Epoch 42/100 | Batch 30 | Loss: 0.9335
Epoch 42 | Avg Loss: 0.9675
Epoch 43/100 | Batch 0 | Loss: 0.8554
Epoch 43/100 | Batch 10 | Loss: 1.0335
Epoch 43/100 | Batch 20 | Loss: 0.8873
Epoch 43/100 | Batch 30 | Loss: 0.9740
Epoch 43 | Avg Loss: 0.9402
Epoch 44/100 | Batch 0 | Loss: 1.0478
Epoch 44/100 | Batch 10 | Loss: 0.8152
Epoch 44/100 | Batch 20 | Loss: 0.9044
Epoch 44/100 | Batch 30 | Loss: 0.9290
Epoch 44 | Avg Loss: 0.9289
Epoch 45/100 | Batch 0 | Loss: 0.9572
Epoch 45/100 | Batch 10 | Loss: 1.0106
Epoch 45/100 | Batch 20 | Loss: 0.9553
Epoch 45/100 | Batch 30 | Loss: 0.8001
Epoch 45 | Avg Loss: 0.9013
Epoch 46/100 | Batch 0 | Loss: 0.8344
Epoch 46/100 | Batch 10 | Loss: 0.9740
Epoch 46/100 | Batch 20 | Loss: 0.9304
Epoch 46/100 | Batch 30 | Loss: 1.0101
Epoch 46 | Avg Loss: 0.9044
Epoch 47/100 | Batch 0 | Loss: 0.8171
Epoch 47/100 | Batch 10 | Loss: 0.8955
Epoch 47/100 | Batch 20 | Loss: 0.8862
Epoch 47/100 | Batch 30 | Loss: 0.8018
Epoch 47 | Avg Loss: 0.8688
Epoch 48/100 | Batch 0 | Loss: 0.8686
Epoch 48/100 | Batch 10 | Loss: 0.9605
Epoch 48/100 | Batch 20 | Loss: 0.8705
Epoch 48/100 | Batch 30 | Loss: 0.8374
Epoch 48 | Avg Loss: 0.8580
Epoch 49/100 | Batch 0 | Loss: 0.8362
Epoch 49/100 | Batch 10 | Loss: 0.7677
Epoch 49/100 | Batch 20 | Loss: 0.7864
Epoch 49/100 | Batch 30 | Loss: 0.9284
Epoch 49 | Avg Loss: 0.8475
Epoch 50/100 | Batch 0 | Loss: 0.9484
Epoch 50/100 | Batch 10 | Loss: 0.7479
Epoch 50/100 | Batch 20 | Loss: 0.8867
Epoch 50/100 | Batch 30 | Loss: 0.8101
Epoch 50 | Avg Loss: 0.8252
Epoch 51/100 | Batch 0 | Loss: 1.0004
Epoch 51/100 | Batch 10 | Loss: 0.7712
Epoch 51/100 | Batch 20 | Loss: 0.7630
Epoch 51/100 | Batch 30 | Loss: 0.9319
Epoch 51 | Avg Loss: 0.8118
Epoch 52/100 | Batch 0 | Loss: 0.7028
Epoch 52/100 | Batch 10 | Loss: 0.7653
Epoch 52/100 | Batch 20 | Loss: 0.7445
Epoch 52/100 | Batch 30 | Loss: 0.7537
Epoch 52 | Avg Loss: 0.7948
Epoch 53/100 | Batch 0 | Loss: 0.6945
Epoch 53/100 | Batch 10 | Loss: 0.7449
Epoch 53/100 | Batch 20 | Loss: 0.7466
Epoch 53/100 | Batch 30 | Loss: 0.7222
Epoch 53 | Avg Loss: 0.7731
Epoch 54/100 | Batch 0 | Loss: 0.8385
Epoch 54/100 | Batch 10 | Loss: 0.7442
Epoch 54/100 | Batch 20 | Loss: 0.7957
Epoch 54/100 | Batch 30 | Loss: 0.8000
Epoch 54 | Avg Loss: 0.7561
Epoch 55/100 | Batch 0 | Loss: 0.7684
Epoch 55/100 | Batch 10 | Loss: 0.8164
Epoch 55/100 | Batch 20 | Loss: 0.7133
Epoch 55/100 | Batch 30 | Loss: 0.7504
Epoch 55 | Avg Loss: 0.7479
Epoch 56/100 | Batch 0 | Loss: 0.7087
Epoch 56/100 | Batch 10 | Loss: 0.6306
Epoch 56/100 | Batch 20 | Loss: 0.7793
Epoch 56/100 | Batch 30 | Loss: 0.6945
Epoch 56 | Avg Loss: 0.7335
Epoch 57/100 | Batch 0 | Loss: 0.6683
Epoch 57/100 | Batch 10 | Loss: 0.7616
Epoch 57/100 | Batch 20 | Loss: 0.6750
Epoch 57/100 | Batch 30 | Loss: 0.7291
Epoch 57 | Avg Loss: 0.7226
Epoch 58/100 | Batch 0 | Loss: 0.6580
Epoch 58/100 | Batch 10 | Loss: 0.6985
Epoch 58/100 | Batch 20 | Loss: 0.7435
Epoch 58/100 | Batch 30 | Loss: 0.8569
Epoch 58 | Avg Loss: 0.6887
Epoch 59/100 | Batch 0 | Loss: 0.6924
Epoch 59/100 | Batch 10 | Loss: 0.7512
Epoch 59/100 | Batch 20 | Loss: 0.6178
Epoch 59/100 | Batch 30 | Loss: 0.6578
Epoch 59 | Avg Loss: 0.6956
Epoch 60/100 | Batch 0 | Loss: 0.6411
Epoch 60/100 | Batch 10 | Loss: 0.7149
Epoch 60/100 | Batch 20 | Loss: 0.7937
Epoch 60/100 | Batch 30 | Loss: 0.6711
Epoch 60 | Avg Loss: 0.6831
Epoch 61/100 | Batch 0 | Loss: 0.6006
Epoch 61/100 | Batch 10 | Loss: 0.6609
Epoch 61/100 | Batch 20 | Loss: 0.7422
Epoch 61/100 | Batch 30 | Loss: 0.6650
Epoch 61 | Avg Loss: 0.6434
Epoch 62/100 | Batch 0 | Loss: 0.6049
Epoch 62/100 | Batch 10 | Loss: 0.5911
Epoch 62/100 | Batch 20 | Loss: 0.6247
Epoch 62/100 | Batch 30 | Loss: 0.6442
Epoch 62 | Avg Loss: 0.6246
Epoch 63/100 | Batch 0 | Loss: 0.5827
Epoch 63/100 | Batch 10 | Loss: 0.6289
Epoch 63/100 | Batch 20 | Loss: 0.7237
Epoch 63/100 | Batch 30 | Loss: 0.5291
Epoch 63 | Avg Loss: 0.6162
Epoch 64/100 | Batch 0 | Loss: 0.5520
Epoch 64/100 | Batch 10 | Loss: 0.4859
Epoch 64/100 | Batch 20 | Loss: 0.5474
Epoch 64/100 | Batch 30 | Loss: 0.5735
Epoch 64 | Avg Loss: 0.5962
Epoch 65/100 | Batch 0 | Loss: 0.5359
Epoch 65/100 | Batch 10 | Loss: 0.6342
Epoch 65/100 | Batch 20 | Loss: 0.5481
Epoch 65/100 | Batch 30 | Loss: 0.5454
Epoch 65 | Avg Loss: 0.5809
Epoch 66/100 | Batch 0 | Loss: 0.6100
Epoch 66/100 | Batch 10 | Loss: 0.5299
Epoch 66/100 | Batch 20 | Loss: 0.7211
Epoch 66/100 | Batch 30 | Loss: 0.5957
Epoch 66 | Avg Loss: 0.5561
Epoch 67/100 | Batch 0 | Loss: 0.5446
Epoch 67/100 | Batch 10 | Loss: 0.5252
Epoch 67/100 | Batch 20 | Loss: 0.5556
Epoch 67/100 | Batch 30 | Loss: 0.5201
Epoch 67 | Avg Loss: 0.5324
Epoch 68/100 | Batch 0 | Loss: 0.5515
Epoch 68/100 | Batch 10 | Loss: 0.4530
Epoch 68/100 | Batch 20 | Loss: 0.5881
Epoch 68/100 | Batch 30 | Loss: 0.6232
Epoch 68 | Avg Loss: 0.5380
Epoch 69/100 | Batch 0 | Loss: 0.5435
Epoch 69/100 | Batch 10 | Loss: 0.5428
Epoch 69/100 | Batch 20 | Loss: 0.5251
Epoch 69/100 | Batch 30 | Loss: 0.4178
Epoch 69 | Avg Loss: 0.4983
Epoch 70/100 | Batch 0 | Loss: 0.5158
Epoch 70/100 | Batch 10 | Loss: 0.4625
Epoch 70/100 | Batch 20 | Loss: 0.4636
Epoch 70/100 | Batch 30 | Loss: 0.5422
Epoch 70 | Avg Loss: 0.4834
Epoch 71/100 | Batch 0 | Loss: 0.4797
Epoch 71/100 | Batch 10 | Loss: 0.4827
Epoch 71/100 | Batch 20 | Loss: 0.4972
Epoch 71/100 | Batch 30 | Loss: 0.4024
Epoch 71 | Avg Loss: 0.4706
Epoch 72/100 | Batch 0 | Loss: 0.4833
Epoch 72/100 | Batch 10 | Loss: 0.4283
Epoch 72/100 | Batch 20 | Loss: 0.3607
Epoch 72/100 | Batch 30 | Loss: 0.3588
Epoch 72 | Avg Loss: 0.4437
Epoch 73/100 | Batch 0 | Loss: 0.3332
Epoch 73/100 | Batch 10 | Loss: 0.4391
Epoch 73/100 | Batch 20 | Loss: 0.4714
Epoch 73/100 | Batch 30 | Loss: 0.3395
Epoch 73 | Avg Loss: 0.4130
Epoch 74/100 | Batch 0 | Loss: 0.3940
Epoch 74/100 | Batch 10 | Loss: 0.3886
Epoch 74/100 | Batch 20 | Loss: 0.4174
Epoch 74/100 | Batch 30 | Loss: 0.3758
Epoch 74 | Avg Loss: 0.4058
Epoch 75/100 | Batch 0 | Loss: 0.3901
Epoch 75/100 | Batch 10 | Loss: 0.4753
Epoch 75/100 | Batch 20 | Loss: 0.3288
Epoch 75/100 | Batch 30 | Loss: 0.5036
Epoch 75 | Avg Loss: 0.4065
Epoch 76/100 | Batch 0 | Loss: 0.3989
Epoch 76/100 | Batch 10 | Loss: 0.4099
Epoch 76/100 | Batch 20 | Loss: 0.2826
Epoch 76/100 | Batch 30 | Loss: 0.3136
Epoch 76 | Avg Loss: 0.3803
Epoch 77/100 | Batch 0 | Loss: 0.4340
Epoch 77/100 | Batch 10 | Loss: 0.3467
Epoch 77/100 | Batch 20 | Loss: 0.4123
Epoch 77/100 | Batch 30 | Loss: 0.2794
Epoch 77 | Avg Loss: 0.3613
Epoch 78/100 | Batch 0 | Loss: 0.2819
Epoch 78/100 | Batch 10 | Loss: 0.4710
Epoch 78/100 | Batch 20 | Loss: 0.3418
Epoch 78/100 | Batch 30 | Loss: 0.3425
Epoch 78 | Avg Loss: 0.3457
Epoch 79/100 | Batch 0 | Loss: 0.3088
Epoch 79/100 | Batch 10 | Loss: 0.2662
Epoch 79/100 | Batch 20 | Loss: 0.2900
Epoch 79/100 | Batch 30 | Loss: 0.3164
Epoch 79 | Avg Loss: 0.3296
Epoch 80/100 | Batch 0 | Loss: 0.3303
Epoch 80/100 | Batch 10 | Loss: 0.2150
Epoch 80/100 | Batch 20 | Loss: 0.2587
Epoch 80/100 | Batch 30 | Loss: 0.2527
Epoch 80 | Avg Loss: 0.3119
Epoch 81/100 | Batch 0 | Loss: 0.1917
Epoch 81/100 | Batch 10 | Loss: 0.3316
Epoch 81/100 | Batch 20 | Loss: 0.2780
Epoch 81/100 | Batch 30 | Loss: 0.2115
Epoch 81 | Avg Loss: 0.2812
Epoch 82/100 | Batch 0 | Loss: 0.2262
Epoch 82/100 | Batch 10 | Loss: 0.2344
Epoch 82/100 | Batch 20 | Loss: 0.2924
Epoch 82/100 | Batch 30 | Loss: 0.1936
Epoch 82 | Avg Loss: 0.2802
Epoch 83/100 | Batch 0 | Loss: 0.4387
Epoch 83/100 | Batch 10 | Loss: 0.2461
Epoch 83/100 | Batch 20 | Loss: 0.3001
Epoch 83/100 | Batch 30 | Loss: 0.3377
Epoch 83 | Avg Loss: 0.2726
Epoch 84/100 | Batch 0 | Loss: 0.3010
Epoch 84/100 | Batch 10 | Loss: 0.1465
Epoch 84/100 | Batch 20 | Loss: 0.2487
Epoch 84/100 | Batch 30 | Loss: 0.2091
Epoch 84 | Avg Loss: 0.2441
Epoch 85/100 | Batch 0 | Loss: 0.2594
Epoch 85/100 | Batch 10 | Loss: 0.3044
Epoch 85/100 | Batch 20 | Loss: 0.2792
Epoch 85/100 | Batch 30 | Loss: 0.2474
Epoch 85 | Avg Loss: 0.2211
Epoch 86/100 | Batch 0 | Loss: 0.2357
Epoch 86/100 | Batch 10 | Loss: 0.2749
Epoch 86/100 | Batch 20 | Loss: 0.2348
Epoch 86/100 | Batch 30 | Loss: 0.2961
Epoch 86 | Avg Loss: 0.2186
Epoch 87/100 | Batch 0 | Loss: 0.1835
Epoch 87/100 | Batch 10 | Loss: 0.2511
Epoch 87/100 | Batch 20 | Loss: 0.1881
Epoch 87/100 | Batch 30 | Loss: 0.2835
Epoch 87 | Avg Loss: 0.2108
Epoch 88/100 | Batch 0 | Loss: 0.2656
Epoch 88/100 | Batch 10 | Loss: 0.1505
Epoch 88/100 | Batch 20 | Loss: 0.2176
Epoch 88/100 | Batch 30 | Loss: 0.1875
Epoch 88 | Avg Loss: 0.2194
Epoch 89/100 | Batch 0 | Loss: 0.2724
Epoch 89/100 | Batch 10 | Loss: 0.2532
Epoch 89/100 | Batch 20 | Loss: 0.2129
Epoch 89/100 | Batch 30 | Loss: 0.2303
Epoch 89 | Avg Loss: 0.2085
Epoch 90/100 | Batch 0 | Loss: 0.1504
Epoch 90/100 | Batch 10 | Loss: 0.1793
Epoch 90/100 | Batch 20 | Loss: 0.2193
Epoch 90/100 | Batch 30 | Loss: 0.2188
Epoch 90 | Avg Loss: 0.1777
Epoch 91/100 | Batch 0 | Loss: 0.1921
Epoch 91/100 | Batch 10 | Loss: 0.1825
Epoch 91/100 | Batch 20 | Loss: 0.2904
Epoch 91/100 | Batch 30 | Loss: 0.1930
Epoch 91 | Avg Loss: 0.1811
Epoch 92/100 | Batch 0 | Loss: 0.1846
Epoch 92/100 | Batch 10 | Loss: 0.1436
Epoch 92/100 | Batch 20 | Loss: 0.1562
Epoch 92/100 | Batch 30 | Loss: 0.1322
Epoch 92 | Avg Loss: 0.1624
Epoch 93/100 | Batch 0 | Loss: 0.1476
Epoch 93/100 | Batch 10 | Loss: 0.2357
Epoch 93/100 | Batch 20 | Loss: 0.1356
Epoch 93/100 | Batch 30 | Loss: 0.1190
Epoch 93 | Avg Loss: 0.1716
Epoch 94/100 | Batch 0 | Loss: 0.1598
Epoch 94/100 | Batch 10 | Loss: 0.1818
Epoch 94/100 | Batch 20 | Loss: 0.2332
Epoch 94/100 | Batch 30 | Loss: 0.1900
Epoch 94 | Avg Loss: 0.1499
Epoch 95/100 | Batch 0 | Loss: 0.2013
Epoch 95/100 | Batch 10 | Loss: 0.1402
Epoch 95/100 | Batch 20 | Loss: 0.1911
Epoch 95/100 | Batch 30 | Loss: 0.1537
Epoch 95 | Avg Loss: 0.1512
Epoch 96/100 | Batch 0 | Loss: 0.2270
Epoch 96/100 | Batch 10 | Loss: 0.1107
Epoch 96/100 | Batch 20 | Loss: 0.0715
Epoch 96/100 | Batch 30 | Loss: 0.2077
Epoch 96 | Avg Loss: 0.1482
Epoch 97/100 | Batch 0 | Loss: 0.1111
Epoch 97/100 | Batch 10 | Loss: 0.2401
Epoch 97/100 | Batch 20 | Loss: 0.1164
Epoch 97/100 | Batch 30 | Loss: 0.1142
Epoch 97 | Avg Loss: 0.1366
Epoch 98/100 | Batch 0 | Loss: 0.1624
Epoch 98/100 | Batch 10 | Loss: 0.1434
Epoch 98/100 | Batch 20 | Loss: 0.0698
Epoch 98/100 | Batch 30 | Loss: 0.1912
Epoch 98 | Avg Loss: 0.1306
Epoch 99/100 | Batch 0 | Loss: 0.1065
Epoch 99/100 | Batch 10 | Loss: 0.0544
Epoch 99/100 | Batch 20 | Loss: 0.1700
Epoch 99/100 | Batch 30 | Loss: 0.0745
Epoch 99 | Avg Loss: 0.1317
Epoch 100/100 | Batch 0 | Loss: 0.1676
Epoch 100/100 | Batch 10 | Loss: 0.1239
Epoch 100/100 | Batch 20 | Loss: 0.1114
Epoch 100/100 | Batch 30 | Loss: 0.0906
Epoch 100 | Avg Loss: 0.1277

============================================================
Generating text...
============================================================

Prompt: 'To be'
Output: To be,
outoutouaoutoutoututututututouartutustutututoust

Prompt: 'Whether'
Output: Whether   Whesthet Whethetististion.
 quetision.
  thesth

Prompt: 'The '
Output: The Th  mingsuf   and anggs and ag mind s anggnd agns 
